#
# There is insufficient memory for the Java Runtime Environment to continue.
# Native memory allocation (malloc) failed to allocate 654544 bytes for Chunk::new
# Possible reasons:
#   The system is out of physical RAM or swap space
#   In 32 bit mode, the process size limit was hit
# Possible solutions:
#   Reduce memory load on the system
#   Increase physical memory or swap space
#   Check if swap backing store is full
#   Use 64 bit Java on a 64 bit OS
#   Decrease Java heap size (-Xmx/-Xms)
#   Decrease number of Java threads
#   Decrease Java thread stack sizes (-Xss)
#   Set larger code cache with -XX:ReservedCodeCacheSize=
# This output file may be truncated or incomplete.
#
#  Out of Memory Error (allocation.cpp:390), pid=10260, tid=0x0000000000003654
#
# JRE version: Java(TM) SE Runtime Environment (8.0_112-b15) (build 1.8.0_112-b15)
# Java VM: Java HotSpot(TM) 64-Bit Server VM (25.112-b15 mixed mode windows-amd64 compressed oops)
# Failed to write core dump. Minidumps are not enabled by default on client versions of Windows
#

---------------  T H R E A D  ---------------

Current thread (0x000000001574d800):  JavaThread "C2 CompilerThread1" daemon [_thread_in_native, id=13908, stack(0x0000000017150000,0x0000000017250000)]

Stack: [0x0000000017150000,0x0000000017250000]
[error occurred during error reporting (printing stack bounds), id 0xc0000005]

Native frames: (J=compiled Java code, j=interpreted, Vv=VM code, C=native code)


Current CompileTask:
C2:2537979 14067   !   4       java.beans.PropertyDescriptor::<init> (347 bytes)


---------------  P R O C E S S  ---------------

Java Threads: ( => current thread )
  0x000000001957a800 JavaThread "Keep-Alive-Timer" daemon [_thread_blocked, id=8120, stack(0x0000000034630000,0x0000000034730000)]
  0x0000000019580000 JavaThread "localhost-startStop-1" daemon [_thread_in_native, id=8752, stack(0x0000000034530000,0x0000000034630000)]
  0x000000001957a000 JavaThread "Tomcat-startStop-1" daemon [_thread_blocked, id=6076, stack(0x0000000034430000,0x0000000034530000)]
  0x0000000019580800 JavaThread "NioBlockingSelector.BlockPoller-38" daemon [_thread_in_native, id=5088, stack(0x0000000034330000,0x0000000034430000)]
  0x000000001957d800 JavaThread "NioBlockingSelector.BlockPoller-37" daemon [_thread_in_native, id=1580, stack(0x0000000034230000,0x0000000034330000)]
  0x000000001957f000 JavaThread "Abandoned connection cleanup thread" daemon [_thread_blocked, id=2264, stack(0x0000000033630000,0x0000000033730000)]
  0x000000001957e800 JavaThread "C3P0PooledConnectionPoolManager[identityToken->1hge9fi9pt6ph5j18wxfyt|546dd25e]-HelperThread-#2" daemon [_thread_blocked, id=7824, stack(0x0000000033530000,0x0000000033630000)]
  0x000000001957d000 JavaThread "C3P0PooledConnectionPoolManager[identityToken->1hge9fi9pt6ph5j18wxfyt|546dd25e]-HelperThread-#1" daemon [_thread_blocked, id=4572, stack(0x0000000033430000,0x0000000033530000)]
  0x0000000019c7b000 JavaThread "C3P0PooledConnectionPoolManager[identityToken->1hge9fi9pt6ph5j18wxfyt|546dd25e]-HelperThread-#0" daemon [_thread_blocked, id=14444, stack(0x0000000033330000,0x0000000033430000)]
  0x0000000019c78800 JavaThread "C3P0PooledConnectionPoolManager[identityToken->1hge9fi9pt6ph5j18wxfyt|546dd25e]-AdminTaskTimer" daemon [_thread_blocked, id=9256, stack(0x0000000033230000,0x0000000033330000)]
  0x000000001891f000 JavaThread "Abandoned connection cleanup thread" daemon [_thread_blocked, id=1032, stack(0x0000000032430000,0x0000000032530000)]
  0x0000000019477800 JavaThread "Abandoned connection cleanup thread" daemon [_thread_blocked, id=10520, stack(0x0000000031730000,0x0000000031830000)]
  0x0000000018920800 JavaThread "Abandoned connection cleanup thread" daemon [_thread_blocked, id=7564, stack(0x0000000030830000,0x0000000030930000)]
  0x0000000019c77000 JavaThread "Abandoned connection cleanup thread" daemon [_thread_blocked, id=12180, stack(0x000000002f930000,0x000000002fa30000)]
  0x000000001947a800 JavaThread "Abandoned connection cleanup thread" daemon [_thread_blocked, id=13136, stack(0x000000002ea30000,0x000000002eb30000)]
  0x000000001891e000 JavaThread "Abandoned connection cleanup thread" daemon [_thread_blocked, id=3632, stack(0x000000002db30000,0x000000002dc30000)]
  0x0000000018a47800 JavaThread "Abandoned connection cleanup thread" daemon [_thread_blocked, id=1204, stack(0x000000002cc30000,0x000000002cd30000)]
  0x0000000018923800 JavaThread "Abandoned connection cleanup thread" daemon [_thread_blocked, id=3608, stack(0x000000002bd30000,0x000000002be30000)]
  0x0000000018a46000 JavaThread "Abandoned connection cleanup thread" daemon [_thread_blocked, id=12468, stack(0x000000002ae30000,0x000000002af30000)]
  0x0000000018a49800 JavaThread "Abandoned connection cleanup thread" daemon [_thread_blocked, id=7624, stack(0x0000000029f30000,0x000000002a030000)]
  0x0000000018a3e800 JavaThread "Abandoned connection cleanup thread" daemon [_thread_blocked, id=11000, stack(0x0000000028c30000,0x0000000028d30000)]
  0x0000000018a42000 JavaThread "C3P0PooledConnectionPoolManager[identityToken->1hge9fi9pt5vnpc1hjaxbv|3c0738ae]-HelperThread-#2" daemon [_thread_blocked, id=6868, stack(0x0000000028b30000,0x0000000028c30000)]
  0x0000000018a41800 JavaThread "C3P0PooledConnectionPoolManager[identityToken->1hge9fi9pt5vnpc1hjaxbv|3c0738ae]-HelperThread-#1" daemon [_thread_blocked, id=6652, stack(0x0000000028a30000,0x0000000028b30000)]
  0x0000000018a43000 JavaThread "C3P0PooledConnectionPoolManager[identityToken->1hge9fi9pt5vnpc1hjaxbv|3c0738ae]-HelperThread-#0" daemon [_thread_blocked, id=9440, stack(0x0000000028930000,0x0000000028a30000)]
  0x0000000018a40800 JavaThread "C3P0PooledConnectionPoolManager[identityToken->1hge9fi9pt5vnpc1hjaxbv|3c0738ae]-AdminTaskTimer" daemon [_thread_blocked, id=8676, stack(0x0000000028830000,0x0000000028930000)]
  0x000000001891d800 JavaThread "Abandoned connection cleanup thread" daemon [_thread_blocked, id=556, stack(0x0000000027130000,0x0000000027230000)]
  0x0000000019482800 JavaThread "Abandoned connection cleanup thread" daemon [_thread_blocked, id=8532, stack(0x0000000026230000,0x0000000026330000)]
  0x0000000019c74000 JavaThread "Abandoned connection cleanup thread" daemon [_thread_blocked, id=1692, stack(0x0000000025330000,0x0000000025430000)]
  0x000000001947b000 JavaThread "Abandoned connection cleanup thread" daemon [_thread_blocked, id=7592, stack(0x0000000024230000,0x0000000024330000)]
  0x0000000019479000 JavaThread "Abandoned connection cleanup thread" daemon [_thread_blocked, id=2160, stack(0x0000000023230000,0x0000000023330000)]
  0x0000000019476800 JavaThread "C3P0PooledConnectionPoolManager[identityToken->1hge9fi9pt5anko1st6fes|1b299667]-HelperThread-#2" daemon [_thread_blocked, id=6388, stack(0x0000000022030000,0x0000000022130000)]
  0x000000001947d800 JavaThread "C3P0PooledConnectionPoolManager[identityToken->1hge9fi9pt5anko1st6fes|1b299667]-HelperThread-#1" daemon [_thread_blocked, id=7652, stack(0x0000000021f30000,0x0000000022030000)]
  0x0000000019476000 JavaThread "C3P0PooledConnectionPoolManager[identityToken->1hge9fi9pt5anko1st6fes|1b299667]-HelperThread-#0" daemon [_thread_blocked, id=4084, stack(0x0000000021e30000,0x0000000021f30000)]
  0x000000001947c800 JavaThread "C3P0PooledConnectionPoolManager[identityToken->1hge9fi9pt5anko1st6fes|1b299667]-AdminTaskTimer" daemon [_thread_blocked, id=6372, stack(0x0000000021d30000,0x0000000021e30000)]
  0x0000000019c79800 JavaThread "Abandoned connection cleanup thread" daemon [_thread_blocked, id=13372, stack(0x000000001f9a0000,0x000000001faa0000)]
  0x000000001983b800 JavaThread "SeedGenerator Thread" daemon [_thread_blocked, id=7952, stack(0x000000001a3e0000,0x000000001a4e0000)]
  0x0000000016de5800 JavaThread "Service Thread" daemon [_thread_blocked, id=13936, stack(0x0000000017350000,0x0000000017450000)]
  0x000000001574e800 JavaThread "C1 CompilerThread2" daemon [_thread_blocked, id=13016, stack(0x0000000017250000,0x0000000017350000)]
=>0x000000001574d800 JavaThread "C2 CompilerThread1" daemon [_thread_in_native, id=13908, stack(0x0000000017150000,0x0000000017250000)]
  0x000000001574b000 JavaThread "C2 CompilerThread0" daemon [_thread_in_native, id=2068, stack(0x0000000016c50000,0x0000000016d50000)]
  0x0000000015749000 JavaThread "Attach Listener" daemon [_thread_blocked, id=4832, stack(0x0000000016b50000,0x0000000016c50000)]
  0x00000000156fe000 JavaThread "Signal Dispatcher" daemon [_thread_blocked, id=14280, stack(0x0000000016a50000,0x0000000016b50000)]
  0x0000000001ccc000 JavaThread "Finalizer" daemon [_thread_blocked, id=10468, stack(0x0000000016950000,0x0000000016a50000)]
  0x00000000156b9000 JavaThread "Reference Handler" daemon [_thread_blocked, id=8732, stack(0x0000000016850000,0x0000000016950000)]
  0x0000000001bd2800 JavaThread "main" [_thread_blocked, id=9184, stack(0x0000000001ad0000,0x0000000001bd0000)]

Other Threads:
  0x00000000156b8000 VMThread [stack: 0x0000000016750000,0x0000000016850000] [id=9920]
  0x0000000016e3d800 WatcherThread [stack: 0x0000000017450000,0x0000000017550000] [id=14940]

VM state:not at safepoint (normal execution)

VM Mutex/Monitor currently owned by a thread: None

Heap:
 PSYoungGen      total 257024K, used 87563K [0x00000000eb300000, 0x0000000100000000, 0x0000000100000000)
  eden space 171008K, 31% used [0x00000000eb300000,0x00000000ee7ef208,0x00000000f5a00000)
  from space 86016K, 38% used [0x00000000fac00000,0x00000000fcc93ce0,0x0000000100000000)
  to   space 83968K, 0% used [0x00000000f5a00000,0x00000000f5a00000,0x00000000fac00000)
 ParOldGen       total 145408K, used 108513K [0x00000000c1800000, 0x00000000ca600000, 0x00000000eb300000)
  object space 145408K, 74% used [0x00000000c1800000,0x00000000c81f8430,0x00000000ca600000)
 Metaspace       used 173889K, capacity 175918K, committed 176192K, reserved 1202176K
  class space    used 22771K, capacity 23340K, committed 23360K, reserved 1048576K

Card table byte_map: [0x0000000001cd0000,0x0000000001ed0000] byte_map_base: 0x00000000016c4000

Marking Bits: (ParMarkBitMap*) 0x0000000075eaa6d0
 Begin Bits: [0x0000000012c10000, 0x0000000013bb0000)
 End Bits:   [0x0000000013bb0000, 0x0000000014b50000)

Polling page: 0x0000000000e40000

CodeCache: size=245760Kb used=45506Kb max_used=45508Kb free=200253Kb
 bounds [0x0000000003400000, 0x00000000060c0000, 0x0000000012400000]
 total_blobs=12818 nmethods=12035 adapters=694
 compilation: enabled

Compilation events (10 events):
Event: 2536.729 Thread 0x000000001574e800 14146       3       org.springframework.beans.GenericTypeAwarePropertyDescriptor::<init> (313 bytes)
Event: 2536.734 Thread 0x000000001574e800 nmethod 14146 0x00000000042742d0 code [0x00000000042747a0, 0x00000000042777c8]
Event: 2536.734 Thread 0x000000001574e800 14148       3       org.springframework.core.convert.support.GenericConversionService$Converters::getMatchableConverters (41 bytes)
Event: 2536.735 Thread 0x000000001574e800 nmethod 14148 0x0000000004273490 code [0x0000000004273660, 0x0000000004273e58]
Event: 2536.735 Thread 0x000000001574e800 14147       3       org.apache.commons.logging.impl.Log4JLogger::isTraceEnabled (11 bytes)
Event: 2536.735 Thread 0x000000001574e800 nmethod 14147 0x0000000004272fd0 code [0x0000000004273140, 0x0000000004273398]
Event: 2536.739 Thread 0x000000001574e800 14149  s    3       java.util.Properties::enumerate (54 bytes)
Event: 2536.740 Thread 0x000000001574e800 nmethod 14149 0x0000000004272290 code [0x0000000004272460, 0x0000000004272cf8]
Event: 2536.902 Thread 0x000000001574e800 14150       3       java.net.SocketOutputStream::write (8 bytes)
Event: 2536.902 Thread 0x000000001574e800 nmethod 14150 0x0000000004271b10 code [0x0000000004271c80, 0x0000000004271e08]

GC Heap History (10 events):
Event: 2383.029 GC heap before
{Heap before GC invocations=45 (full 4):
 PSYoungGen      total 254464K, used 242122K [0x00000000eb300000, 0x0000000100000000, 0x0000000100000000)
  eden space 177152K, 100% used [0x00000000eb300000,0x00000000f6000000,0x00000000f6000000)
  from space 77312K, 84% used [0x00000000fb480000,0x00000000ff3f29f0,0x0000000100000000)
  to   space 81920K, 0% used [0x00000000f6000000,0x00000000f6000000,0x00000000fb000000)
 ParOldGen       total 145408K, used 62233K [0x00000000c1800000, 0x00000000ca600000, 0x00000000eb300000)
  object space 145408K, 42% used [0x00000000c1800000,0x00000000c54c6650,0x00000000ca600000)
 Metaspace       used 158986K, capacity 160906K, committed 161152K, reserved 1189888K
  class space    used 20803K, capacity 21335K, committed 21376K, reserved 1048576K
Event: 2383.073 GC heap after
Heap after GC invocations=45 (full 4):
 PSYoungGen      total 236032K, used 58719K [0x00000000eb300000, 0x0000000100000000, 0x0000000100000000)
  eden space 177152K, 0% used [0x00000000eb300000,0x00000000eb300000,0x00000000f6000000)
  from space 58880K, 99% used [0x00000000f6000000,0x00000000f9957e58,0x00000000f9980000)
  to   space 82944K, 0% used [0x00000000faf00000,0x00000000faf00000,0x0000000100000000)
 ParOldGen       total 145408K, used 62241K [0x00000000c1800000, 0x00000000ca600000, 0x00000000eb300000)
  object space 145408K, 42% used [0x00000000c1800000,0x00000000c54c8650,0x00000000ca600000)
 Metaspace       used 158986K, capacity 160906K, committed 161152K, reserved 1189888K
  class space    used 20803K, capacity 21335K, committed 21376K, reserved 1048576K
}
Event: 2384.547 GC heap before
{Heap before GC invocations=46 (full 4):
 PSYoungGen      total 236032K, used 217682K [0x00000000eb300000, 0x0000000100000000, 0x0000000100000000)
  eden space 177152K, 89% used [0x00000000eb300000,0x00000000f4e3cb00,0x00000000f6000000)
  from space 58880K, 99% used [0x00000000f6000000,0x00000000f9957e58,0x00000000f9980000)
  to   space 82944K, 0% used [0x00000000faf00000,0x00000000faf00000,0x0000000100000000)
 ParOldGen       total 145408K, used 62241K [0x00000000c1800000, 0x00000000ca600000, 0x00000000eb300000)
  object space 145408K, 42% used [0x00000000c1800000,0x00000000c54c8650,0x00000000ca600000)
 Metaspace       used 162239K, capacity 164152K, committed 164160K, reserved 1191936K
  class space    used 21258K, capacity 21820K, committed 21824K, reserved 1048576K
Event: 2384.591 GC heap after
Heap after GC invocations=46 (full 4):
 PSYoungGen      total 253952K, used 61814K [0x00000000eb300000, 0x0000000100000000, 0x0000000100000000)
  eden space 171008K, 0% used [0x00000000eb300000,0x00000000eb300000,0x00000000f5a00000)
  from space 82944K, 74% used [0x00000000faf00000,0x00000000feb5db78,0x0000000100000000)
  to   space 84992K, 0% used [0x00000000f5a00000,0x00000000f5a00000,0x00000000fad00000)
 ParOldGen       total 145408K, used 65031K [0x00000000c1800000, 0x00000000ca600000, 0x00000000eb300000)
  object space 145408K, 44% used [0x00000000c1800000,0x00000000c5781ec8,0x00000000ca600000)
 Metaspace       used 162239K, capacity 164152K, committed 164160K, reserved 1191936K
  class space    used 21258K, capacity 21820K, committed 21824K, reserved 1048576K
}
Event: 2384.591 GC heap before
{Heap before GC invocations=47 (full 5):
 PSYoungGen      total 253952K, used 61814K [0x00000000eb300000, 0x0000000100000000, 0x0000000100000000)
  eden space 171008K, 0% used [0x00000000eb300000,0x00000000eb300000,0x00000000f5a00000)
  from space 82944K, 74% used [0x00000000faf00000,0x00000000feb5db78,0x0000000100000000)
  to   space 84992K, 0% used [0x00000000f5a00000,0x00000000f5a00000,0x00000000fad00000)
 ParOldGen       total 145408K, used 65031K [0x00000000c1800000, 0x00000000ca600000, 0x00000000eb300000)
  object space 145408K, 44% used [0x00000000c1800000,0x00000000c5781ec8,0x00000000ca600000)
 Metaspace       used 162239K, capacity 164152K, committed 164160K, reserved 1191936K
  class space    used 21258K, capacity 21820K, committed 21824K, reserved 1048576K
Event: 2384.900 GC heap after
Heap after GC invocations=47 (full 5):
 PSYoungGen      total 253952K, used 0K [0x00000000eb300000, 0x0000000100000000, 0x0000000100000000)
  eden space 171008K, 0% used [0x00000000eb300000,0x00000000eb300000,0x00000000f5a00000)
  from space 82944K, 0% used [0x00000000faf00000,0x00000000faf00000,0x0000000100000000)
  to   space 84992K, 0% used [0x00000000f5a00000,0x00000000f5a00000,0x00000000fad00000)
 ParOldGen       total 145408K, used 108505K [0x00000000c1800000, 0x00000000ca600000, 0x00000000eb300000)
  object space 145408K, 74% used [0x00000000c1800000,0x00000000c81f6430,0x00000000ca600000)
 Metaspace       used 162224K, capacity 164128K, committed 164160K, reserved 1191936K
  class space    used 21255K, capacity 21816K, committed 21824K, reserved 1048576K
}
Event: 2534.078 GC heap before
{Heap before GC invocations=48 (full 5):
 PSYoungGen      total 253952K, used 171008K [0x00000000eb300000, 0x0000000100000000, 0x0000000100000000)
  eden space 171008K, 100% used [0x00000000eb300000,0x00000000f5a00000,0x00000000f5a00000)
  from space 82944K, 0% used [0x00000000faf00000,0x00000000faf00000,0x0000000100000000)
  to   space 84992K, 0% used [0x00000000f5a00000,0x00000000f5a00000,0x00000000fad00000)
 ParOldGen       total 145408K, used 108505K [0x00000000c1800000, 0x00000000ca600000, 0x00000000eb300000)
  object space 145408K, 74% used [0x00000000c1800000,0x00000000c81f6430,0x00000000ca600000)
 Metaspace       used 168658K, capacity 170658K, committed 170944K, reserved 1198080K
  class space    used 22040K, capacity 22594K, committed 22720K, reserved 1048576K
Event: 2534.093 GC heap after
Heap after GC invocations=48 (full 5):
 PSYoungGen      total 192512K, used 21232K [0x00000000eb300000, 0x0000000100000000, 0x0000000100000000)
  eden space 171008K, 0% used [0x00000000eb300000,0x00000000eb300000,0x00000000f5a00000)
  from space 21504K, 98% used [0x00000000f5a00000,0x00000000f6ebc150,0x00000000f6f00000)
  to   space 86016K, 0% used [0x00000000fac00000,0x00000000fac00000,0x0000000100000000)
 ParOldGen       total 145408K, used 108513K [0x00000000c1800000, 0x00000000ca600000, 0x00000000eb300000)
  object space 145408K, 74% used [0x00000000c1800000,0x00000000c81f8430,0x00000000ca600000)
 Metaspace       used 168658K, capacity 170658K, committed 170944K, reserved 1198080K
  class space    used 22040K, capacity 22594K, committed 22720K, reserved 1048576K
}
Event: 2535.557 GC heap before
{Heap before GC invocations=49 (full 5):
 PSYoungGen      total 192512K, used 192240K [0x00000000eb300000, 0x0000000100000000, 0x0000000100000000)
  eden space 171008K, 100% used [0x00000000eb300000,0x00000000f5a00000,0x00000000f5a00000)
  from space 21504K, 98% used [0x00000000f5a00000,0x00000000f6ebc150,0x00000000f6f00000)
  to   space 86016K, 0% used [0x00000000fac00000,0x00000000fac00000,0x0000000100000000)
 ParOldGen       total 145408K, used 108513K [0x00000000c1800000, 0x00000000ca600000, 0x00000000eb300000)
  object space 145408K, 74% used [0x00000000c1800000,0x00000000c81f8430,0x00000000ca600000)
 Metaspace       used 170086K, capacity 172122K, committed 172352K, reserved 1198080K
  class space    used 22247K, capacity 22825K, committed 22848K, reserved 1048576K
Event: 2535.594 GC heap after
Heap after GC invocations=49 (full 5):
 PSYoungGen      total 257024K, used 33359K [0x00000000eb300000, 0x0000000100000000, 0x0000000100000000)
  eden space 171008K, 0% used [0x00000000eb300000,0x00000000eb300000,0x00000000f5a00000)
  from space 86016K, 38% used [0x00000000fac00000,0x00000000fcc93ce0,0x0000000100000000)
  to   space 83968K, 0% used [0x00000000f5a00000,0x00000000f5a00000,0x00000000fac00000)
 ParOldGen       total 145408K, used 108513K [0x00000000c1800000, 0x00000000ca600000, 0x00000000eb300000)
  object space 145408K, 74% used [0x00000000c1800000,0x00000000c81f8430,0x00000000ca600000)
 Metaspace       used 170086K, capacity 172122K, committed 172352K, reserved 1198080K
  class space    used 22247K, capacity 22825K, committed 22848K, reserved 1048576K
}

Deoptimization events (10 events):
Event: 2451.658 Thread 0x0000000018a4b000 Uncommon trap: reason=null_check action=make_not_entrant pc=0x0000000004770964 method=java.lang.Class.reflectionData()Ljava/lang/Class$ReflectionData; @ 24
Event: 2451.716 Thread 0x000000001957e800 Uncommon trap: reason=null_check action=make_not_entrant pc=0x0000000003a56044 method=java.lang.Class.reflectionData()Ljava/lang/Class$ReflectionData; @ 24
Event: 2451.723 Thread 0x0000000019c7b000 Uncommon trap: reason=bimorphic action=maybe_recompile pc=0x0000000003aad030 method=java.util.Properties.getProperty(Ljava/lang/String;)Ljava/lang/String; @ 38
Event: 2451.723 Thread 0x000000001957e800 Uncommon trap: reason=bimorphic action=maybe_recompile pc=0x0000000003aad030 method=java.util.Properties.getProperty(Ljava/lang/String;)Ljava/lang/String; @ 38
Event: 2451.723 Thread 0x000000001957d000 Uncommon trap: reason=bimorphic action=maybe_recompile pc=0x0000000003aad030 method=java.util.Properties.getProperty(Ljava/lang/String;)Ljava/lang/String; @ 38
Event: 2451.723 Thread 0x0000000019c7b000 Uncommon trap: reason=bimorphic action=maybe_recompile pc=0x0000000003aad030 method=java.util.Properties.getProperty(Ljava/lang/String;)Ljava/lang/String; @ 38
Event: 2451.723 Thread 0x000000001957e800 Uncommon trap: reason=bimorphic action=maybe_recompile pc=0x0000000003aad030 method=java.util.Properties.getProperty(Ljava/lang/String;)Ljava/lang/String; @ 38
Event: 2452.018 Thread 0x0000000018a4b000 Uncommon trap: reason=null_check action=make_not_entrant pc=0x0000000005809d28 method=java.lang.Class.reflectionData()Ljava/lang/Class$ReflectionData; @ 24
Event: 2452.051 Thread 0x0000000019580000 Uncommon trap: reason=null_check action=make_not_entrant pc=0x000000000427b5ec method=java.util.jar.JarFile.getManifestFromReference()Ljava/util/jar/Manifest; @ 14
Event: 2533.663 Thread 0x0000000019c76800 Uncommon trap: reason=unstable_if action=reinterpret pc=0x0000000004425314 method=org.apache.tomcat.util.net.NioEndpoint$Poller.timeout(IZ)V @ 272

Internal exceptions (10 events):
Event: 2536.718 Thread 0x0000000019580000 Exception <a 'java/lang/ClassNotFoundException': org/springframework/web/servlet/DispatcherServletBeanInfo> (0x00000000ee4cda88) thrown at [C:\re\workspace\8-2-build-windows-amd64-cygwin\jdk8u112\7884\hotspot\src\share\vm\classfile\systemDictionary.cpp, l
Event: 2536.719 Thread 0x0000000019580000 Exception <a 'java/lang/ClassNotFoundException': org/springframework/web/servlet/FrameworkServletBeanInfo> (0x00000000ee4e15e0) thrown at [C:\re\workspace\8-2-build-windows-amd64-cygwin\jdk8u112\7884\hotspot\src\share\vm\classfile\systemDictionary.cpp, li
Event: 2536.720 Thread 0x0000000019580000 Exception <a 'java/lang/ClassNotFoundException': org/springframework/web/servlet/HttpServletBeanBeanInfo> (0x00000000ee4f5080) thrown at [C:\re\workspace\8-2-build-windows-amd64-cygwin\jdk8u112\7884\hotspot\src\share\vm\classfile\systemDictionary.cpp, lin
Event: 2536.720 Thread 0x0000000019580000 Exception <a 'java/lang/ClassNotFoundException': javax/servlet/http/HttpServletBeanInfo> (0x00000000ee4fd798) thrown at [C:\re\workspace\8-2-build-windows-amd64-cygwin\jdk8u112\7884\hotspot\src\share\vm\classfile\systemDictionary.cpp, line 210]
Event: 2536.721 Thread 0x0000000019580000 Exception <a 'java/lang/ClassNotFoundException': javax/servlet/GenericServletBeanInfo> (0x00000000ee505c10) thrown at [C:\re\workspace\8-2-build-windows-amd64-cygwin\jdk8u112\7884\hotspot\src\share\vm\classfile\systemDictionary.cpp, line 210]
Event: 2536.721 Thread 0x0000000019580000 Exception <a 'java/lang/ClassNotFoundException': javax/servlet/GenericServletCustomizer> (0x00000000ee50e2e0) thrown at [C:\re\workspace\8-2-build-windows-amd64-cygwin\jdk8u112\7884\hotspot\src\share\vm\classfile\systemDictionary.cpp, line 210]
Event: 2536.721 Thread 0x0000000019580000 Exception <a 'java/lang/ClassNotFoundException': javax/servlet/http/HttpServletCustomizer> (0x00000000ee51fd30) thrown at [C:\re\workspace\8-2-build-windows-amd64-cygwin\jdk8u112\7884\hotspot\src\share\vm\classfile\systemDictionary.cpp, line 210]
Event: 2536.723 Thread 0x0000000019580000 Exception <a 'java/lang/ClassNotFoundException': org/springframework/web/servlet/HttpServletBeanCustomizer> (0x00000000ee5374a8) thrown at [C:\re\workspace\8-2-build-windows-amd64-cygwin\jdk8u112\7884\hotspot\src\share\vm\classfile\systemDictionary.cpp, l
Event: 2536.724 Thread 0x0000000019580000 Exception <a 'java/lang/ClassNotFoundException': org/springframework/web/servlet/FrameworkServletCustomizer> (0x00000000ee556060) thrown at [C:\re\workspace\8-2-build-windows-amd64-cygwin\jdk8u112\7884\hotspot\src\share\vm\classfile\systemDictionary.cpp, 
Event: 2536.726 Thread 0x0000000019580000 Exception <a 'java/lang/ClassNotFoundException': org/springframework/web/servlet/DispatcherServletCustomizer> (0x00000000ee589878) thrown at [C:\re\workspace\8-2-build-windows-amd64-cygwin\jdk8u112\7884\hotspot\src\share\vm\classfile\systemDictionary.cpp,

Events (10 events):
Event: 2536.725 loading class org/springframework/web/servlet/DispatcherServletCustomizer
Event: 2536.725 loading class org/springframework/web/servlet/DispatcherServletCustomizer done
Event: 2536.725 loading class org/springframework/web/servlet/DispatcherServletCustomizer
Event: 2536.725 loading class org/springframework/web/servlet/DispatcherServletCustomizer done
Event: 2536.726 loading class org/springframework/web/servlet/DispatcherServletCustomizer
Event: 2536.726 loading class org/springframework/web/servlet/DispatcherServletCustomizer done
Event: 2536.730 loading class org/springframework/context/event/SourceFilteringListener
Event: 2536.730 loading class org/springframework/context/event/SourceFilteringListener done
Event: 2536.731 loading class org/springframework/web/servlet/FrameworkServlet$ContextRefreshListener
Event: 2536.731 loading class org/springframework/web/servlet/FrameworkServlet$ContextRefreshListener done


Dynamic libraries:
0x00007ff7e6a30000 - 0x00007ff7e6a67000 	C:\Program Files\Java\jdk1.8.0_112\bin\java.exe
0x00007ffdb89d0000 - 0x00007ffdb8bab000 	C:\WINDOWS\SYSTEM32\ntdll.dll
0x00007ffdb6730000 - 0x00007ffdb67de000 	C:\WINDOWS\System32\KERNEL32.DLL
0x00007ffdb4f40000 - 0x00007ffdb5189000 	C:\WINDOWS\System32\KERNELBASE.dll
0x00007ffdb74d0000 - 0x00007ffdb7571000 	C:\WINDOWS\System32\ADVAPI32.dll
0x00007ffdb7090000 - 0x00007ffdb712d000 	C:\WINDOWS\System32\msvcrt.dll
0x00007ffdb6610000 - 0x00007ffdb6669000 	C:\WINDOWS\System32\sechost.dll
0x00007ffdb7130000 - 0x00007ffdb7255000 	C:\WINDOWS\System32\RPCRT4.dll
0x00007ffdb6c20000 - 0x00007ffdb6d6a000 	C:\WINDOWS\System32\USER32.dll
0x00007ffdb5190000 - 0x00007ffdb51ae000 	C:\WINDOWS\System32\win32u.dll
0x00007ffdb66f0000 - 0x00007ffdb6717000 	C:\WINDOWS\System32\GDI32.dll
0x00007ffdb51b0000 - 0x00007ffdb5339000 	C:\WINDOWS\System32\gdi32full.dll
0x00007ffdb53f0000 - 0x00007ffdb548a000 	C:\WINDOWS\System32\msvcp_win.dll
0x00007ffdb5e30000 - 0x00007ffdb5f26000 	C:\WINDOWS\System32\ucrtbase.dll
0x00007ffda8d90000 - 0x00007ffda8ff7000 	C:\WINDOWS\WinSxS\amd64_microsoft.windows.common-controls_6595b64144ccf1df_6.0.15063.0_none_108e4f62dfe5d999\COMCTL32.dll
0x00007ffdb5f30000 - 0x00007ffdb6229000 	C:\WINDOWS\System32\combase.dll
0x00007ffdb5490000 - 0x00007ffdb54fa000 	C:\WINDOWS\System32\bcryptPrimitives.dll
0x00007ffdb6570000 - 0x00007ffdb659d000 	C:\WINDOWS\System32\IMM32.DLL
0x0000000075f30000 - 0x0000000076002000 	C:\Program Files\Java\jdk1.8.0_112\jre\bin\msvcr100.dll
0x0000000075690000 - 0x0000000075f2a000 	C:\Program Files\Java\jdk1.8.0_112\jre\bin\server\jvm.dll
0x00007ffdb7580000 - 0x00007ffdb7588000 	C:\WINDOWS\System32\PSAPI.DLL
0x00007ffda5860000 - 0x00007ffda586a000 	C:\WINDOWS\SYSTEM32\VERSION.dll
0x00007ffda4dd0000 - 0x00007ffda4dd9000 	C:\WINDOWS\SYSTEM32\WSOCK32.dll
0x00007ffdb33f0000 - 0x00007ffdb3413000 	C:\WINDOWS\SYSTEM32\WINMM.dll
0x00007ffdb65a0000 - 0x00007ffdb660c000 	C:\WINDOWS\System32\WS2_32.dll
0x00007ffdb3390000 - 0x00007ffdb33bb000 	C:\WINDOWS\SYSTEM32\WINMMBASE.dll
0x00007ffdb4ef0000 - 0x00007ffdb4f39000 	C:\WINDOWS\System32\cfgmgr32.dll
0x0000000075680000 - 0x000000007568f000 	C:\Program Files\Java\jdk1.8.0_112\jre\bin\verify.dll
0x0000000075650000 - 0x0000000075679000 	C:\Program Files\Java\jdk1.8.0_112\jre\bin\java.dll
0x0000000075630000 - 0x0000000075646000 	C:\Program Files\Java\jdk1.8.0_112\jre\bin\zip.dll
0x00007ffdb7590000 - 0x00007ffdb89c7000 	C:\WINDOWS\System32\SHELL32.dll
0x00007ffdb6440000 - 0x00007ffdb64ea000 	C:\WINDOWS\System32\shcore.dll
0x00007ffdb5730000 - 0x00007ffdb5e22000 	C:\WINDOWS\System32\windows.storage.dll
0x00007ffdb6670000 - 0x00007ffdb66c1000 	C:\WINDOWS\System32\shlwapi.dll
0x00007ffdb4ed0000 - 0x00007ffdb4ee1000 	C:\WINDOWS\System32\kernel.appcore.dll
0x00007ffdb4e80000 - 0x00007ffdb4ecc000 	C:\WINDOWS\System32\powrprof.dll
0x00007ffdb4e40000 - 0x00007ffdb4e55000 	C:\WINDOWS\System32\profapi.dll
0x0000000075610000 - 0x000000007562a000 	C:\Program Files\Java\jdk1.8.0_112\jre\bin\net.dll
0x00007ffdb46f0000 - 0x00007ffdb474c000 	C:\WINDOWS\system32\mswsock.dll
0x00007ffda3880000 - 0x00007ffda3896000 	C:\WINDOWS\system32\napinsp.dll
0x00007ffda33b0000 - 0x00007ffda33ca000 	C:\WINDOWS\system32\pnrpnsp.dll
0x00007ffdb1c60000 - 0x00007ffdb1c78000 	C:\WINDOWS\system32\NLAapi.dll
0x00007ffdb44d0000 - 0x00007ffdb4574000 	C:\WINDOWS\SYSTEM32\DNSAPI.dll
0x00007ffdb74c0000 - 0x00007ffdb74c8000 	C:\WINDOWS\System32\NSI.dll
0x00007ffdb4490000 - 0x00007ffdb44c7000 	C:\WINDOWS\SYSTEM32\IPHLPAPI.DLL
0x00007ffda31b0000 - 0x00007ffda31be000 	C:\WINDOWS\System32\winrnr.dll
0x0000000077400000 - 0x0000000077426000 	C:\Program Files\Bonjour\mdnsNSP.dll
0x00007ffda3bc0000 - 0x00007ffda3bca000 	C:\Windows\System32\rasadhlp.dll
0x00007ffda8cd0000 - 0x00007ffda8d3b000 	C:\WINDOWS\System32\fwpuclnt.dll
0x00007ffdb4d10000 - 0x00007ffdb4d35000 	C:\WINDOWS\SYSTEM32\bcrypt.dll
0x00000000755e0000 - 0x00000000755ed000 	C:\Program Files\Java\jdk1.8.0_112\jre\bin\management.dll
0x00000000755f0000 - 0x0000000075601000 	C:\Program Files\Java\jdk1.8.0_112\jre\bin\nio.dll
0x00007ffdabc10000 - 0x00007ffdabc26000 	C:\WINDOWS\SYSTEM32\dhcpcsvc6.DLL
0x00007ffdac7c0000 - 0x00007ffdac7da000 	C:\WINDOWS\SYSTEM32\dhcpcsvc.DLL
0x00000000755b0000 - 0x00000000755d4000 	C:\Program Files\Java\jdk1.8.0_112\jre\bin\sunec.dll
0x00000000755a0000 - 0x00000000755ab000 	C:\Program Files\Java\jdk1.8.0_112\jre\bin\sunmscapi.dll
0x00007ffdb5500000 - 0x00007ffdb56c9000 	C:\WINDOWS\System32\CRYPT32.dll
0x00007ffdb4e60000 - 0x00007ffdb4e71000 	C:\WINDOWS\System32\MSASN1.dll

VM Arguments:
jvm_args: -Djava.security.egd=file:/dev/./urandom -Dfile.encoding=GBK -Duser.country=CN -Duser.language=zh -Duser.variant 
java_command: org.akhikhl.gretty.Runner --servicePort=52700 --statusPort=52701 --serverManagerFactory=org.akhikhl.gretty.ServerManagerFactory
java_class_path (initial): C:\Users\win10\.gradle\caches\modules-2\files-2.1\org.akhikhl.gretty\gretty-runner-tomcat8\1.2.4\9e27791cc4dbc4a98a55987b1696d88699a9fe9d\gretty-runner-tomcat8-1.2.4.jar;C:\Users\win10\.gradle\caches\modules-2\files-2.1\org.akhikhl.gretty\gretty-runner-tomcat\1.2.4\684a21495f5f9c71dab0e7755c074f74716cd966\gretty-runner-tomcat-1.2.4.jar;C:\Users\win10\.gradle\caches\modules-2\files-2.1\org.apache.tomcat.embed\tomcat-embed-jasper\8.0.23\6119e0c41a0685540b874ee76b469fc2e8a0b9c4\tomcat-embed-jasper-8.0.23.jar;C:\Users\win10\.gradle\caches\modules-2\files-2.1\org.apache.tomcat.embed\tomcat-embed-el\8.0.23\5a1ca084156665968232112b6606c0b259213aab\tomcat-embed-el-8.0.23.jar;C:\Users\win10\.gradle\caches\modules-2\files-2.1\org.apache.tomcat.embed\tomcat-embed-core\8.0.23\79dc3aea4f447392ab0bdc1359c31a931cd307d6\tomcat-embed-core-8.0.23.jar;C:\Users\win10\.gradle\caches\modules-2\files-2.1\org.apache.tomcat.embed\tomcat-embed-websocket\8.0.23\839167a26dec5dcef85fb19e2e429878b7215293\tomcat-embed-websocket-8.0.23.jar;C:\Users\win10\.gradle\caches\modules-2\files-2.1\javax.servlet\javax.servlet-api\3.1.0\3cd63d075497751784b2fa84be59432f4905bf7c\javax.servlet-api-3.1.0.jar;C:\Users\win10\.gradle\caches\modules-2\files-2.1\org.apache.tomcat.embed\tomcat-embed-logging-log4j\8.0.23\2fb320eef46f9833f727220e7d7db5cfcfcc815c\tomcat-embed-logging-log4j-8.0.23.jar;C:\Users\win10\.gradle\caches\modules-2\files-2.1\org.slf4j\log4j-over-slf4j\1.7.12\d2444c9c7c1923304c25f86c5ee83a79a8166205\log4j-over-slf4j-1.7.12.jar;C:\Users\win10\.gradle\caches\modules-2\files-2.1\org.akhikhl.gretty\gretty-runner\1.2.4\50723962cab2246f6fdaa256a27e90181bb03815\gretty-runner-1.2.4.jar;C:\Users\win10\.gradle\caches\modules-2\files-2.1\org.eclipse.jdt.core.compiler\ecj\4.4.2\71d67f5bab9465ec844596ef844f40902ae25392\ecj-4.4.2.jar;C:\Users\win10\.gradle\caches\modules-2\files-2.1\org.slf4j\slf4j-api\1.7.12\8e20852d05222dc286bf1c71d78d0531e177c317\slf4j-api-1.7.12.jar;C:\Users\win
Launcher Type: SUN_STANDARD

Environment Variables:
JAVA_HOME=C:\Program Files\Java\jdk1.8.0_112
CLASSPATH=.;C:\Program Files\Java\jdk1.8.0_112\lib
PATH=C:/Program Files/Java/jre1.8.0_112/bin/server;C:/Program Files/Java/jre1.8.0_112/bin;C:/Program Files/Java/jre1.8.0_112/lib/amd64;C:\ProgramData\Oracle\Java\javapath;C:\Program Files (x86)\Intel\iCLS Client\;C:\Program Files\Intel\iCLS Client\;C:\WINDOWS\system32;C:\WINDOWS;C:\WINDOWS\System32\Wbem;C:\WINDOWS\System32\WindowsPowerShell\v1.0\;C:\Android;C:\Windows\System32;C:\Program Files\Java\jdk1.8.0_112\bin;C:\Program Files\TortoiseGit\bin;C:\Program Files\Git\cmd;C:\Program Files\Microsoft SQL Server\Client SDK\ODBC\130\Tools\Binn\;C:\Program Files (x86)\Microsoft SQL Server\130\Tools\Binn\;C:\Program Files\Microsoft SQL Server\130\Tools\Binn\;C:\Program Files\Microsoft SQL Server\130\DTS\Binn\;C:\Program Files (x86)\Microsoft SQL Server\Client SDK\ODBC\130\Tools\Binn\;C:\Program Files (x86)\Microsoft SQL Server\130\DTS\Binn\;C:\Program Files (x86)\Microsoft SQL Server\130\Tools\Binn\ManagementStudio\;C:\Program Files\MySQL\MySQL Utilities 1.6\;C:\Program Files (x86)\gradle-3.2\BIN;C:\Users\win10\AppData\Local\Microsoft\WindowsApps;;C:\Program Files (x86)\eclipse;
USERNAME=win10
OS=Windows_NT
PROCESSOR_IDENTIFIER=Intel64 Family 6 Model 61 Stepping 4, GenuineIntel



---------------  S Y S T E M  ---------------

OS: Windows 10.0 , 64 bit Build 15063 (10.0.15063.0)

CPU:total 4 (2 cores per cpu, 2 threads per core) family 6 model 61 stepping 4, cmov, cx8, fxsr, mmx, sse, sse2, sse3, ssse3, sse4.1, sse4.2, popcnt, avx, avx2, aes, clmul, erms, 3dnowpref, lzcnt, ht, tsc, tscinvbit, bmi1, bmi2, adx

Memory: 4k page, physical 4094376k(443360k free), swap 5730556k(3812k free)

vm_info: Java HotSpot(TM) 64-Bit Server VM (25.112-b15) for windows-amd64 JRE (1.8.0_112-b15), built on Sep 22 2016 21:31:56 by "java_re" with MS VC++ 10.0 (VS2010)

time: Sat Jul 22 15:28:43 2017
elapsed time: 2537 seconds (0d 0h 42m 17s)

