#
# There is insufficient memory for the Java Runtime Environment to continue.
# Native memory allocation (malloc) failed to allocate 32744 bytes for ChunkPool::allocate
# Possible reasons:
#   The system is out of physical RAM or swap space
#   In 32 bit mode, the process size limit was hit
# Possible solutions:
#   Reduce memory load on the system
#   Increase physical memory or swap space
#   Check if swap backing store is full
#   Use 64 bit Java on a 64 bit OS
#   Decrease Java heap size (-Xmx/-Xms)
#   Decrease number of Java threads
#   Decrease Java thread stack sizes (-Xss)
#   Set larger code cache with -XX:ReservedCodeCacheSize=
# This output file may be truncated or incomplete.
#
#  Out of Memory Error (allocation.cpp:273), pid=6444, tid=0x0000000000002b80
#
# JRE version: Java(TM) SE Runtime Environment (8.0_112-b15) (build 1.8.0_112-b15)
# Java VM: Java HotSpot(TM) 64-Bit Server VM (25.112-b15 mixed mode windows-amd64 compressed oops)
# Failed to write core dump. Minidumps are not enabled by default on client versions of Windows
#

---------------  T H R E A D  ---------------

Current thread (0x0000000017080800):  JavaThread "C2 CompilerThread1" daemon [_thread_in_native, id=11136, stack(0x0000000017480000,0x0000000017580000)]

Stack: [0x0000000017480000,0x0000000017580000]
[error occurred during error reporting (printing stack bounds), id 0xc0000005]

Native frames: (J=compiled Java code, j=interpreted, Vv=VM code, C=native code)


Current CompileTask:
C2:   8975 2484   !   4       org.apache.catalina.startup.ContextConfig::populateJavaClassCache (270 bytes)


---------------  P R O C E S S  ---------------

Java Threads: ( => current thread )
  0x000000001be6f800 JavaThread "Keep-Alive-Timer" daemon [_thread_blocked, id=12684, stack(0x000000001d720000,0x000000001d820000)]
  0x0000000018755800 JavaThread "localhost-startStop-1" daemon [_thread_in_native, id=1008, stack(0x000000001ae20000,0x000000001af20000)]
  0x000000001b2d0800 JavaThread "Tomcat-startStop-1" daemon [_thread_blocked, id=8216, stack(0x000000001aad0000,0x000000001abd0000)]
  0x000000001710c000 JavaThread "Service Thread" daemon [_thread_blocked, id=11308, stack(0x0000000017680000,0x0000000017780000)]
  0x0000000017087000 JavaThread "C1 CompilerThread2" daemon [_thread_blocked, id=8852, stack(0x0000000017580000,0x0000000017680000)]
=>0x0000000017080800 JavaThread "C2 CompilerThread1" daemon [_thread_in_native, id=11136, stack(0x0000000017480000,0x0000000017580000)]
  0x0000000015a2c800 JavaThread "C2 CompilerThread0" daemon [_thread_in_native, id=14236, stack(0x0000000016f80000,0x0000000017080000)]
  0x00000000159df000 JavaThread "Attach Listener" daemon [_thread_blocked, id=7028, stack(0x0000000016e80000,0x0000000016f80000)]
  0x00000000159de000 JavaThread "Signal Dispatcher" daemon [_thread_blocked, id=2280, stack(0x0000000016d80000,0x0000000016e80000)]
  0x00000000033db000 JavaThread "Finalizer" daemon [_thread_blocked, id=9404, stack(0x0000000016c20000,0x0000000016d20000)]
  0x00000000033d2000 JavaThread "Reference Handler" daemon [_thread_blocked, id=5496, stack(0x0000000016b20000,0x0000000016c20000)]
  0x00000000032e2800 JavaThread "main" [_thread_blocked, id=9616, stack(0x0000000003180000,0x0000000003280000)]

Other Threads:
  0x0000000015997800 VMThread [stack: 0x0000000016a20000,0x0000000016b20000] [id=3360]
  0x0000000017167000 WatcherThread [stack: 0x0000000017780000,0x0000000017880000] [id=7284]

VM state:not at safepoint (normal execution)

VM Mutex/Monitor currently owned by a thread: None

Heap:
 PSYoungGen      total 90112K, used 13049K [0x00000000eb300000, 0x00000000f1980000, 0x0000000100000000)
  eden space 78336K, 5% used [0x00000000eb300000,0x00000000eb752e18,0x00000000eff80000)
  from space 11776K, 73% used [0x00000000f0e00000,0x00000000f166b680,0x00000000f1980000)
  to   space 13312K, 0% used [0x00000000eff80000,0x00000000eff80000,0x00000000f0c80000)
 ParOldGen       total 48128K, used 30680K [0x00000000c1800000, 0x00000000c4700000, 0x00000000eb300000)
  object space 48128K, 63% used [0x00000000c1800000,0x00000000c35f6068,0x00000000c4700000)
 Metaspace       used 26961K, capacity 27668K, committed 27776K, reserved 1073152K
  class space    used 3182K, capacity 3409K, committed 3456K, reserved 1048576K

Card table byte_map: [0x00000000127a0000,0x00000000129a0000] byte_map_base: 0x0000000012194000

Marking Bits: (ParMarkBitMap*) 0x000000005fcfa6d0
 Begin Bits: [0x0000000012ef0000, 0x0000000013e90000)
 End Bits:   [0x0000000013e90000, 0x0000000014e30000)

Polling page: 0x0000000000df0000

CodeCache: size=245760Kb used=11866Kb max_used=11866Kb free=233893Kb
 bounds [0x00000000033e0000, 0x0000000003f80000, 0x00000000123e0000]
 total_blobs=3435 nmethods=2772 adapters=574
 compilation: enabled

Compilation events (10 events):
Event: 8.803 Thread 0x0000000017087000 2859       2       com.sun.org.apache.xerces.internal.util.XMLAttributesImpl::addAttributeNS (169 bytes)
Event: 8.804 Thread 0x0000000017087000 nmethod 2859 0x0000000003f72910 code [0x0000000003f72ac0, 0x0000000003f733d8]
Event: 8.804 Thread 0x0000000017087000 2863       2       com.sun.org.apache.xerces.internal.impl.XMLNSDocumentScannerImpl::scanStartElement (1026 bytes)
Event: 8.808 Thread 0x0000000017087000 nmethod 2863 0x0000000003f73990 code [0x0000000003f73da0, 0x0000000003f75ba8]
Event: 8.808 Thread 0x0000000017087000 2864   !   2       com.sun.org.apache.xerces.internal.impl.dv.xs.XSSimpleTypeDecl::checkExtraRules (214 bytes)
Event: 8.809 Thread 0x0000000017087000 nmethod 2864 0x0000000003f77950 code [0x0000000003f77b20, 0x0000000003f78118]
Event: 8.809 Thread 0x0000000017087000 2860       2       com.sun.org.apache.xerces.internal.impl.XMLNSDocumentScannerImpl::scanAttribute (824 bytes)
Event: 8.813 Thread 0x0000000017087000 nmethod 2860 0x0000000003f788d0 code [0x0000000003f78cc0, 0x0000000003f7aa68]
Event: 8.813 Thread 0x0000000017087000 2865       1       com.sun.org.apache.xerces.internal.impl.dv.xs.XSSimpleTypeDecl::getTypeCategory (3 bytes)
Event: 8.813 Thread 0x0000000017087000 nmethod 2865 0x0000000003f7cb10 code [0x0000000003f7cc60, 0x0000000003f7cd70]

GC Heap History (10 events):
Event: 4.834 GC heap before
{Heap before GC invocations=9 (full 1):
 PSYoungGen      total 39936K, used 31744K [0x00000000eb300000, 0x00000000f0100000, 0x0000000100000000)
  eden space 31744K, 100% used [0x00000000eb300000,0x00000000ed200000,0x00000000ed200000)
  from space 8192K, 0% used [0x00000000ed200000,0x00000000ed200000,0x00000000eda00000)
  to   space 8192K, 0% used [0x00000000ef900000,0x00000000ef900000,0x00000000f0100000)
 ParOldGen       total 48128K, used 20128K [0x00000000c1800000, 0x00000000c4700000, 0x00000000eb300000)
  object space 48128K, 41% used [0x00000000c1800000,0x00000000c2ba8290,0x00000000c4700000)
 Metaspace       used 22303K, capacity 22970K, committed 23088K, reserved 1069056K
  class space    used 2634K, capacity 2863K, committed 2944K, reserved 1048576K
Event: 4.843 GC heap after
Heap after GC invocations=9 (full 1):
 PSYoungGen      total 55808K, used 6226K [0x00000000eb300000, 0x00000000eff80000, 0x0000000100000000)
  eden space 49152K, 0% used [0x00000000eb300000,0x00000000eb300000,0x00000000ee300000)
  from space 6656K, 93% used [0x00000000ef900000,0x00000000eff14948,0x00000000eff80000)
  to   space 8192K, 0% used [0x00000000eef80000,0x00000000eef80000,0x00000000ef780000)
 ParOldGen       total 48128K, used 20136K [0x00000000c1800000, 0x00000000c4700000, 0x00000000eb300000)
  object space 48128K, 41% used [0x00000000c1800000,0x00000000c2baa290,0x00000000c4700000)
 Metaspace       used 22303K, capacity 22970K, committed 23088K, reserved 1069056K
  class space    used 2634K, capacity 2863K, committed 2944K, reserved 1048576K
}
Event: 5.234 GC heap before
{Heap before GC invocations=10 (full 1):
 PSYoungGen      total 55808K, used 55378K [0x00000000eb300000, 0x00000000eff80000, 0x0000000100000000)
  eden space 49152K, 100% used [0x00000000eb300000,0x00000000ee300000,0x00000000ee300000)
  from space 6656K, 93% used [0x00000000ef900000,0x00000000eff14948,0x00000000eff80000)
  to   space 8192K, 0% used [0x00000000eef80000,0x00000000eef80000,0x00000000ef780000)
 ParOldGen       total 48128K, used 20136K [0x00000000c1800000, 0x00000000c4700000, 0x00000000eb300000)
  object space 48128K, 41% used [0x00000000c1800000,0x00000000c2baa290,0x00000000c4700000)
 Metaspace       used 22417K, capacity 23098K, committed 23344K, reserved 1069056K
  class space    used 2635K, capacity 2863K, committed 2944K, reserved 1048576K
Event: 5.248 GC heap after
Heap after GC invocations=10 (full 1):
 PSYoungGen      total 70144K, used 8175K [0x00000000eb300000, 0x00000000f0600000, 0x0000000100000000)
  eden space 61952K, 0% used [0x00000000eb300000,0x00000000eb300000,0x00000000eef80000)
  from space 8192K, 99% used [0x00000000eef80000,0x00000000ef77be70,0x00000000ef780000)
  to   space 10240K, 0% used [0x00000000efc00000,0x00000000efc00000,0x00000000f0600000)
 ParOldGen       total 48128K, used 24065K [0x00000000c1800000, 0x00000000c4700000, 0x00000000eb300000)
  object space 48128K, 50% used [0x00000000c1800000,0x00000000c2f80478,0x00000000c4700000)
 Metaspace       used 22417K, capacity 23098K, committed 23344K, reserved 1069056K
  class space    used 2635K, capacity 2863K, committed 2944K, reserved 1048576K
}
Event: 5.610 GC heap before
{Heap before GC invocations=11 (full 1):
 PSYoungGen      total 70144K, used 70127K [0x00000000eb300000, 0x00000000f0600000, 0x0000000100000000)
  eden space 61952K, 100% used [0x00000000eb300000,0x00000000eef80000,0x00000000eef80000)
  from space 8192K, 99% used [0x00000000eef80000,0x00000000ef77be70,0x00000000ef780000)
  to   space 10240K, 0% used [0x00000000efc00000,0x00000000efc00000,0x00000000f0600000)
 ParOldGen       total 48128K, used 24065K [0x00000000c1800000, 0x00000000c4700000, 0x00000000eb300000)
  object space 48128K, 50% used [0x00000000c1800000,0x00000000c2f80478,0x00000000c4700000)
 Metaspace       used 22431K, capacity 23102K, committed 23344K, reserved 1069056K
  class space    used 2636K, capacity 2863K, committed 2944K, reserved 1048576K
Event: 5.628 GC heap after
Heap after GC invocations=11 (full 1):
 PSYoungGen      total 71680K, used 10229K [0x00000000eb300000, 0x00000000f1c80000, 0x0000000100000000)
  eden space 61440K, 0% used [0x00000000eb300000,0x00000000eb300000,0x00000000eef00000)
  from space 10240K, 99% used [0x00000000efc00000,0x00000000f05fd470,0x00000000f0600000)
  to   space 13312K, 0% used [0x00000000eef00000,0x00000000eef00000,0x00000000efc00000)
 ParOldGen       total 48128K, used 28994K [0x00000000c1800000, 0x00000000c4700000, 0x00000000eb300000)
  object space 48128K, 60% used [0x00000000c1800000,0x00000000c3450928,0x00000000c4700000)
 Metaspace       used 22431K, capacity 23102K, committed 23344K, reserved 1069056K
  class space    used 2636K, capacity 2863K, committed 2944K, reserved 1048576K
}
Event: 6.084 GC heap before
{Heap before GC invocations=12 (full 1):
 PSYoungGen      total 71680K, used 71669K [0x00000000eb300000, 0x00000000f1c80000, 0x0000000100000000)
  eden space 61440K, 100% used [0x00000000eb300000,0x00000000eef00000,0x00000000eef00000)
  from space 10240K, 99% used [0x00000000efc00000,0x00000000f05fd470,0x00000000f0600000)
  to   space 13312K, 0% used [0x00000000eef00000,0x00000000eef00000,0x00000000efc00000)
 ParOldGen       total 48128K, used 28994K [0x00000000c1800000, 0x00000000c4700000, 0x00000000eb300000)
  object space 48128K, 60% used [0x00000000c1800000,0x00000000c3450928,0x00000000c4700000)
 Metaspace       used 22436K, capacity 23102K, committed 23344K, reserved 1069056K
  class space    used 2636K, capacity 2863K, committed 2944K, reserved 1048576K
Event: 6.100 GC heap after
Heap after GC invocations=12 (full 1):
 PSYoungGen      total 74752K, used 9781K [0x00000000eb300000, 0x00000000f1b00000, 0x0000000100000000)
  eden space 61440K, 0% used [0x00000000eb300000,0x00000000eb300000,0x00000000eef00000)
  from space 13312K, 73% used [0x00000000eef00000,0x00000000ef88d7f8,0x00000000efc00000)
  to   space 13312K, 0% used [0x00000000f0e00000,0x00000000f0e00000,0x00000000f1b00000)
 ParOldGen       total 48128K, used 30465K [0x00000000c1800000, 0x00000000c4700000, 0x00000000eb300000)
  object space 48128K, 63% used [0x00000000c1800000,0x00000000c35c0798,0x00000000c4700000)
 Metaspace       used 22436K, capacity 23102K, committed 23344K, reserved 1069056K
  class space    used 2636K, capacity 2863K, committed 2944K, reserved 1048576K
}
Event: 7.196 GC heap before
{Heap before GC invocations=13 (full 1):
 PSYoungGen      total 74752K, used 71221K [0x00000000eb300000, 0x00000000f1b00000, 0x0000000100000000)
  eden space 61440K, 100% used [0x00000000eb300000,0x00000000eef00000,0x00000000eef00000)
  from space 13312K, 73% used [0x00000000eef00000,0x00000000ef88d7f8,0x00000000efc00000)
  to   space 13312K, 0% used [0x00000000f0e00000,0x00000000f0e00000,0x00000000f1b00000)
 ParOldGen       total 48128K, used 30465K [0x00000000c1800000, 0x00000000c4700000, 0x00000000eb300000)
  object space 48128K, 63% used [0x00000000c1800000,0x00000000c35c0798,0x00000000c4700000)
 Metaspace       used 24713K, capacity 25400K, committed 25472K, reserved 1071104K
  class space    used 2930K, capacity 3143K, committed 3200K, reserved 1048576K
Event: 7.207 GC heap after
Heap after GC invocations=13 (full 1):
 PSYoungGen      total 90112K, used 8621K [0x00000000eb300000, 0x00000000f1980000, 0x0000000100000000)
  eden space 78336K, 0% used [0x00000000eb300000,0x00000000eb300000,0x00000000eff80000)
  from space 11776K, 73% used [0x00000000f0e00000,0x00000000f166b680,0x00000000f1980000)
  to   space 13312K, 0% used [0x00000000eff80000,0x00000000eff80000,0x00000000f0c80000)
 ParOldGen       total 48128K, used 30680K [0x00000000c1800000, 0x00000000c4700000, 0x00000000eb300000)
  object space 48128K, 63% used [0x00000000c1800000,0x00000000c35f6068,0x00000000c4700000)
 Metaspace       used 24713K, capacity 25400K, committed 25472K, reserved 1071104K
  class space    used 2930K, capacity 3143K, committed 3200K, reserved 1048576K
}

Deoptimization events (10 events):
Event: 7.096 Thread 0x0000000018755800 Uncommon trap: reason=unstable_if action=reinterpret pc=0x0000000003b03868 method=java.util.HashMap.getNode(ILjava/lang/Object;)Ljava/util/HashMap$Node; @ 129
Event: 7.096 Thread 0x0000000018755800 Uncommon trap: reason=class_check action=maybe_recompile pc=0x00000000037b8d74 method=java.util.HashMap.putVal(ILjava/lang/Object;Ljava/lang/Object;ZZ)Ljava/lang/Object; @ 203
Event: 7.482 Thread 0x0000000018755800 Uncommon trap: reason=bimorphic action=maybe_recompile pc=0x0000000003e40228 method=java.net.URL.<init>(Ljava/net/URL;Ljava/lang/String;Ljava/net/URLStreamHandler;)V @ 504
Event: 7.482 Thread 0x0000000018755800 Uncommon trap: reason=unstable_if action=reinterpret pc=0x0000000003e116e8 method=java.io.WinNTFileSystem.prefixLength(Ljava/lang/String;)I @ 11
Event: 7.487 Thread 0x0000000018755800 Uncommon trap: reason=bimorphic action=maybe_recompile pc=0x0000000003e40228 method=java.net.URL.<init>(Ljava/net/URL;Ljava/lang/String;Ljava/net/URLStreamHandler;)V @ 504
Event: 7.498 Thread 0x0000000018755800 Uncommon trap: reason=predicate action=maybe_recompile pc=0x0000000003e15db0 method=java.lang.String.regionMatches(ZILjava/lang/String;II)Z @ 63
Event: 7.528 Thread 0x0000000018755800 Uncommon trap: reason=unstable_if action=reinterpret pc=0x0000000003ca23bc method=java.net.URI.match(CJJ)Z @ 45
Event: 7.799 Thread 0x0000000018755800 Uncommon trap: reason=unstable_if action=reinterpret pc=0x0000000003e25934 method=java.io.BufferedInputStream.fill()V @ 9
Event: 8.805 Thread 0x0000000018755800 Uncommon trap: reason=bimorphic action=maybe_recompile pc=0x0000000003e40228 method=java.net.URL.<init>(Ljava/net/URL;Ljava/lang/String;Ljava/net/URLStreamHandler;)V @ 504
Event: 8.805 Thread 0x0000000018755800 Uncommon trap: reason=bimorphic action=maybe_recompile pc=0x0000000003e40228 method=java.net.URL.<init>(Ljava/net/URL;Ljava/lang/String;Ljava/net/URLStreamHandler;)V @ 504

Internal exceptions (10 events):
Event: 4.740 Thread 0x0000000018755800 Exception <a 'java/lang/ClassNotFoundException': groovy/runtime/metaclass/[Ljava/net/URL;MetaClass> (0x00000000ecc82c88) thrown at [C:\re\workspace\8-2-build-windows-amd64-cygwin\jdk8u112\7884\hotspot\src\share\vm\prims\jni.cpp, line 735]
Event: 4.740 Thread 0x0000000018755800 Exception <a 'java/lang/ClassNotFoundException': [Ljava/net/URL;BeanInfo> (0x00000000ecc87b78) thrown at [C:\re\workspace\8-2-build-windows-amd64-cygwin\jdk8u112\7884\hotspot\src\share\vm\prims\jni.cpp, line 735]
Event: 4.740 Thread 0x0000000018755800 Exception <a 'java/lang/ClassNotFoundException': [Ljava/net/URL;BeanInfo> (0x00000000ecc87fc8) thrown at [C:\re\workspace\8-2-build-windows-amd64-cygwin\jdk8u112\7884\hotspot\src\share\vm\prims\jni.cpp, line 735]
Event: 4.740 Thread 0x0000000018755800 Exception <a 'java/lang/ClassNotFoundException': [Ljava/net/URL;Customizer> (0x00000000ecc885e0) thrown at [C:\re\workspace\8-2-build-windows-amd64-cygwin\jdk8u112\7884\hotspot\src\share\vm\prims\jni.cpp, line 735]
Event: 4.740 Thread 0x0000000018755800 Exception <a 'java/lang/ClassNotFoundException': [Ljava/net/URL;Customizer> (0x00000000ecc88a38) thrown at [C:\re\workspace\8-2-build-windows-amd64-cygwin\jdk8u112\7884\hotspot\src\share\vm\prims\jni.cpp, line 735]
Event: 4.748 Thread 0x0000000018755800 Exception <a 'java/lang/ClassNotFoundException': org/apache/tomcat/util/descriptor/web/WebXmlBeanInfo> (0x00000000ecd15120) thrown at [C:\re\workspace\8-2-build-windows-amd64-cygwin\jdk8u112\7884\hotspot\src\share\vm\classfile\systemDictionary.cpp, line 2
Event: 4.749 Thread 0x0000000018755800 Exception <a 'java/lang/ClassNotFoundException': org/apache/tomcat/util/descriptor/web/WebXmlCustomizer> (0x00000000ecd29808) thrown at [C:\re\workspace\8-2-build-windows-amd64-cygwin\jdk8u112\7884\hotspot\src\share\vm\classfile\systemDictionary.cpp, line
Event: 6.849 Thread 0x0000000018755800 Implicit null exception at 0x0000000003603296 to 0x0000000003603639
Event: 6.849 Thread 0x0000000018755800 Implicit null exception at 0x00000000035ca216 to 0x00000000035ca5c1
Event: 7.157 Thread 0x0000000018755800 Exception <a 'java/io/FileNotFoundException'> (0x00000000eed30180) thrown at [C:\re\workspace\8-2-build-windows-amd64-cygwin\jdk8u112\7884\hotspot\src\share\vm\prims\jni.cpp, line 709]

Events (10 events):
Event: 8.797 Thread 0x0000000018755800 DEOPT PACKING pc=0x0000000003e6db0c sp=0x000000001af1e440
Event: 8.800 Thread 0x0000000018755800 DEOPT UNPACKING pc=0x000000000342787f sp=0x000000001af1e210 mode 0
Event: 8.800 Thread 0x0000000018755800 DEOPT PACKING pc=0x0000000003e63cec sp=0x000000001af1e780
Event: 8.800 Thread 0x0000000018755800 DEOPT UNPACKING pc=0x000000000342787f sp=0x000000001af1e490 mode 0
Event: 8.805 Thread 0x0000000018755800 Uncommon trap: trap_request=0xffffffc6 fr.pc=0x0000000003e40228
Event: 8.805 Thread 0x0000000018755800 DEOPT PACKING pc=0x0000000003e40228 sp=0x000000001af1dff0
Event: 8.805 Thread 0x0000000018755800 DEOPT UNPACKING pc=0x000000000342582a sp=0x000000001af1dfa8 mode 2
Event: 8.805 Thread 0x0000000018755800 Uncommon trap: trap_request=0xffffffc6 fr.pc=0x0000000003e40228
Event: 8.805 Thread 0x0000000018755800 DEOPT PACKING pc=0x0000000003e40228 sp=0x000000001af1dd90
Event: 8.805 Thread 0x0000000018755800 DEOPT UNPACKING pc=0x000000000342582a sp=0x000000001af1dd48 mode 2


Dynamic libraries:
0x00007ff6d92d0000 - 0x00007ff6d9307000 	C:\Program Files\Java\jdk1.8.0_112\bin\java.exe
0x00007ff835a30000 - 0x00007ff835c0b000 	C:\WINDOWS\SYSTEM32\ntdll.dll
0x00007ff833200000 - 0x00007ff8332ae000 	C:\WINDOWS\System32\KERNEL32.DLL
0x00007ff8328b0000 - 0x00007ff832af9000 	C:\WINDOWS\System32\KERNELBASE.dll
0x00007ff833a80000 - 0x00007ff833b21000 	C:\WINDOWS\System32\ADVAPI32.dll
0x00007ff833d60000 - 0x00007ff833dfd000 	C:\WINDOWS\System32\msvcrt.dll
0x00007ff8359d0000 - 0x00007ff835a29000 	C:\WINDOWS\System32\sechost.dll
0x00007ff833c30000 - 0x00007ff833d55000 	C:\WINDOWS\System32\RPCRT4.dll
0x00007ff8332b0000 - 0x00007ff8333fa000 	C:\WINDOWS\System32\USER32.dll
0x00007ff832e80000 - 0x00007ff832e9e000 	C:\WINDOWS\System32\win32u.dll
0x00007ff8359a0000 - 0x00007ff8359c7000 	C:\WINDOWS\System32\GDI32.dll
0x00007ff832720000 - 0x00007ff8328a9000 	C:\WINDOWS\System32\gdi32full.dll
0x00007ff832ef0000 - 0x00007ff832f8a000 	C:\WINDOWS\System32\msvcp_win.dll
0x00007ff832b00000 - 0x00007ff832bf6000 	C:\WINDOWS\System32\ucrtbase.dll
0x00007ff827cd0000 - 0x00007ff827f37000 	C:\WINDOWS\WinSxS\amd64_microsoft.windows.common-controls_6595b64144ccf1df_6.0.15063.0_none_108e4f62dfe5d999\COMCTL32.dll
0x00007ff8356a0000 - 0x00007ff835999000 	C:\WINDOWS\System32\combase.dll
0x00007ff8326b0000 - 0x00007ff83271a000 	C:\WINDOWS\System32\bcryptPrimitives.dll
0x00007ff833a50000 - 0x00007ff833a7d000 	C:\WINDOWS\System32\IMM32.DLL
0x000000005fd80000 - 0x000000005fe52000 	C:\Program Files\Java\jdk1.8.0_112\jre\bin\msvcr100.dll
0x000000005f4e0000 - 0x000000005fd7a000 	C:\Program Files\Java\jdk1.8.0_112\jre\bin\server\jvm.dll
0x00007ff835690000 - 0x00007ff835698000 	C:\WINDOWS\System32\PSAPI.DLL
0x00007ff824700000 - 0x00007ff824709000 	C:\WINDOWS\SYSTEM32\WSOCK32.dll
0x00007ff833510000 - 0x00007ff83357c000 	C:\WINDOWS\System32\WS2_32.dll
0x00007ff82ff00000 - 0x00007ff82ff23000 	C:\WINDOWS\SYSTEM32\WINMM.dll
0x00007ff824e00000 - 0x00007ff824e0a000 	C:\WINDOWS\SYSTEM32\VERSION.dll
0x00007ff82fed0000 - 0x00007ff82fefb000 	C:\WINDOWS\SYSTEM32\winmmbase.dll
0x00007ff832ea0000 - 0x00007ff832ee9000 	C:\WINDOWS\System32\cfgmgr32.dll
0x000000005f4d0000 - 0x000000005f4df000 	C:\Program Files\Java\jdk1.8.0_112\jre\bin\verify.dll
0x000000005f4a0000 - 0x000000005f4c9000 	C:\Program Files\Java\jdk1.8.0_112\jre\bin\java.dll
0x000000005f480000 - 0x000000005f496000 	C:\Program Files\Java\jdk1.8.0_112\jre\bin\zip.dll
0x00007ff8340e0000 - 0x00007ff835517000 	C:\WINDOWS\System32\SHELL32.dll
0x00007ff833fb0000 - 0x00007ff83405a000 	C:\WINDOWS\System32\shcore.dll
0x00007ff831fb0000 - 0x00007ff8326a2000 	C:\WINDOWS\System32\windows.storage.dll
0x00007ff834060000 - 0x00007ff8340b1000 	C:\WINDOWS\System32\shlwapi.dll
0x00007ff831f10000 - 0x00007ff831f21000 	C:\WINDOWS\System32\kernel.appcore.dll
0x00007ff831ea0000 - 0x00007ff831eec000 	C:\WINDOWS\System32\powrprof.dll
0x00007ff831ef0000 - 0x00007ff831f05000 	C:\WINDOWS\System32\profapi.dll
0x000000005f460000 - 0x000000005f47a000 	C:\Program Files\Java\jdk1.8.0_112\jre\bin\net.dll
0x00007ff831420000 - 0x00007ff83147c000 	C:\WINDOWS\system32\mswsock.dll
0x00007ff822860000 - 0x00007ff822876000 	C:\WINDOWS\system32\napinsp.dll
0x00007ff822840000 - 0x00007ff82285a000 	C:\WINDOWS\system32\pnrpnsp.dll
0x00007ff82e800000 - 0x00007ff82e818000 	C:\WINDOWS\system32\NLAapi.dll
0x00007ff831200000 - 0x00007ff8312a4000 	C:\WINDOWS\SYSTEM32\DNSAPI.dll
0x00007ff833fa0000 - 0x00007ff833fa8000 	C:\WINDOWS\System32\NSI.dll
0x00007ff8311c0000 - 0x00007ff8311f7000 	C:\WINDOWS\SYSTEM32\IPHLPAPI.DLL
0x00007ff822830000 - 0x00007ff82283e000 	C:\WINDOWS\System32\winrnr.dll
0x0000000061200000 - 0x0000000061226000 	C:\Program Files\Bonjour\mdnsNSP.dll
0x00007ff824770000 - 0x00007ff82477a000 	C:\Windows\System32\rasadhlp.dll
0x00007ff825e60000 - 0x00007ff825ecb000 	C:\WINDOWS\System32\fwpuclnt.dll
0x00007ff831d70000 - 0x00007ff831d95000 	C:\WINDOWS\SYSTEM32\bcrypt.dll
0x000000005f430000 - 0x000000005f43d000 	C:\Program Files\Java\jdk1.8.0_112\jre\bin\management.dll
0x000000005f440000 - 0x000000005f451000 	C:\Program Files\Java\jdk1.8.0_112\jre\bin\nio.dll

VM Arguments:
jvm_args: -Djava.security.egd=file:/dev/./urandom -Dfile.encoding=GBK -Duser.country=CN -Duser.language=zh -Duser.variant 
java_command: org.akhikhl.gretty.Runner --servicePort=55875 --statusPort=55876 --serverManagerFactory=org.akhikhl.gretty.ServerManagerFactory
java_class_path (initial): C:\Users\win10\.gradle\caches\modules-2\files-2.1\org.akhikhl.gretty\gretty-runner-tomcat8\1.2.4\9e27791cc4dbc4a98a55987b1696d88699a9fe9d\gretty-runner-tomcat8-1.2.4.jar;C:\Users\win10\.gradle\caches\modules-2\files-2.1\org.akhikhl.gretty\gretty-runner-tomcat\1.2.4\684a21495f5f9c71dab0e7755c074f74716cd966\gretty-runner-tomcat-1.2.4.jar;C:\Users\win10\.gradle\caches\modules-2\files-2.1\org.apache.tomcat.embed\tomcat-embed-jasper\8.0.23\6119e0c41a0685540b874ee76b469fc2e8a0b9c4\tomcat-embed-jasper-8.0.23.jar;C:\Users\win10\.gradle\caches\modules-2\files-2.1\org.apache.tomcat.embed\tomcat-embed-el\8.0.23\5a1ca084156665968232112b6606c0b259213aab\tomcat-embed-el-8.0.23.jar;C:\Users\win10\.gradle\caches\modules-2\files-2.1\org.apache.tomcat.embed\tomcat-embed-core\8.0.23\79dc3aea4f447392ab0bdc1359c31a931cd307d6\tomcat-embed-core-8.0.23.jar;C:\Users\win10\.gradle\caches\modules-2\files-2.1\org.apache.tomcat.embed\tomcat-embed-websocket\8.0.23\839167a26dec5dcef85fb19e2e429878b7215293\tomcat-embed-websocket-8.0.23.jar;C:\Users\win10\.gradle\caches\modules-2\files-2.1\javax.servlet\javax.servlet-api\3.1.0\3cd63d075497751784b2fa84be59432f4905bf7c\javax.servlet-api-3.1.0.jar;C:\Users\win10\.gradle\caches\modules-2\files-2.1\org.apache.tomcat.embed\tomcat-embed-logging-log4j\8.0.23\2fb320eef46f9833f727220e7d7db5cfcfcc815c\tomcat-embed-logging-log4j-8.0.23.jar;C:\Users\win10\.gradle\caches\modules-2\files-2.1\org.slf4j\log4j-over-slf4j\1.7.12\d2444c9c7c1923304c25f86c5ee83a79a8166205\log4j-over-slf4j-1.7.12.jar;C:\Users\win10\.gradle\caches\modules-2\files-2.1\org.akhikhl.gretty\gretty-runner\1.2.4\50723962cab2246f6fdaa256a27e90181bb03815\gretty-runner-1.2.4.jar;C:\Users\win10\.gradle\caches\modules-2\files-2.1\org.eclipse.jdt.core.compiler\ecj\4.4.2\71d67f5bab9465ec844596ef844f40902ae25392\ecj-4.4.2.jar;C:\Users\win10\.gradle\caches\modules-2\files-2.1\org.slf4j\slf4j-api\1.7.12\8e20852d05222dc286bf1c71d78d0531e177c317\slf4j-api-1.7.12.jar;C:\Users\win
Launcher Type: SUN_STANDARD

Environment Variables:
JAVA_HOME=C:\Program Files\Java\jdk1.8.0_112
CLASSPATH=.;C:\Program Files\Java\jdk1.8.0_112\lib
PATH=C:/Program Files/Java/jre1.8.0_112/bin/server;C:/Program Files/Java/jre1.8.0_112/bin;C:/Program Files/Java/jre1.8.0_112/lib/amd64;C:\ProgramData\Oracle\Java\javapath;C:\Program Files (x86)\Intel\iCLS Client\;C:\Program Files\Intel\iCLS Client\;C:\WINDOWS\system32;C:\WINDOWS;C:\WINDOWS\System32\Wbem;C:\WINDOWS\System32\WindowsPowerShell\v1.0\;C:\Android;C:\Windows\System32;C:\Program Files\Java\jdk1.8.0_112\bin;C:\Program Files\TortoiseGit\bin;C:\Program Files\Git\cmd;C:\Program Files\Microsoft SQL Server\Client SDK\ODBC\130\Tools\Binn\;C:\Program Files (x86)\Microsoft SQL Server\130\Tools\Binn\;C:\Program Files\Microsoft SQL Server\130\Tools\Binn\;C:\Program Files\Microsoft SQL Server\130\DTS\Binn\;C:\Program Files (x86)\Microsoft SQL Server\Client SDK\ODBC\130\Tools\Binn\;C:\Program Files (x86)\Microsoft SQL Server\130\DTS\Binn\;C:\Program Files (x86)\Microsoft SQL Server\130\Tools\Binn\ManagementStudio\;C:\Program Files\MySQL\MySQL Utilities 1.6\;C:\Program Files (x86)\gradle-3.2\BIN;C:\Users\win10\AppData\Local\Microsoft\WindowsApps;;C:\Program Files (x86)\eclipse;
USERNAME=win10
OS=Windows_NT
PROCESSOR_IDENTIFIER=Intel64 Family 6 Model 61 Stepping 4, GenuineIntel



---------------  S Y S T E M  ---------------

OS: Windows 10.0 , 64 bit Build 15063 (10.0.15063.0)

CPU:total 4 (2 cores per cpu, 2 threads per core) family 6 model 61 stepping 4, cmov, cx8, fxsr, mmx, sse, sse2, sse3, ssse3, sse4.1, sse4.2, popcnt, avx, avx2, aes, clmul, erms, 3dnowpref, lzcnt, ht, tsc, tscinvbit, bmi1, bmi2, adx

Memory: 4k page, physical 4094376k(718940k free), swap 6825872k(5148k free)

vm_info: Java HotSpot(TM) 64-Bit Server VM (25.112-b15) for windows-amd64 JRE (1.8.0_112-b15), built on Sep 22 2016 21:31:56 by "java_re" with MS VC++ 10.0 (VS2010)

time: Mon Jul 24 12:39:25 2017
elapsed time: 8 seconds (0d 0h 0m 8s)

