JvmtiExport can_access_local_variables 0
JvmtiExport can_hotswap_or_post_breakpoint 0
JvmtiExport can_post_on_exceptions 0
# 403 ciObject found
ciMethod java/lang/Object <init> ()V 4097 1 463933 0 0
ciMethod java/lang/Object getClass ()Ljava/lang/Class; 3073 1 384 0 -1
ciMethod java/lang/Object hashCode ()I 2049 1 256 0 -1
ciMethod java/lang/Object equals (Ljava/lang/Object;)Z 25 1 17547 0 -1
ciMethod java/lang/String <init> ([CII)V 3209 1 5582 0 704
ciMethod java/lang/String <init> ([CZ)V 2281 1 13600 0 0
ciMethod java/lang/String length ()I 4097 1 169223 0 -1
ciMethod java/lang/String getChars (II[CI)V 2497 1 5528 0 -1
ciMethod java/lang/String equals (Ljava/lang/Object;)Z 2145 9777 3297 0 -1
ciMethod java/lang/String hashCode ()I 2761 32769 1283 0 288
ciMethod java/lang/String replace (CC)Ljava/lang/String; 865 49265 846 0 1120
ciMethod java/lang/Class getName ()Ljava/lang/String; 2049 1 129047 0 -1
ciMethod java/lang/ClassLoader getResourceAsStream (Ljava/lang/String;)Ljava/io/InputStream; 0 0 1 0 -1
ciMethod java/lang/System arraycopy (Ljava/lang/Object;ILjava/lang/Object;II)V 8193 1 1024 0 -1
ciMethod java/lang/Throwable addSuppressed (Ljava/lang/Throwable;)V 0 0 1 0 0
ciMethod java/util/Map containsKey (Ljava/lang/Object;)Z 0 0 1 0 -1
ciMethod java/util/Map put (Ljava/lang/Object;Ljava/lang/Object;)Ljava/lang/Object; 0 0 1 0 -1
ciMethod java/lang/StringBuffer <init> ()V 2505 1 2843 0 -1
ciMethod java/lang/StringBuffer toString ()Ljava/lang/String; 1113 1 6299 0 -1
ciMethod java/lang/AbstractStringBuilder <init> (I)V 745 1 74572 0 0
ciMethod java/lang/AbstractStringBuilder ensureCapacityInternal (I)V 2873 1 201463 0 -1
ciMethod java/lang/AbstractStringBuilder append (Ljava/lang/String;)Ljava/lang/AbstractStringBuilder; 16385 1 5465 0 1024
ciMethod java/lang/AbstractStringBuilder appendNull ()Ljava/lang/AbstractStringBuilder; 0 0 1 0 -1
ciMethod java/lang/StringBuilder <init> ()V 737 1 57459 0 192
ciMethod java/lang/StringBuilder append (Ljava/lang/Object;)Ljava/lang/StringBuilder; 297 1 434 0 -1
ciMethod java/lang/StringBuilder append (Ljava/lang/String;)Ljava/lang/StringBuilder; 14137 1 133706 0 1024
ciMethod java/lang/StringBuilder append (I)Ljava/lang/StringBuilder; 1 1 4676 0 -1
ciMethod java/lang/StringBuilder toString ()Ljava/lang/String; 737 1 63280 0 832
ciMethod java/io/InputStream <init> ()V 2057 1 21026 0 0
ciMethod java/io/InputStream read ()I 0 0 1 0 -1
ciMethod java/io/InputStream read ([BII)I 0 0 1 0 -1
ciMethod java/io/InputStream skip (J)J 0 0 1 0 -1
ciMethod java/io/InputStream close ()V 0 0 1 0 -1
ciMethod java/net/URL openStream ()Ljava/io/InputStream; 185 1 23 0 -1
ciMethod java/lang/NullPointerException <init> (Ljava/lang/String;)V 0 0 1 0 -1
ciMethod java/util/List add (Ljava/lang/Object;)Z 0 0 1 0 -1
ciMethod java/util/AbstractList <init> ()V 665 1 15875 0 32
ciMethod java/util/AbstractCollection <init> ()V 441 1 26002 0 32
ciMethod java/util/ArrayList <init> (I)V 3153 1 5782 0 320
ciMethod java/util/HashMap hash (Ljava/lang/Object;)I 3153 1 61322 0 160
ciMethod java/util/HashMap getNode (ILjava/lang/Object;)Ljava/util/HashMap$Node; 2153 9 11663 0 544
ciMethod java/util/HashMap containsKey (Ljava/lang/Object;)Z 2193 1 8534 0 608
ciMethod java/util/HashMap put (Ljava/lang/Object;Ljava/lang/Object;)Ljava/lang/Object; 2217 1 17236 0 192
ciMethod java/util/HashMap putVal (ILjava/lang/Object;Ljava/lang/Object;ZZ)Ljava/lang/Object; 2049 73 5442 0 2272
ciMethod java/util/HashMap resize ()[Ljava/util/HashMap$Node; 241 1721 2245 0 -1
ciMethod java/util/HashMap treeifyBin ([Ljava/util/HashMap$Node;I)V 0 0 1 0 -1
ciMethod java/util/HashMap newNode (ILjava/lang/Object;Ljava/lang/Object;Ljava/util/HashMap$Node;)Ljava/util/HashMap$Node; 2049 1 4771 0 -1
ciMethod java/util/HashMap afterNodeAccess (Ljava/util/HashMap$Node;)V 2049 1 482 0 -1
ciMethod java/util/HashMap afterNodeInsertion (Z)V 2049 1 1292 0 -1
ciMethod java/lang/Math min (JJ)J 2057 1 515 0 -1
ciMethod java/util/Arrays copyOfRange ([CII)[C 3345 1 5585 0 -1
ciMethodData java/lang/Object <init> ()V 2 463933 orig 264 72 34 172 95 0 0 0 0 128 4 3 21 0 0 0 0 32 1 0 0 0 0 0 0 0 0 0 0 0 0 0 0 0 0 0 0 0 0 0 0 0 0 0 0 0 0 0 0 0 0 0 0 0 0 0 0 0 0 0 0 0 0 0 0 0 0 0 0 0 0 0 0 0 0 0 0 0 0 0 0 77 68 79 32 101 120 116 114 97 32 100 97 116 97 32 108 111 99 107 0 0 0 0 0 0 0 0 0 0 0 0 0 0 0 0 0 0 0 0 0 0 0 0 0 0 0 0 0 0 0 0 0 0 0 0 0 0 0 0 0 0 0 0 0 0 0 0 0 0 0 0 0 0 0 0 0 0 0 0 0 0 0 0 0 0 0 0 0 0 0 0 0 0 0 0 0 0 0 0 0 0 0 0 0 1 0 0 0 0 0 0 0 1 0 0 0 0 0 0 0 1 0 0 0 0 0 0 0 0 0 0 0 0 0 0 0 0 2 0 0 233 145 56 0 1 0 0 0 0 0 0 0 0 0 0 0 2 0 0 0 0 0 3 0 1 0 0 0 0 0 0 0 255 255 255 255 0 0 0 0 0 0 0 0 data 0 oops 0
ciMethod java/io/BufferedInputStream getInIfOpen ()Ljava/io/InputStream; 81 1 4844 0 0
ciMethod java/io/BufferedInputStream getBufIfOpen ()[B 2201 1 66156 0 64
ciMethod java/io/BufferedInputStream <init> (Ljava/io/InputStream;I)V 2009 1 4257 0 0
ciMethod java/io/BufferedInputStream fill ()V 9 1 4747 0 0
ciMethod java/io/BufferedInputStream skip (J)J 3945 1 17166 0 0
ciMethod java/io/FilterInputStream <init> (Ljava/io/InputStream;)V 2049 1 15086 0 0
ciMethod java/io/FilterInputStream skip (J)J 2065 1 115 0 0
ciMethod java/io/FilterInputStream close ()V 2049 1 840 0 -1
ciMethod java/util/concurrent/atomic/AtomicReferenceFieldUpdater compareAndSet (Ljava/lang/Object;Ljava/lang/Object;Ljava/lang/Object;)Z 0 0 1 0 -1
ciMethod java/lang/IllegalArgumentException <init> (Ljava/lang/String;)V 0 0 1 0 -1
ciMethod java/lang/IllegalArgumentException <init> (Ljava/lang/String;Ljava/lang/Throwable;)V 0 0 1 0 -1
ciMethod java/util/concurrent/locks/Lock lock ()V 0 0 1 0 -1
ciMethod java/util/concurrent/locks/Lock unlock ()V 0 0 1 0 -1
ciMethod java/util/HashMap$TreeNode getTreeNode (ILjava/lang/Object;)Ljava/util/HashMap$TreeNode; 0 0 1 0 -1
ciMethod java/util/HashMap$TreeNode putTreeVal (Ljava/util/HashMap;[Ljava/util/HashMap$Node;ILjava/lang/Object;Ljava/lang/Object;)Ljava/util/HashMap$TreeNode; 0 0 1 0 -1
ciMethodData java/lang/String hashCode ()I 2 29330 orig 264 72 34 172 95 0 0 0 0 184 79 3 21 0 0 0 0 152 1 0 0 32 0 0 0 0 0 0 0 0 0 0 0 0 0 0 0 0 0 0 0 0 0 0 0 0 0 0 0 0 0 0 0 0 0 0 0 0 0 0 0 0 0 0 0 0 0 0 0 0 0 0 0 0 0 0 0 0 0 0 0 77 68 79 32 101 120 116 114 97 32 100 97 116 97 32 108 111 99 107 0 0 0 0 0 0 0 0 0 0 0 0 0 0 0 0 0 0 0 0 0 0 0 0 0 0 0 0 0 0 0 0 0 0 0 0 0 0 0 0 0 0 0 0 0 0 0 0 0 0 0 0 0 0 0 0 0 0 0 0 0 0 0 0 0 0 0 0 0 0 0 0 0 0 0 0 0 0 0 0 0 0 0 0 0 1 0 0 0 0 0 0 0 0 0 0 0 0 0 0 0 1 0 0 0 0 0 0 0 0 0 0 0 0 0 0 0 0 16 0 0 81 29 0 0 145 20 3 0 0 0 0 0 0 0 0 0 2 0 0 0 1 0 11 0 2 0 0 0 120 0 0 0 255 255 255 255 7 0 6 0 0 0 0 0 data 15 0x60007 0x16f 0x78 0x23b 0xe0007 0x2 0x58 0x239 0x1e0007 0x239 0x38 0x6266 0x2d0003 0x6266 0xffffffffffffffe0 oops 0
ciMethodData java/lang/String <init> ([CII)V 2 5582 orig 264 72 34 172 95 0 0 0 0 88 49 3 21 0 0 0 0 80 2 0 0 208 0 0 0 0 0 0 0 0 0 0 0 0 0 0 0 0 0 0 0 0 0 0 0 0 0 0 0 0 0 0 0 0 0 0 0 0 0 0 0 0 0 0 0 0 0 0 0 0 0 0 0 0 0 0 0 0 0 0 0 77 68 79 32 101 120 116 114 97 32 100 97 116 97 32 108 111 99 107 0 0 0 0 0 0 0 0 0 0 0 0 0 0 0 0 0 0 0 0 0 0 0 0 0 0 0 0 0 0 0 0 0 0 0 0 0 0 0 0 0 0 0 0 0 0 0 0 0 0 0 0 0 0 0 0 0 0 0 0 0 0 0 0 0 0 0 0 0 0 0 0 0 0 0 0 0 0 0 0 0 0 0 0 0 0 0 0 0 0 0 0 0 0 0 0 0 0 0 0 0 0 0 0 0 0 0 0 0 0 0 0 0 0 0 0 0 143 1 0 0 233 161 0 0 1 0 0 0 0 0 0 0 0 0 0 0 2 0 0 0 0 0 14 0 2 0 0 0 240 0 0 0 255 255 255 255 2 0 1 0 0 0 0 0 data 30 0x10002 0x143d 0x50007 0x143d 0x30 0x0 0xd0002 0x0 0x120007 0x143a 0x70 0x3 0x160007 0x3 0x30 0x0 0x1e0002 0x0 0x250007 0x0 0x20 0x3 0x370007 0x143a 0x30 0x0 0x410002 0x0 0x4b0002 0x143a oops 0
ciMethodData java/util/Arrays copyOfRange ([CII)[C 2 5585 orig 264 72 34 172 95 0 0 0 0 32 120 20 21 0 0 0 0 120 2 0 0 240 0 0 0 0 0 0 0 0 0 0 0 0 0 0 0 0 0 0 0 0 0 0 0 0 0 0 0 0 0 0 0 0 0 0 0 0 0 0 0 0 0 0 0 0 0 0 0 0 0 0 0 0 0 0 0 0 0 0 0 77 68 79 32 101 120 116 114 97 32 100 97 116 97 32 108 111 99 107 0 0 0 0 0 0 0 0 0 0 0 0 0 0 0 0 0 0 0 0 0 0 0 0 0 0 0 0 0 0 0 0 0 0 0 0 0 0 0 0 0 0 0 0 0 0 0 0 0 0 0 0 0 0 0 0 0 0 0 0 0 0 0 0 0 0 0 0 0 0 0 0 0 0 0 0 0 0 0 0 0 0 0 0 0 29 0 0 0 0 0 0 0 0 0 0 0 0 0 0 0 0 0 0 0 0 0 0 0 0 0 0 0 0 0 0 0 162 1 0 0 121 161 0 0 1 0 0 0 0 0 0 0 0 0 0 0 2 0 0 0 0 0 9 0 2 0 0 0 32 1 0 0 255 255 255 255 7 0 5 0 0 0 0 0 data 36 0x50007 0x142f 0x100 0x0 0x100002 0x0 0x140005 0x0 0x0 0x0 0x0 0x0 0x190005 0x0 0x0 0x0 0x0 0x0 0x1d0005 0x0 0x0 0x0 0x0 0x0 0x200005 0x0 0x0 0x0 0x0 0x0 0x230002 0x0 0x360002 0x142f 0x390002 0x142f oops 0
ciMethodData java/lang/StringBuilder <init> ()V 2 57573 orig 264 72 34 172 95 0 0 0 0 64 118 10 21 0 0 0 0 48 1 0 0 0 0 0 0 0 0 0 0 0 0 0 0 0 0 0 0 0 0 0 0 0 0 0 0 0 0 0 0 0 0 0 0 0 0 0 0 0 0 0 0 0 0 0 0 0 0 0 0 0 0 0 0 0 0 0 0 0 0 0 0 77 68 79 32 101 120 116 114 97 32 100 97 116 97 32 108 111 99 107 0 0 0 0 0 0 0 0 0 0 0 0 0 0 0 0 0 0 0 0 0 0 0 0 0 0 0 0 0 0 0 0 0 0 0 0 0 0 0 0 0 0 0 0 0 0 0 0 0 0 0 0 0 0 0 0 0 0 0 0 0 0 0 0 0 0 0 0 0 0 0 0 0 0 0 0 0 0 0 0 0 0 0 0 0 1 0 0 0 0 0 0 0 0 0 0 0 0 0 0 0 1 0 0 0 0 0 0 0 0 0 0 0 0 0 0 0 92 0 0 0 73 4 7 0 1 0 0 0 0 0 0 0 0 0 0 0 2 0 0 0 0 0 3 0 2 0 0 0 16 0 0 0 255 255 255 255 2 0 3 0 0 0 0 0 data 2 0x30002 0xe089 oops 0
ciMethodData java/lang/AbstractStringBuilder <init> (I)V 2 75061 orig 264 72 34 172 95 0 0 0 0 112 57 10 21 0 0 0 0 56 1 0 0 0 0 0 0 0 0 0 0 0 0 0 0 0 0 0 0 0 0 0 0 0 0 0 0 0 0 0 0 0 0 0 0 0 0 0 0 0 0 0 0 0 0 0 0 0 0 0 0 0 0 0 0 0 0 0 0 0 0 0 0 77 68 79 32 101 120 116 114 97 32 100 97 116 97 32 108 111 99 107 0 0 0 0 0 0 0 0 0 0 0 0 0 0 0 0 0 0 0 0 0 0 0 0 0 0 0 0 0 0 0 0 0 0 0 0 0 0 0 0 0 0 0 0 0 0 0 0 0 0 0 0 0 0 0 0 0 0 0 0 0 0 0 0 0 0 0 0 0 0 0 0 0 0 0 0 0 0 0 0 0 0 0 0 0 9 0 0 0 0 0 0 0 0 0 0 0 0 0 0 0 1 0 0 0 0 0 0 0 0 0 0 0 0 0 0 0 93 0 0 0 193 38 9 0 1 0 0 0 0 0 0 0 0 0 0 0 2 0 0 0 0 0 3 0 2 0 0 0 16 0 0 0 255 255 255 255 2 0 1 0 0 0 0 0 data 2 0x10002 0x124d8 oops 0
ciMethodData java/lang/StringBuilder append (Ljava/lang/String;)Ljava/lang/StringBuilder; 2 134029 orig 264 72 34 172 95 0 0 0 0 88 121 10 21 0 0 0 0 56 1 0 0 0 0 0 0 0 0 0 0 0 0 0 0 0 0 0 0 0 0 0 0 0 0 0 0 0 0 0 0 0 0 0 0 0 0 0 0 0 0 0 0 0 0 0 0 0 0 0 0 0 0 0 0 0 0 0 0 0 0 0 0 77 68 79 32 101 120 116 114 97 32 100 97 116 97 32 108 111 99 107 0 0 0 0 0 0 0 0 0 0 0 0 0 0 0 0 0 0 0 0 0 0 0 0 0 0 0 0 0 0 0 0 0 0 0 0 0 0 0 0 0 0 0 0 0 0 0 0 0 0 0 0 0 0 0 0 0 0 0 0 0 0 0 0 0 0 0 0 0 0 0 0 0 0 0 0 0 0 0 0 0 0 0 0 0 19 0 0 0 0 0 0 0 0 0 0 0 0 0 0 0 2 0 0 0 0 0 0 0 1 0 0 0 0 0 0 0 151 0 0 0 177 87 16 0 1 0 0 0 0 0 0 0 0 0 0 0 2 0 0 0 0 0 3 0 2 0 0 0 16 0 0 0 255 255 255 255 2 0 2 0 0 0 0 0 data 2 0x20002 0x20af6 oops 0
ciMethodData java/lang/AbstractStringBuilder append (Ljava/lang/String;)Ljava/lang/AbstractStringBuilder; 2 5465 orig 264 72 34 172 95 0 0 0 0 72 69 10 21 0 0 0 0 240 1 0 0 32 0 0 0 0 0 0 0 0 0 0 0 0 0 0 0 0 0 0 0 0 0 0 0 0 0 0 0 0 0 0 0 0 0 0 0 0 0 0 0 0 0 0 0 0 0 0 0 0 0 0 0 0 0 0 0 0 0 0 0 77 68 79 32 101 120 116 114 97 32 100 97 116 97 32 108 111 99 107 0 0 0 0 0 0 0 0 0 0 0 0 0 0 0 0 0 0 0 0 0 0 0 0 0 0 0 0 0 0 0 0 0 0 0 0 0 0 0 0 0 0 0 0 0 0 0 0 0 0 0 0 0 0 0 0 0 0 0 0 0 0 0 0 0 0 0 0 0 0 0 0 0 0 0 0 0 0 0 0 0 0 0 0 0 17 0 0 0 0 0 0 0 0 0 0 0 0 0 0 0 2 0 0 0 0 0 0 0 1 0 0 0 0 0 0 0 151 0 0 0 17 166 0 0 1 0 0 0 0 0 0 0 0 0 0 0 2 0 0 0 0 0 14 0 2 0 0 0 160 0 0 0 255 255 255 255 7 0 1 0 0 0 0 0 data 20 0x10007 0x14c2 0x30 0x0 0x50002 0x0 0xa0005 0x9a 0x33b9f90 0x1428 0x0 0x0 0x150002 0x14c2 0x230005 0x9a 0x33b9f90 0x1428 0x0 0x0 oops 2 8 java/lang/String 16 java/lang/String
ciMethodData java/lang/StringBuilder toString ()Ljava/lang/String; 2 63413 orig 264 72 34 172 95 0 0 0 0 8 141 10 21 0 0 0 0 48 1 0 0 0 0 0 0 0 0 0 0 0 0 0 0 0 0 0 0 0 0 0 0 0 0 0 0 0 0 0 0 0 0 0 0 0 0 0 0 0 0 0 0 0 0 0 0 0 0 0 0 0 0 0 0 0 0 0 0 0 0 0 0 77 68 79 32 101 120 116 114 97 32 100 97 116 97 32 108 111 99 107 0 0 0 0 0 0 0 0 0 0 0 0 0 0 0 0 0 0 0 0 0 0 0 0 0 0 0 0 0 0 0 0 0 0 0 0 0 0 0 0 0 0 0 0 0 0 0 0 0 0 0 0 0 0 0 0 0 0 0 0 0 0 0 0 0 0 0 0 0 0 0 0 0 0 0 0 0 0 0 0 0 0 0 0 0 29 0 0 0 0 0 0 0 0 0 0 0 0 0 0 0 1 0 0 0 0 0 0 0 0 0 0 0 0 0 0 0 92 0 0 0 201 186 7 0 1 0 0 0 0 0 0 0 0 0 0 0 2 0 0 0 0 0 3 0 2 0 0 0 16 0 0 0 255 255 255 255 2 0 13 0 0 0 0 0 data 2 0xd0002 0xf759 oops 0
ciMethod java/util/zip/ZipFile close ()V 2049 521 80 0 -1
ciMethod java/util/zip/InflaterInputStream ensureOpen ()V 2057 1 6204 0 -1
ciMethod java/util/zip/InflaterInputStream read ([BII)I 2057 953 5540 0 -1
ciMethod java/util/zip/InflaterInputStream skip (J)J 2057 2241 515 0 0
ciMethodData java/util/HashMap hash (Ljava/lang/Object;)I 2 61322 orig 264 72 34 172 95 0 0 0 0 184 98 17 21 0 0 0 0 176 1 0 0 0 0 0 0 0 0 0 0 0 0 0 0 0 0 0 0 0 0 0 0 0 0 0 0 0 0 0 0 0 0 0 0 0 0 0 0 0 0 0 0 0 0 0 0 0 0 0 0 0 0 0 0 0 0 0 0 0 0 0 0 77 68 79 32 101 120 116 114 97 32 100 97 116 97 32 108 111 99 107 0 0 0 0 0 0 0 0 0 0 0 0 0 0 0 0 0 0 0 0 0 0 0 0 0 0 0 0 0 0 0 0 0 0 0 0 0 0 0 0 0 0 0 0 0 0 0 0 0 0 0 0 0 0 0 0 0 0 0 0 0 0 0 0 0 0 0 0 0 0 0 0 0 0 0 0 0 0 0 0 2 0 0 0 0 17 0 0 0 0 0 0 0 0 0 0 0 0 0 0 0 0 0 0 0 0 0 0 0 0 0 0 0 0 0 0 0 138 1 0 0 1 112 7 0 1 0 0 0 254 177 0 0 0 0 0 0 2 0 0 0 0 0 6 0 2 0 0 0 104 0 0 0 255 255 255 255 7 224 1 0 0 0 0 0 data 13 0x1e007 0xee00 0x38 0x2 0x50003 0x2 0x48 0x90005 0x5207 0x15a236a0 0x3c9 0x33b9f90 0x9830 oops 2 9 java/security/CodeSource 11 java/lang/String
ciMethodData java/util/HashMap getNode (ILjava/lang/Object;)Ljava/util/HashMap$Node; 2 11663 orig 264 72 34 172 95 0 0 0 0 104 108 17 21 0 0 0 0 8 4 0 0 240 0 0 0 0 0 0 0 0 0 0 0 0 0 0 0 0 0 0 0 0 0 0 0 0 0 0 0 0 0 0 0 0 0 0 0 0 0 0 0 0 0 0 0 0 0 0 0 0 0 0 0 0 0 0 0 0 0 0 0 77 68 79 32 101 120 116 114 97 32 100 97 116 97 32 108 111 99 107 0 0 0 0 0 0 0 0 0 0 0 0 0 0 0 0 0 0 0 0 0 0 0 0 0 0 0 0 0 0 0 0 0 0 0 0 0 0 0 0 0 0 0 0 0 1 0 0 0 0 0 0 0 0 0 0 0 0 0 0 0 0 0 0 0 0 0 0 0 0 0 0 0 0 0 0 0 0 0 0 2 0 0 0 0 17 0 0 0 0 0 0 0 0 0 0 0 0 0 0 0 1 0 0 0 0 0 0 0 0 0 0 0 0 0 0 0 13 1 0 0 17 100 1 0 209 12 0 0 13 21 0 0 102 0 0 0 2 0 0 0 1 0 37 0 2 0 0 0 176 2 0 0 255 255 255 255 7 0 6 0 0 0 0 0 data 86 0x60007 0x62e 0x2b0 0x2654 0xe0007 0x0 0x290 0x2654 0x1c0007 0x931 0x270 0x1d23 0x250007 0x79e 0xb0 0x1585 0x310007 0x11b0 0x90 0x3d5 0x350007 0x0 0x70 0x3d5 0x3b0005 0x263 0x15a236a0 0x10e 0x19d0b110 0x64 0x3ee007 0x1d 0x20 0x3ba 0x4c0007 0x419 0x1a0 0x3a2 0x510004 0xfffffffffffffc5e 0x18570910 0x42 0x0 0x0 0x540007 0x3a2 0x80 0x0 0x590004 0x0 0x0 0x0 0x0 0x0 0x5e0005 0x0 0x0 0x0 0x0 0x0 0x680007 0x19e 0xb0 0x2b1 0x740007 0x11d 0x90 0x194 0x780007 0x0 0x70 0x194 0x7e0005 0xbd 0x19d0b110 0x4a 0x33b9f90 0x8d 0x810007 0x0 0x20 0x194 0x8f0007 0xad 0xffffffffffffff50 0xf1 oops 5 26 java/security/CodeSource 28 java/util/jar/Attributes$Name 40 java/util/HashMap$Node 74 java/util/jar/Attributes$Name 76 java/lang/String
ciMethodData java/util/AbstractCollection <init> ()V 2 26002 orig 264 72 34 172 95 0 0 0 0 56 97 15 21 0 0 0 0 48 1 0 0 0 0 0 0 0 0 0 0 0 0 0 0 0 0 0 0 0 0 0 0 0 0 0 0 0 0 0 0 0 0 0 0 0 0 0 0 0 0 0 0 0 0 0 0 0 0 0 0 0 0 0 0 0 0 0 0 0 0 0 0 77 68 79 32 101 120 116 114 97 32 100 97 116 97 32 108 111 99 107 0 0 0 0 0 0 0 0 0 0 0 0 0 0 0 0 0 0 0 0 0 0 0 0 0 0 0 0 0 0 0 0 0 0 0 0 0 0 0 0 0 0 0 0 0 0 0 0 0 0 0 0 0 0 0 0 0 0 0 0 0 0 0 0 0 0 0 0 0 0 0 0 0 0 0 0 0 0 0 0 0 0 0 0 0 0 0 0 0 0 0 0 0 0 0 0 0 0 0 0 0 0 0 0 0 0 0 0 0 0 0 0 0 0 0 0 0 55 0 0 0 217 42 3 0 1 0 0 0 0 0 0 0 0 0 0 0 2 0 0 0 0 0 3 0 2 0 0 0 16 0 0 0 255 255 255 255 2 0 1 0 0 0 0 0 data 2 0x10002 0x655b oops 0
ciMethodData java/lang/String replace (CC)Ljava/lang/String; 2 40337 orig 264 72 34 172 95 0 0 0 0 240 94 3 21 0 0 0 0 136 2 0 0 184 0 0 0 0 0 0 0 0 0 0 0 0 0 0 0 0 0 0 0 0 0 0 0 0 0 0 0 0 0 0 0 0 0 0 0 0 0 0 0 0 0 0 0 0 0 0 0 0 0 0 0 0 0 0 0 0 0 0 0 77 68 79 32 101 120 116 114 97 32 100 97 116 97 32 108 111 99 107 0 0 0 0 0 0 0 0 0 0 0 0 0 0 0 0 0 0 0 0 0 0 0 0 0 0 0 0 0 0 0 0 0 0 0 0 0 0 0 0 0 0 0 0 0 0 0 0 0 0 0 0 0 0 0 0 0 0 0 0 0 0 0 0 0 0 0 0 0 0 0 0 0 0 0 0 0 0 0 0 0 0 0 0 0 0 0 0 0 0 0 0 0 0 0 0 0 0 0 0 0 0 0 0 0 0 0 0 0 0 0 0 0 0 0 0 0 14 24 0 0 17 23 0 0 25 44 4 0 0 0 0 0 0 0 0 0 2 0 0 0 3 0 23 0 2 0 0 0 80 1 0 0 255 255 255 255 7 0 2 0 0 0 0 0 data 42 0x20007 0x0 0x150 0x2e2 0x1a0007 0x7 0x58 0x1165 0x230007 0xe8a 0xffffffffffffffe0 0x2db 0x260003 0x2db 0x18 0x2c0007 0x7 0xd8 0x2db 0x3b0007 0x2db 0x38 0xa5f 0x4b0003 0xa5f 0xffffffffffffffe0 0x510007 0x2db 0x70 0x69bf 0x620007 0x5efe 0x38 0xac1 0x660003 0xac1 0x18 0x6f0003 0x69bf 0xffffffffffffffa8 0x790002 0x2db oops 0
ciMethodData java/lang/String <init> ([CZ)V 2 13600 orig 264 72 34 172 95 0 0 0 0 128 59 3 21 0 0 0 0 64 1 0 0 0 0 0 0 0 0 0 0 0 0 0 0 0 0 0 0 0 0 0 0 0 0 0 0 0 0 0 0 0 0 0 0 0 0 0 0 0 0 0 0 0 0 0 0 0 0 0 0 0 0 0 0 0 0 0 0 0 0 0 0 77 68 79 32 101 120 116 114 97 32 100 97 116 97 32 108 111 99 107 0 0 0 0 0 0 0 0 0 0 0 0 0 0 0 0 0 0 0 0 0 0 0 0 0 0 0 0 0 0 0 0 0 0 0 0 0 0 0 0 0 0 0 0 0 0 0 0 0 0 0 0 0 0 0 0 0 0 0 0 0 0 0 0 0 0 0 0 0 0 0 0 0 0 0 0 0 0 0 0 0 0 0 0 0 1 0 0 0 0 0 0 0 0 0 0 0 0 0 0 0 1 0 0 0 0 0 0 0 0 0 0 0 0 0 0 0 29 1 0 0 25 160 1 0 1 0 0 0 0 0 0 0 0 0 0 0 2 0 0 0 0 0 3 0 2 0 0 0 16 0 0 0 255 255 255 255 2 0 1 0 0 0 0 0 data 2 0x10002 0x3403 oops 0
ciMethod java/io/DataInput skipBytes (I)I 0 0 1 0 -1
ciMethod java/io/DataInput readByte ()B 0 0 1 0 -1
ciMethod java/io/DataInput readUnsignedShort ()I 0 0 1 0 -1
ciMethod java/io/DataInput readInt ()I 0 0 1 0 -1
ciMethod java/io/DataInputStream <init> (Ljava/io/InputStream;)V 1761 1 4226 0 0
ciMethod java/io/DataInputStream skipBytes (I)I 3881 3889 17164 0 1920
ciMethod java/io/DataInputStream readUnsignedShort ()I 4097 1 26663 0 2176
ciMethod java/io/DataInputStream readInt ()I 4097 1 12896 0 4416
ciMethodData java/util/HashMap putVal (ILjava/lang/Object;Ljava/lang/Object;ZZ)Ljava/lang/Object; 2 5442 orig 264 72 34 172 95 0 0 0 0 136 111 17 21 0 0 0 0 176 6 0 0 224 4 0 0 0 0 0 0 0 0 0 0 0 0 0 0 0 0 0 0 0 0 0 0 0 0 0 0 0 0 0 0 0 0 0 0 0 0 0 0 0 0 0 0 0 0 0 0 0 0 0 0 0 0 0 0 0 0 0 0 77 68 79 32 101 120 116 114 97 32 100 97 116 97 32 108 111 99 107 0 0 0 0 0 0 0 0 0 0 0 0 0 0 0 0 0 0 0 0 0 0 0 0 0 0 0 0 0 0 0 0 0 0 0 0 0 0 0 0 0 0 0 0 0 0 0 0 0 0 0 0 0 0 0 0 0 0 0 0 0 0 0 0 0 0 0 0 0 0 0 0 0 0 0 0 0 0 0 0 0 0 0 0 0 0 0 0 0 0 0 0 0 0 0 0 0 0 0 0 0 0 0 0 0 0 0 0 0 0 0 0 0 0 0 0 0 0 1 0 0 17 162 0 0 105 9 0 0 0 0 0 0 0 0 0 0 2 0 0 0 1 0 50 0 2 0 0 0 64 5 0 0 255 255 255 255 7 0 7 0 0 0 0 0 data 168 0x70007 0x191 0x40 0x12b1 0x100007 0x12b1 0x50 0x0 0x140005 0x0 0x18419300 0x15f 0x18571150 0x32 0x2c0007 0x72a 0x98 0xd18 0x380005 0x6f 0x18419300 0xca2 0x188dac20 0x7 0x3b0004 0x0 0x18570910 0xca2 0x18added0 0x76 0x3c0003 0xd18 0x3d0 0x450007 0x5cb 0xc8 0x15f 0x510007 0x13f 0x90 0x20 0x550007 0x0 0x88 0x20 0x5b0005 0x9 0x15a232b0 0x6 0x33b9f90 0x11 0x5e0007 0x9 0x38 0x17 0x650003 0x156 0x278 0x6a0004 0xfffffffffffffa2c 0x18570910 0x2 0x0 0x0 0x6d0007 0x5d4 0x98 0x0 0x720004 0x0 0x0 0x0 0x0 0x0 0x7b0005 0x0 0x0 0x0 0x0 0x0 0x800003 0x0 0x1b0 0x8e0007 0x17f 0xb8 0x582 0x980005 0xf 0x18419300 0x570 0x188dac20 0x3 0xa20007 0x582 0x148 0x0 0xa90005 0x0 0x0 0x0 0x0 0x0 0xac0003 0x0 0xf8 0xb50007 0x12d 0xc8 0x52 0xc10007 0x4e 0xc0 0x4 0xc50007 0x0 0x88 0x4 0xcb0005 0x0 0x33b9f90 0x4 0x0 0x0 0xce0007 0x0 0x38 0x4 0xd10003 0x4 0x30 0xdb0003 0x12d 0xfffffffffffffe80 0xe00007 0x582 0x90 0x1a8 0xec0007 0x1a8 0x40 0x0 0xf10007 0x0 0x20 0x0 0xfd0005 0x0 0x18419300 0x1a1 0x18571150 0x7 0x11c0007 0x10c8 0x50 0x1d2 0x1200005 0x1 0x18419300 0x1d1 0x0 0x0 0x1270005 0x7e 0x18419300 0x1212 0x188dac20 0xa oops 17 10 java/util/HashMap 12 java/util/LinkedHashMap 20 java/util/HashMap 22 java/io/ExpiringCache$1 26 java/util/HashMap$Node 28 java/util/LinkedHashMap$Entry 47 java/io/File 49 java/lang/String 60 java/util/HashMap$Node 89 java/util/HashMap 91 java/io/ExpiringCache$1 120 java/lang/String 148 java/util/HashMap 150 java/util/LinkedHashMap 158 java/util/HashMap 164 java/util/HashMap 166 java/io/ExpiringCache$1
ciMethodData java/util/HashMap put (Ljava/lang/Object;Ljava/lang/Object;)Ljava/lang/Object; 2 17236 orig 264 72 34 172 95 0 0 0 0 168 109 17 21 0 0 0 0 152 1 0 0 0 0 0 0 0 0 0 0 0 0 0 0 0 0 0 0 0 0 0 0 0 0 0 0 0 0 0 0 0 0 0 0 0 0 0 0 0 0 0 0 0 0 0 0 0 0 0 0 0 0 0 0 0 0 0 0 0 0 0 0 77 68 79 32 101 120 116 114 97 32 100 97 116 97 32 108 111 99 107 0 0 0 0 0 0 0 0 0 0 0 0 0 0 0 0 0 0 0 0 0 0 0 0 0 0 0 0 0 0 0 0 0 0 0 0 0 0 0 0 0 0 0 0 0 1 0 0 0 0 0 0 0 0 0 0 0 0 0 0 0 0 0 0 0 0 0 0 0 0 0 0 0 0 0 0 0 0 0 0 0 0 0 0 0 0 0 0 0 0 0 0 0 0 0 0 0 0 0 0 0 0 0 0 0 0 0 0 0 0 0 0 0 0 0 0 0 21 1 0 0 249 17 2 0 1 0 0 0 150 40 0 0 0 0 0 0 2 0 0 0 0 0 7 0 2 0 0 0 64 0 0 0 255 255 255 255 2 0 2 0 0 0 0 0 data 8 0x20002 0x423f 0x90005 0xd6f 0x18419300 0x331d 0x188dac20 0x1b4 oops 2 4 java/util/HashMap 6 java/io/ExpiringCache$1
ciMethod sun/net/www/protocol/jar/JarURLConnection getUseCaches ()Z 2057 1 2573 0 -1
ciMethod sun/net/www/protocol/jar/JarURLConnection access$000 (Lsun/net/www/protocol/jar/JarURLConnection;)Ljava/util/jar/JarFile; 0 0 1 0 -1
ciMethod sun/net/www/protocol/jar/JarURLConnection$JarURLInputStream close ()V 3073 1 837 0 0
ciMethodData java/io/BufferedInputStream getBufIfOpen ()[B 2 66157 orig 264 72 34 172 95 0 0 0 0 200 254 23 21 0 0 0 0 80 1 0 0 0 0 0 0 0 0 0 0 0 0 0 0 0 0 0 0 0 0 0 0 0 0 0 0 0 0 0 0 0 0 0 0 0 0 0 0 0 0 0 0 0 0 0 0 0 0 0 0 0 0 0 0 0 0 0 0 0 0 0 0 77 68 79 32 101 120 116 114 97 32 100 97 116 97 32 108 111 99 107 0 0 0 0 0 0 0 0 0 0 0 0 0 0 0 0 0 0 0 0 0 0 0 0 0 0 0 0 0 0 0 0 0 0 0 0 0 0 0 0 0 0 0 0 0 0 0 0 0 0 0 0 0 0 0 0 0 0 0 0 0 0 0 0 0 0 0 0 0 0 0 0 0 0 0 0 0 0 0 0 0 0 0 0 0 25 0 0 0 0 0 0 0 0 0 0 0 0 0 0 0 1 0 0 0 0 0 0 0 0 0 0 0 0 0 0 0 19 1 0 0 209 10 8 0 1 0 0 0 0 0 0 0 0 0 0 0 2 0 0 0 0 0 5 0 2 0 0 0 48 0 0 0 255 255 255 255 7 0 6 0 0 0 0 0 data 6 0x60007 0x1015a 0x30 0x0 0xf0002 0x0 oops 0
ciMethodData java/io/BufferedInputStream fill ()V 2 5351 orig 264 72 34 172 95 0 0 0 0 176 1 24 21 0 0 0 0 136 3 0 0 208 1 0 0 0 0 0 0 0 0 0 0 0 0 0 0 0 0 0 0 0 0 0 0 0 0 0 0 0 0 0 0 0 0 0 0 0 0 0 0 0 0 0 0 0 0 0 0 0 0 0 0 0 0 0 0 0 0 0 0 77 68 79 32 101 120 116 114 97 32 100 97 116 97 32 108 111 99 107 0 0 0 0 0 0 0 0 0 0 0 0 0 0 0 0 0 0 0 0 0 0 0 0 0 0 0 0 0 0 0 0 0 0 0 0 0 0 0 0 0 0 0 0 0 0 0 0 0 0 0 0 0 0 0 0 0 0 0 0 0 0 0 0 0 0 0 0 0 0 0 0 0 0 0 0 0 0 0 0 0 0 0 0 0 0 0 0 0 0 0 0 0 0 0 0 0 0 0 0 0 0 0 0 0 0 0 0 0 0 0 0 0 0 0 0 0 1 0 0 0 49 167 0 0 1 0 0 0 0 0 0 0 0 0 0 0 2 0 0 0 0 0 39 0 2 0 0 0 64 2 0 0 255 255 255 255 2 0 1 0 0 0 0 0 data 72 0x10002 0x14e6 0x90007 0x0 0x38 0x14e6 0x110003 0x14e6 0x1b0 0x1a0007 0x0 0x198 0x0 0x210007 0x0 0x48 0x0 0x360002 0x0 0x430003 0x0 0x148 0x4c0007 0x0 0x38 0x0 0x590003 0x0 0x110 0x610007 0x0 0x30 0x0 0x6a0002 0x0 0x7a0007 0x0 0x38 0x0 0x830003 0x0 0x18 0x8f0007 0x0 0x20 0x0 0xa30002 0x0 0xac0005 0x0 0x0 0x0 0x0 0x0 0xaf0007 0x0 0x30 0x0 0xb80002 0x0 0xc70002 0x14e6 0xd60005 0x10ff 0x18419720 0x3d9 0x17e28780 0xe 0xdb0007 0x1d 0x20 0x14c9 oops 2 64 sun/net/www/protocol/jar/JarURLConnection$JarURLInputStream 66 java/io/FileInputStream
ciMethodData java/io/DataInputStream readInt ()I 2 12896 orig 264 72 34 172 95 0 0 0 0 64 70 47 21 0 0 0 0 56 2 0 0 0 0 0 0 0 0 0 0 0 0 0 0 0 0 0 0 0 0 0 0 0 0 0 0 0 0 0 0 0 0 0 0 0 0 0 0 0 0 0 0 0 0 0 0 0 0 0 0 0 0 0 0 0 0 0 0 0 0 0 0 77 68 79 32 101 120 116 114 97 32 100 97 116 97 32 108 111 99 107 0 0 0 0 0 0 0 0 0 0 0 0 0 0 0 0 0 0 0 0 0 0 0 0 0 0 0 0 0 0 0 0 0 0 0 0 0 0 0 0 0 0 0 0 0 0 0 0 0 0 0 0 0 0 0 0 0 0 0 0 0 0 0 0 0 0 0 0 0 0 0 0 0 0 0 0 0 0 0 0 0 0 0 0 0 25 0 0 0 0 0 0 0 0 0 0 0 0 0 0 0 1 0 0 0 0 0 0 0 0 0 0 0 0 0 0 0 0 2 0 0 1 131 1 0 1 0 0 0 0 0 0 0 0 0 0 0 2 0 0 0 0 0 5 0 2 0 0 0 240 0 0 0 255 255 255 255 5 0 4 0 0 0 0 0 data 30 0x40005 0x0 0x17964b30 0x305a 0x15a23170 0x6 0xc0005 0x0 0x17964b30 0x305a 0x15a23170 0x6 0x140005 0x0 0x17964b30 0x305a 0x15a23170 0x6 0x1c0005 0x0 0x17964b30 0x305a 0x15a23170 0x6 0x290007 0x3060 0x30 0x0 0x300002 0x0 oops 8 2 java/io/BufferedInputStream 4 java/io/ByteArrayInputStream 8 java/io/BufferedInputStream 10 java/io/ByteArrayInputStream 14 java/io/BufferedInputStream 16 java/io/ByteArrayInputStream 20 java/io/BufferedInputStream 22 java/io/ByteArrayInputStream
ciMethodData java/io/DataInputStream readUnsignedShort ()I 2 26663 orig 264 72 34 172 95 0 0 0 0 160 68 47 21 0 0 0 0 216 1 0 0 0 0 0 0 0 0 0 0 0 0 0 0 0 0 0 0 0 0 0 0 0 0 0 0 0 0 0 0 0 0 0 0 0 0 0 0 0 0 0 0 0 0 0 0 0 0 0 0 0 0 0 0 0 0 0 0 0 0 0 0 77 68 79 32 101 120 116 114 97 32 100 97 116 97 32 108 111 99 107 0 0 0 0 0 0 0 0 0 0 0 0 0 0 0 0 0 0 0 0 0 0 0 0 0 0 0 0 0 0 0 0 0 0 0 0 0 0 0 0 0 0 0 0 0 0 0 0 0 0 0 0 0 0 0 0 0 0 0 0 0 0 0 0 0 0 0 0 0 0 0 0 0 0 0 0 0 0 0 0 0 0 0 0 0 25 0 0 0 0 0 0 0 0 0 0 0 0 0 0 0 1 0 0 0 0 0 0 0 0 0 0 0 0 0 0 0 0 2 0 0 57 49 3 0 1 0 0 0 0 0 0 0 0 0 0 0 2 0 0 0 0 0 5 0 2 0 0 0 144 0 0 0 255 255 255 255 5 0 4 0 0 0 0 0 data 18 0x40005 0x0 0x17964b30 0x6627 0x0 0x0 0xc0005 0x0 0x17964b30 0x6627 0x0 0x0 0x130007 0x6627 0x30 0x0 0x1a0002 0x0 oops 2 2 java/io/BufferedInputStream 8 java/io/BufferedInputStream
ciMethodData java/io/BufferedInputStream getInIfOpen ()Ljava/io/InputStream; 2 4845 orig 264 72 34 172 95 0 0 0 0 24 254 23 21 0 0 0 0 80 1 0 0 0 0 0 0 0 0 0 0 0 0 0 0 0 0 0 0 0 0 0 0 0 0 0 0 0 0 0 0 0 0 0 0 0 0 0 0 0 0 0 0 0 0 0 0 0 0 0 0 0 0 0 0 0 0 0 0 0 0 0 0 77 68 79 32 101 120 116 114 97 32 100 97 116 97 32 108 111 99 107 0 0 0 0 0 0 0 0 0 0 0 0 0 0 0 0 0 0 0 0 0 0 0 0 0 0 0 0 0 0 0 0 0 0 0 0 0 0 0 0 0 0 0 0 0 0 0 0 0 0 0 0 0 0 0 0 0 0 0 0 0 0 0 0 0 0 0 0 0 0 0 0 0 0 0 0 0 0 0 0 0 0 0 0 0 25 0 0 0 0 0 0 0 0 0 0 0 0 0 0 0 1 0 0 0 0 0 0 0 0 0 0 0 0 0 0 0 10 0 0 0 25 151 0 0 1 0 0 0 0 0 0 0 0 0 0 0 2 0 0 0 0 0 5 0 2 0 0 0 48 0 0 0 255 255 255 255 7 0 6 0 0 0 0 0 data 6 0x60007 0x12e3 0x30 0x0 0xf0002 0x0 oops 0
ciMethodData java/util/zip/InflaterInputStream ensureOpen ()V 2 6378 orig 264 72 34 172 95 0 0 0 0 240 233 39 21 0 0 0 0 80 1 0 0 0 0 0 0 0 0 0 0 0 0 0 0 0 0 0 0 0 0 0 0 0 0 0 0 0 0 0 0 0 0 0 0 0 0 0 0 0 0 0 0 0 0 0 0 0 0 0 0 0 0 0 0 0 0 0 0 0 0 0 0 77 68 79 32 101 120 116 114 97 32 100 97 116 97 32 108 111 99 107 0 0 0 0 0 0 0 0 0 0 0 0 0 0 0 0 0 0 0 0 0 0 0 0 0 0 0 0 0 0 0 0 0 0 0 0 0 0 0 0 0 0 0 0 0 0 0 0 0 0 0 0 0 0 0 0 0 0 0 0 0 0 0 0 0 0 0 0 0 0 0 0 0 0 0 0 0 0 0 0 0 0 0 0 0 25 0 0 0 0 0 0 0 0 0 0 0 0 0 0 0 1 0 0 0 0 0 0 0 0 0 0 0 0 0 0 0 1 1 0 0 73 191 0 0 1 0 0 0 0 0 0 0 0 0 0 0 2 0 0 0 0 0 5 0 2 0 0 0 48 0 0 0 255 255 255 255 7 0 4 0 0 0 0 0 data 6 0x40007 0x17e9 0x30 0x0 0xd0002 0x0 oops 0
ciMethodData java/io/InputStream <init> ()V 2 21026 orig 264 72 34 172 95 0 0 0 0 40 25 11 21 0 0 0 0 48 1 0 0 0 0 0 0 0 0 0 0 0 0 0 0 0 0 0 0 0 0 0 0 0 0 0 0 0 0 0 0 0 0 0 0 0 0 0 0 0 0 0 0 0 0 0 0 0 0 0 0 0 0 0 0 0 0 0 0 0 0 0 0 77 68 79 32 101 120 116 114 97 32 100 97 116 97 32 108 111 99 107 0 0 0 0 0 0 0 0 0 0 0 0 0 0 0 0 0 0 0 0 0 0 0 0 0 0 0 0 0 0 0 0 0 0 0 0 0 0 0 0 0 0 0 0 0 0 0 0 0 0 0 0 0 0 0 0 0 0 0 0 0 0 0 0 0 0 0 0 0 0 0 0 0 0 0 0 0 0 0 0 0 0 0 0 0 0 0 0 0 0 0 0 0 0 0 0 0 0 0 0 0 0 0 0 0 0 0 0 0 0 0 0 0 0 0 0 0 1 1 0 0 9 137 2 0 1 0 0 0 0 0 0 0 0 0 0 0 2 0 0 0 0 0 3 0 2 0 0 0 16 0 0 0 255 255 255 255 2 0 1 0 0 0 0 0 data 2 0x10002 0x5121 oops 0
ciMethodData java/util/AbstractList <init> ()V 2 15875 orig 264 72 34 172 95 0 0 0 0 208 77 15 21 0 0 0 0 48 1 0 0 0 0 0 0 0 0 0 0 0 0 0 0 0 0 0 0 0 0 0 0 0 0 0 0 0 0 0 0 0 0 0 0 0 0 0 0 0 0 0 0 0 0 0 0 0 0 0 0 0 0 0 0 0 0 0 0 0 0 0 0 77 68 79 32 101 120 116 114 97 32 100 97 116 97 32 108 111 99 107 0 0 0 0 0 0 0 0 0 0 0 0 0 0 0 0 0 0 0 0 0 0 0 0 0 0 0 0 0 0 0 0 0 0 0 0 0 0 0 0 0 0 0 0 0 0 0 0 0 0 0 0 0 0 0 0 0 0 0 0 0 0 0 0 0 0 0 0 0 0 0 0 0 0 0 0 0 0 0 0 0 0 0 0 0 0 0 0 0 0 0 0 0 0 0 0 0 0 0 0 0 0 0 0 0 0 0 0 0 0 0 0 0 0 0 0 0 83 0 0 0 129 237 1 0 1 0 0 0 0 0 0 0 0 0 0 0 2 0 0 0 0 0 3 0 2 0 0 0 16 0 0 0 255 255 255 255 2 0 1 0 0 0 0 0 data 2 0x10002 0x3db0 oops 0
ciMethod java/util/ResourceBundle getString (Ljava/lang/String;)Ljava/lang/String; 153 1 17 0 -1
ciMethod java/util/ResourceBundle getObject (Ljava/lang/String;)Ljava/lang/Object; 561 1 68 0 -1
ciMethod java/util/ResourceBundle handleGetObject (Ljava/lang/String;)Ljava/lang/Object; 0 0 1 0 -1
ciMethodData java/io/FilterInputStream <init> (Ljava/io/InputStream;)V 2 15086 orig 264 72 34 172 95 0 0 0 0 224 12 24 21 0 0 0 0 56 1 0 0 0 0 0 0 0 0 0 0 0 0 0 0 0 0 0 0 0 0 0 0 0 0 0 0 0 0 0 0 0 0 0 0 0 0 0 0 0 0 0 0 0 0 0 0 0 0 0 0 0 0 0 0 0 0 0 0 0 0 0 0 77 68 79 32 101 120 116 114 97 32 100 97 116 97 32 108 111 99 107 0 0 0 0 0 0 0 0 0 0 0 0 0 0 0 0 0 0 0 0 0 0 0 0 0 0 0 0 0 0 0 0 0 0 0 0 0 0 0 0 0 0 0 0 0 0 0 0 0 0 0 0 0 0 0 0 0 0 0 0 0 0 0 0 0 0 0 0 0 0 0 0 0 0 0 0 0 0 0 0 0 0 0 0 0 0 0 0 0 0 0 0 0 0 0 0 0 0 0 0 0 0 0 0 0 0 0 0 0 0 0 0 0 0 0 0 0 0 1 0 0 113 207 1 0 1 0 0 0 0 0 0 0 0 0 0 0 2 0 0 0 0 0 3 0 2 0 0 0 16 0 0 0 255 255 255 255 2 0 1 0 0 0 0 0 data 2 0x10002 0x39ee oops 0
ciMethodData java/util/HashMap containsKey (Ljava/lang/Object;)Z 2 8534 orig 264 72 34 172 95 0 0 0 0 8 109 17 21 0 0 0 0 200 1 0 0 0 0 0 0 0 0 0 0 0 0 0 0 0 0 0 0 0 0 0 0 0 0 0 0 0 0 0 0 0 0 0 0 0 0 0 0 0 0 0 0 0 0 0 0 0 0 0 0 0 0 0 0 0 0 0 0 0 0 0 0 77 68 79 32 101 120 116 114 97 32 100 97 116 97 32 108 111 99 107 0 0 0 0 0 0 0 0 0 0 0 0 0 0 0 0 0 0 0 0 0 0 0 0 0 0 0 0 0 0 0 0 0 0 0 0 0 0 0 0 0 0 0 0 0 0 0 0 0 0 0 0 0 0 0 0 0 0 0 0 0 0 0 0 0 0 0 0 0 0 0 0 0 0 0 0 0 0 0 0 0 0 0 0 0 0 0 0 0 0 0 0 0 0 0 0 0 0 0 0 0 0 0 0 0 0 0 0 0 0 0 0 0 0 0 0 0 18 1 0 0 33 2 1 0 1 0 0 0 0 0 0 0 0 0 0 0 2 0 0 0 0 0 10 0 2 0 0 0 120 0 0 0 255 255 255 255 2 0 2 0 0 0 0 0 data 15 0x20002 0x2044 0x60005 0x1 0x18419300 0x1406 0x18571150 0xc3d 0x90007 0x1f4b 0x38 0xf9 0xd0003 0xf9 0x18 oops 2 4 java/util/HashMap 6 java/util/LinkedHashMap
ciMethod java/util/concurrent/locks/ReadWriteLock readLock ()Ljava/util/concurrent/locks/Lock; 0 0 1 0 -1
ciMethodData java/util/ArrayList <init> (I)V 2 5782 orig 264 72 34 172 95 0 0 0 0 72 205 15 21 0 0 0 0 128 2 0 0 104 0 0 0 0 0 0 0 0 0 0 0 0 0 0 0 0 0 0 0 0 0 0 0 0 0 0 0 0 0 0 0 0 0 0 0 0 0 0 0 0 0 0 0 0 0 0 0 0 0 0 0 0 0 0 0 0 0 0 0 77 68 79 32 101 120 116 114 97 32 100 97 116 97 32 108 111 99 107 0 0 0 0 0 0 0 0 0 0 0 0 0 0 0 0 0 0 0 0 0 0 0 0 0 0 0 0 0 0 0 0 0 0 0 0 0 0 0 0 0 0 0 0 0 0 0 0 0 0 0 0 0 0 0 0 0 0 0 0 0 0 0 0 0 0 0 0 0 0 0 0 0 0 0 0 0 0 0 0 0 0 0 0 0 0 0 0 0 0 0 0 0 0 0 0 0 0 0 0 0 0 0 0 0 0 0 0 0 0 0 0 0 0 0 0 0 138 1 0 0 97 168 0 0 1 0 0 0 0 0 0 0 0 0 0 0 2 0 0 0 0 0 8 0 2 0 0 0 48 1 0 0 255 255 255 255 2 0 1 0 0 0 0 0 data 38 0x10002 0x150c 0x50007 0x432 0x38 0x10da 0x100003 0x10da 0x100 0x140007 0x0 0x38 0x432 0x1e0003 0x432 0xc8 0x290002 0x0 0x2e0005 0x0 0x0 0x0 0x0 0x0 0x320005 0x0 0x0 0x0 0x0 0x0 0x350005 0x0 0x0 0x0 0x0 0x0 0x380002 0x0 oops 0
ciMethod org/apache/catalina/startup/ContextConfig populateJavaClassCache (Ljava/lang/String;Lorg/apache/tomcat/util/bcel/classfile/JavaClass;)V 1713 569 4164 0 0
ciMethod org/apache/catalina/startup/ContextConfig populateJavaClassCache (Ljava/lang/String;)V 2049 1 5376 0 0
ciMethod org/apache/catalina/Context getLoader ()Lorg/apache/catalina/Loader; 0 0 1 0 -1
ciMethod org/apache/catalina/core/StandardContext getLoader ()Lorg/apache/catalina/Loader; 729 1 823 0 0
ciMethod org/apache/catalina/Loader getClassLoader ()Ljava/lang/ClassLoader; 0 0 1 0 -1
ciMethod org/apache/juli/logging/Log isDebugEnabled ()Z 0 0 1 0 -1
ciMethod org/apache/juli/logging/Log debug (Ljava/lang/Object;)V 0 0 1 0 -1
ciMethod org/apache/juli/logging/Log debug (Ljava/lang/Object;Ljava/lang/Throwable;)V 0 0 1 0 -1
ciMethod java/util/MissingResourceException <init> (Ljava/lang/String;Ljava/lang/String;Ljava/lang/String;)V 0 0 1 0 -1
ciMethod org/apache/juli/logging/impl/Log4JLogger debug (Ljava/lang/Object;Ljava/lang/Throwable;)V 0 0 1 0 0
ciMethod org/apache/juli/logging/impl/Log4JLogger getLogger ()Lorg/apache/log4j/Logger; 2113 1 7847 0 -1
ciMethod org/apache/log4j/Category log (Ljava/lang/String;Lorg/apache/log4j/Priority;Ljava/lang/Object;Ljava/lang/Throwable;)V 9 1 20 0 -1
ciMethod org/apache/tomcat/util/res/StringManager getString (Ljava/lang/String;)Ljava/lang/String; 81 1 9 0 -1
ciMethod org/apache/tomcat/util/res/StringManager getString (Ljava/lang/String;[Ljava/lang/Object;)Ljava/lang/String; 49 1 6 0 0
ciMethodData org/apache/log4j/Category log (Ljava/lang/String;Lorg/apache/log4j/Priority;Ljava/lang/Object;Ljava/lang/Throwable;)V 1 20 orig 264 72 34 172 95 0 0 0 0 16 45 85 26 0 0 0 0 168 1 0 0 0 0 0 0 0 0 0 0 0 0 0 0 0 0 0 0 0 0 0 0 0 0 0 0 0 0 0 0 0 0 0 0 0 0 0 0 0 0 0 0 0 0 0 0 0 0 0 0 0 0 0 0 0 0 0 0 0 0 0 0 77 68 79 32 101 120 116 114 97 32 100 97 116 97 32 108 111 99 107 0 0 0 0 0 0 0 0 0 0 0 0 0 0 0 0 0 0 0 0 0 0 0 0 0 0 0 0 0 0 0 0 0 0 0 0 0 0 0 0 0 0 0 0 0 0 0 0 0 0 0 0 0 0 0 0 0 0 0 0 0 0 0 0 0 0 0 0 0 0 0 0 0 0 0 0 0 0 0 0 0 0 0 0 0 17 0 0 0 0 0 0 0 0 0 0 0 0 0 0 0 0 0 0 0 0 0 0 0 0 0 0 0 0 0 0 0 1 0 0 0 153 0 0 0 1 0 0 0 0 0 0 0 0 0 0 0 2 0 0 0 0 0 0 0 0 0 0 0 64 0 0 0 255 255 255 255 2 0 2 0 0 0 0 0 data 8 0x20002 0x13 0xf0005 0x0 0x17f590a0 0x13 0x0 0x0 oops 1 4 org/apache/log4j/Logger
ciMethod java/text/MessageFormat <init> (Ljava/lang/String;)V 49 1 6 0 -1
ciMethod java/text/MessageFormat setLocale (Ljava/util/Locale;)V 49 1 6 0 -1
ciMethod java/text/MessageFormat format ([Ljava/lang/Object;Ljava/lang/StringBuffer;Ljava/text/FieldPosition;)Ljava/lang/StringBuffer; 49 1 6 0 -1
ciMethod java/text/MessageFormat subformat ([Ljava/lang/Object;Ljava/lang/StringBuffer;Ljava/text/FieldPosition;Ljava/util/List;)Ljava/lang/StringBuffer; 49 49 6 0 -1
ciMethodData org/apache/tomcat/util/res/StringManager getString (Ljava/lang/String;[Ljava/lang/Object;)Ljava/lang/String; 1 6 orig 264 72 34 172 95 0 0 0 0 80 178 85 26 0 0 0 0 88 2 0 0 48 0 0 0 0 0 0 0 0 0 0 0 0 0 0 0 0 0 0 0 0 0 0 0 0 0 0 0 0 0 0 0 0 0 0 0 0 0 0 0 0 0 0 0 0 0 0 0 0 0 0 0 0 0 0 0 0 0 0 0 77 68 79 32 101 120 116 114 97 32 100 97 116 97 32 108 111 99 107 0 0 0 0 0 0 0 0 0 0 0 0 0 0 0 0 0 0 0 0 0 0 0 0 0 0 0 0 0 0 0 0 0 0 0 0 0 0 0 0 0 0 0 0 0 0 0 0 0 0 0 0 0 0 0 0 0 0 0 0 0 0 0 0 0 0 0 0 0 0 0 0 0 0 0 0 0 0 0 0 0 0 0 0 0 0 0 0 0 0 0 0 0 0 0 0 0 0 0 0 0 0 0 0 0 0 0 0 0 0 0 0 0 0 0 0 0 6 0 0 0 1 0 0 0 1 0 0 0 0 0 0 0 0 0 0 0 2 0 0 0 0 0 0 0 0 0 0 0 0 1 0 0 255 255 255 255 5 0 2 0 0 0 0 0 data 32 0x20005 0x0 0x0 0x0 0x0 0x0 0x70007 0x0 0x20 0x0 0x110002 0x0 0x1c0005 0x0 0x0 0x0 0x0 0x0 0x260002 0x0 0x2a0005 0x0 0x0 0x0 0x0 0x0 0x2d0005 0x0 0x0 0x0 0x0 0x0 oops 0
ciMethodData java/io/DataInputStream skipBytes (I)I 2 17166 orig 264 72 34 172 95 0 0 0 0 8 65 47 21 0 0 0 0 216 1 0 0 0 0 0 0 0 0 0 0 0 0 0 0 0 0 0 0 0 0 0 0 0 0 0 0 0 0 0 0 0 0 0 0 0 0 0 0 0 0 0 0 0 0 0 0 0 0 0 0 0 0 0 0 0 0 0 0 0 0 0 0 77 68 79 32 101 120 116 114 97 32 100 97 116 97 32 108 111 99 107 0 0 0 0 0 0 0 0 0 0 0 0 0 0 0 0 0 0 0 0 0 0 0 0 0 0 0 0 0 0 0 0 0 0 0 0 0 0 0 0 0 0 0 0 0 0 0 0 0 0 0 0 0 0 0 0 0 0 0 0 0 0 0 0 0 0 0 0 0 0 0 0 0 0 0 0 0 0 0 0 0 0 0 0 0 0 0 0 0 0 0 0 0 0 0 0 0 0 0 0 0 0 0 0 0 0 0 0 0 0 0 0 0 0 0 0 0 230 1 0 0 57 9 2 0 65 9 2 0 0 0 0 0 0 0 0 0 2 0 0 0 1 0 9 0 2 0 0 0 136 0 0 0 255 255 255 255 7 0 6 0 0 0 0 0 data 17 0x60007 0x4127 0x88 0x4128 0x110005 0x0 0x17964b30 0x4128 0x0 0x0 0x170007 0x0 0x38 0x4128 0x1e0003 0x4128 0xffffffffffffff90 oops 1 6 java/io/BufferedInputStream
ciMethodData java/io/BufferedInputStream skip (J)J 2 17166 orig 264 72 34 172 95 0 0 0 0 152 5 24 21 0 0 0 0 112 2 0 0 192 0 0 0 0 0 0 0 0 0 0 0 0 0 0 0 0 0 0 0 0 0 0 0 0 0 0 0 0 0 0 0 0 0 0 0 0 0 0 0 0 0 0 0 0 0 0 0 0 0 0 0 0 0 0 0 0 0 0 0 77 68 79 32 101 120 116 114 97 32 100 97 116 97 32 108 111 99 107 0 0 0 0 0 0 0 0 0 0 0 0 0 0 0 0 0 0 0 0 0 0 0 0 0 0 0 0 0 0 0 0 0 0 0 0 0 0 0 0 0 0 0 0 0 0 0 0 0 0 0 0 0 0 0 0 0 0 0 0 0 0 0 0 0 0 0 0 0 0 0 0 0 0 0 0 0 0 0 0 0 0 0 0 0 0 0 0 0 0 0 0 0 0 0 0 0 0 0 0 0 0 0 0 0 0 0 0 0 0 0 0 0 0 0 0 0 237 1 0 0 9 9 2 0 1 0 0 0 0 0 0 0 0 0 0 0 2 0 0 0 0 0 21 0 2 0 0 0 24 1 0 0 255 255 255 255 2 0 1 0 0 0 0 0 data 35 0x10002 0x4121 0x80007 0x4121 0x20 0x0 0x1b0007 0x4106 0xb0 0x1b 0x220007 0x0 0x60 0x1b 0x260002 0x1b 0x2a0005 0x0 0x18419720 0x6 0x17349730 0x15 0x2f0002 0x0 0x400007 0x0 0x20 0x0 0x480007 0x40f8 0x38 0xe 0x4c0003 0xe 0x18 oops 2 18 sun/net/www/protocol/jar/JarURLConnection$JarURLInputStream 20 java/util/zip/ZipFile$ZipFileInflaterInputStream
ciMethod org/apache/tomcat/util/bcel/classfile/ClassParser <init> (Ljava/io/InputStream;)V 1721 1 4219 0 0
ciMethod org/apache/tomcat/util/bcel/classfile/ClassParser parse ()Lorg/apache/tomcat/util/bcel/classfile/JavaClass; 1721 1 4219 0 0
ciMethod org/apache/tomcat/util/bcel/classfile/ClassParser readAttributes ()V 2737 4049 4223 0 0
ciMethod org/apache/tomcat/util/bcel/classfile/ClassParser readClassInfo ()V 2737 1 4223 0 0
ciMethod org/apache/tomcat/util/bcel/classfile/ClassParser readConstantPool ()V 2737 1 4223 0 0
ciMethod org/apache/tomcat/util/bcel/classfile/ClassParser readFields ()V 2737 4265 4223 0 0
ciMethod org/apache/tomcat/util/bcel/classfile/ClassParser readID ()V 2385 1 4223 0 0
ciMethod org/apache/tomcat/util/bcel/classfile/ClassParser readInterfaces ()V 2737 1209 4223 0 0
ciMethod org/apache/tomcat/util/bcel/classfile/ClassParser readMethods ()V 2377 16417 4223 0 0
ciMethod org/apache/tomcat/util/bcel/classfile/ClassParser readVersion ()V 2377 1 4223 0 0
ciMethod org/apache/tomcat/util/bcel/classfile/Utility compactClassName (Ljava/lang/String;)Ljava/lang/String; 2073 1 7291 0 0
ciMethod org/apache/tomcat/util/bcel/classfile/Utility getClassName (Lorg/apache/tomcat/util/bcel/classfile/ConstantPool;I)Ljava/lang/String; 2049 1 7291 0 1536
ciMethod org/apache/tomcat/util/bcel/classfile/Utility skipFully (Ljava/io/DataInput;I)V 1537 1 170242 0 0
ciMethod org/apache/tomcat/util/bcel/classfile/Utility swallowFieldOrMethod (Ljava/io/DataInput;)V 2281 2649 47256 0 0
ciMethod org/apache/tomcat/util/bcel/classfile/Utility swallowAttribute (Ljava/io/DataInput;)V 2105 1 51778 0 0
ciMethod org/apache/tomcat/util/bcel/classfile/Constant getTag ()B 1289 1 161 0 0
ciMethod org/apache/tomcat/util/bcel/classfile/Constant readConstant (Ljava/io/DataInput;)Lorg/apache/tomcat/util/bcel/classfile/Constant; 2049 1 40274 0 6080
ciMethod org/apache/tomcat/util/bcel/classfile/ConstantClass <init> (Ljava/io/DataInput;)V 169 1 4150 0 -1
ciMethod org/apache/tomcat/util/bcel/classfile/ConstantClass getNameIndex ()I 1025 1 128 0 0
ciMethod org/apache/tomcat/util/bcel/classfile/ConstantInteger <init> (Ljava/io/DataInput;)V 473 1 59 0 -1
ciMethod org/apache/tomcat/util/bcel/classfile/ConstantFloat <init> (Ljava/io/DataInput;)V 57 1 7 0 -1
ciMethod org/apache/tomcat/util/bcel/classfile/ConstantLong <init> (Ljava/io/DataInput;)V 25 1 10 0 -1
ciMethod org/apache/tomcat/util/bcel/classfile/ConstantDouble <init> (Ljava/io/DataInput;)V 9 1 1 0 -1
ciMethod org/apache/tomcat/util/bcel/classfile/ConstantUtf8 getInstance (Ljava/io/DataInput;)Lorg/apache/tomcat/util/bcel/classfile/ConstantUtf8; 1281 1 23844 0 -1
ciMethod org/apache/tomcat/util/bcel/classfile/ConstantUtf8 getBytes ()Ljava/lang/String; 1049 1 131 0 0
ciMethodData org/apache/tomcat/util/bcel/classfile/Constant readConstant (Ljava/io/DataInput;)Lorg/apache/tomcat/util/bcel/classfile/Constant; 2 40274 orig 264 72 34 172 95 0 0 0 0 240 101 132 26 0 0 0 0 32 4 0 0 184 2 0 0 0 0 0 0 0 0 0 0 0 0 0 0 0 0 0 0 0 0 0 0 0 0 0 0 0 0 0 0 0 0 0 0 0 0 0 0 0 0 0 0 0 0 0 0 0 0 0 0 0 0 0 0 0 0 0 0 77 68 79 32 101 120 116 114 97 32 100 97 116 97 32 108 111 99 107 0 0 0 0 0 0 0 0 0 0 0 0 0 0 0 0 0 0 0 0 0 0 0 0 0 0 0 0 0 0 0 0 0 0 0 0 0 0 0 0 0 0 0 0 0 0 0 0 0 0 0 0 0 0 0 0 0 0 0 0 0 0 0 0 0 0 0 0 0 0 0 0 0 0 0 0 0 0 0 0 0 0 0 0 0 0 0 0 0 0 0 0 0 0 0 0 0 0 0 0 0 0 0 0 0 0 0 0 0 0 0 0 0 0 0 0 0 0 1 0 0 145 226 4 0 1 0 0 0 0 0 0 0 0 0 0 0 2 0 0 0 0 0 24 0 2 0 0 0 216 2 0 0 255 255 255 255 5 0 1 0 0 0 0 0 data 91 0x10005 0x0 0x17964a60 0x9c52 0x0 0x0 0x80008 0x26 0x0 0x1e8 0xd2 0x190 0x0 0x1e8 0x1 0x150 0x0 0x160 0x1 0x170 0x0 0x180 0x29 0x140 0x14 0x1a0 0xc 0x1d0 0x33 0x1d0 0x8 0x1d0 0x40 0x1d0 0x0 0x1e8 0x0 0x1e8 0x0 0x1b8 0x0 0x1a0 0x0 0x1e8 0x0 0x1d0 0x650002 0x1022 0x6e0002 0x3b 0x770002 0x7 0x800002 0x7 0x890002 0x1 0x8e0002 0x5c84 0x940003 0x53d 0xf8 0x990003 0x7 0xe0 0x9e0003 0x2a1e 0xc8 0xa90002 0x0 0xae0005 0x0 0x0 0x0 0x0 0x0 0xb20005 0x0 0x0 0x0 0x0 0x0 0xb50005 0x0 0x0 0x0 0x0 0x0 0xb80002 0x0 0xbe0002 0x2f62 oops 1 2 java/io/DataInputStream
ciMethodData org/apache/tomcat/util/bcel/classfile/Utility skipFully (Ljava/io/DataInput;I)V 2 170242 orig 264 72 34 172 95 0 0 0 0 120 89 132 26 0 0 0 0 176 1 0 0 0 0 0 0 0 0 0 0 0 0 0 0 0 0 0 0 0 0 0 0 0 0 0 0 0 0 0 0 0 0 0 0 0 0 0 0 0 0 0 0 0 0 0 0 0 0 0 0 0 0 0 0 0 0 0 0 0 0 0 0 77 68 79 32 101 120 116 114 97 32 100 97 116 97 32 108 111 99 107 0 0 0 0 0 0 0 0 0 0 0 0 0 0 0 0 0 0 0 0 0 0 0 0 0 0 0 0 0 0 0 0 0 0 0 0 0 0 0 0 0 0 0 0 0 0 0 0 0 0 0 0 0 0 0 0 0 0 0 0 0 0 0 0 0 0 0 0 0 0 0 0 0 0 0 0 0 0 0 0 0 0 0 0 0 0 0 0 0 0 0 0 0 0 0 0 0 0 0 0 0 0 0 0 0 0 0 0 0 0 0 0 0 0 0 0 0 192 0 0 0 17 194 20 0 1 0 0 0 0 0 0 0 0 0 0 0 2 0 0 0 0 0 5 0 2 0 0 0 96 0 0 0 255 255 255 255 5 0 2 0 0 0 0 0 data 12 0x20005 0x0 0x17964a60 0x29842 0x0 0x0 0xa0007 0x29842 0x30 0x0 0x110002 0x0 oops 1 2 java/io/DataInputStream
ciMethodData org/apache/tomcat/util/bcel/classfile/Utility swallowAttribute (Ljava/io/DataInput;)V 2 52043 orig 264 72 34 172 95 0 0 0 0 72 91 132 26 0 0 0 0 152 1 0 0 0 0 0 0 0 0 0 0 0 0 0 0 0 0 0 0 0 0 0 0 0 0 0 0 0 0 0 0 0 0 0 0 0 0 0 0 0 0 0 0 0 0 0 0 0 0 0 0 0 0 0 0 0 0 0 0 0 0 0 0 77 68 79 32 101 120 116 114 97 32 100 97 116 97 32 108 111 99 107 0 0 0 0 0 0 0 0 0 0 0 0 0 0 0 0 0 0 0 0 0 0 0 0 0 0 0 0 0 0 0 0 0 0 0 0 0 0 0 0 0 0 0 0 0 0 0 0 0 0 0 0 0 0 0 0 0 0 0 0 0 0 0 0 0 0 0 0 0 0 0 0 0 0 0 0 0 0 0 0 0 0 0 0 0 0 0 0 0 0 0 0 0 0 0 0 0 0 0 0 0 0 0 0 0 0 0 0 0 0 0 0 0 0 0 0 0 7 1 0 0 33 82 6 0 1 0 0 0 0 0 0 0 0 0 0 0 2 0 0 0 0 0 9 0 2 0 0 0 80 0 0 0 255 255 255 255 2 0 2 0 0 0 0 0 data 10 0x20002 0xca44 0x60005 0x0 0x17964a60 0xca44 0x0 0x0 0xe0002 0xca44 oops 1 4 java/io/DataInputStream
ciMethodData org/apache/tomcat/util/bcel/classfile/Utility swallowFieldOrMethod (Ljava/io/DataInput;)V 2 51779 orig 264 72 34 172 95 0 0 0 0 112 90 132 26 0 0 0 0 208 1 0 0 112 0 0 0 0 0 0 0 0 0 0 0 0 0 0 0 0 0 0 0 0 0 0 0 0 0 0 0 0 0 0 0 0 0 0 0 0 0 0 0 0 0 0 0 0 0 0 0 0 0 0 0 0 0 0 0 0 0 0 0 77 68 79 32 101 120 116 114 97 32 100 97 116 97 32 108 111 99 107 0 0 0 0 0 0 0 0 0 0 0 0 0 0 0 0 0 0 0 0 0 0 0 0 0 0 0 0 0 0 0 0 0 0 0 0 0 0 0 0 0 0 0 0 0 0 0 0 0 0 0 0 0 0 0 0 0 0 0 0 0 0 0 0 0 0 0 0 0 0 0 0 0 0 0 0 0 0 0 0 0 0 0 0 0 0 0 0 0 0 0 0 0 0 0 0 0 0 0 0 0 0 0 0 0 0 0 0 0 0 0 0 0 0 0 0 0 75 1 0 0 113 188 5 0 193 71 6 0 0 0 0 0 0 0 0 0 2 0 0 0 1 0 16 0 2 0 0 0 136 0 0 0 255 255 255 255 2 0 3 0 0 0 0 0 data 17 0x30002 0xb78e 0x70005 0x0 0x17964a60 0xb78e 0x0 0x0 0x110007 0xb78e 0x48 0xc8f7 0x150002 0xc8f7 0x1b0003 0xc8f7 0xffffffffffffffd0 oops 1 4 java/io/DataInputStream
ciMethodData org/apache/tomcat/util/bcel/classfile/ConstantPool getConstant (IB)Lorg/apache/tomcat/util/bcel/classfile/Constant; 2 6517 orig 264 72 34 172 95 0 0 0 0 120 122 198 26 0 0 0 0 72 4 0 0 32 1 0 0 0 0 0 0 0 0 0 0 0 0 0 0 0 0 0 0 0 0 0 0 0 0 0 0 0 0 0 0 0 0 0 0 0 0 0 0 0 0 0 0 0 0 0 0 0 0 0 0 0 0 0 0 0 0 0 0 77 68 79 32 101 120 116 114 97 32 100 97 116 97 32 108 111 99 107 0 0 0 0 0 0 0 0 0 0 0 0 0 0 0 0 0 0 0 0 0 0 0 0 0 0 0 0 0 0 0 0 0 0 0 0 0 0 0 0 0 0 0 0 0 0 0 0 0 0 0 0 0 0 0 0 0 0 0 0 0 0 0 0 0 0 0 0 0 0 0 0 0 0 0 0 0 0 0 0 0 0 0 0 0 0 0 0 0 0 0 0 0 0 0 0 0 0 0 0 0 0 0 0 0 0 0 0 0 0 0 0 0 0 0 0 0 7 1 0 0 113 195 0 0 1 0 0 0 0 0 0 0 0 0 0 0 2 0 0 0 0 0 12 0 2 0 0 0 240 2 0 0 255 255 255 255 5 0 2 0 0 0 0 0 data 94 0x20005 0x0 0x19bdc5e0 0x186e 0x0 0x0 0x70007 0x186e 0x100 0x0 0x120002 0x0 0x170005 0x0 0x0 0x0 0x0 0x0 0x1b0005 0x0 0x0 0x0 0x0 0x0 0x200005 0x0 0x0 0x0 0x0 0x0 0x230005 0x0 0x0 0x0 0x0 0x0 0x260002 0x0 0x2b0005 0x18 0x1b4faac0 0x950 0x1b4faa10 0xf06 0x2f0007 0x186e 0x190 0x0 0x3a0002 0x0 0x3f0005 0x0 0x0 0x0 0x0 0x0 0x470005 0x0 0x0 0x0 0x0 0x0 0x4c0005 0x0 0x0 0x0 0x0 0x0 0x500005 0x0 0x0 0x0 0x0 0x0 0x550005 0x0 0x0 0x0 0x0 0x0 0x590005 0x0 0x0 0x0 0x0 0x0 0x5c0005 0x0 0x0 0x0 0x0 0x0 0x5f0002 0x0 oops 3 2 org/apache/tomcat/util/bcel/classfile/ConstantPool 40 org/apache/tomcat/util/bcel/classfile/ConstantClass 42 org/apache/tomcat/util/bcel/classfile/ConstantUtf8
ciMethodData org/apache/tomcat/util/bcel/classfile/ConstantPool getConstant (I)Lorg/apache/tomcat/util/bcel/classfile/Constant; 2 6517 orig 264 72 34 172 95 0 0 0 0 40 121 198 26 0 0 0 0 160 2 0 0 32 0 0 0 0 0 0 0 0 0 0 0 0 0 0 0 0 0 0 0 0 0 0 0 0 0 0 0 0 0 0 0 0 0 0 0 0 0 0 0 0 0 0 0 0 0 0 0 0 0 0 0 0 0 0 0 0 0 0 0 77 68 79 32 101 120 116 114 97 32 100 97 116 97 32 108 111 99 107 0 0 0 0 0 0 0 0 0 0 0 0 0 0 0 0 0 0 0 0 0 0 0 0 0 0 0 0 0 0 0 0 0 0 0 0 0 0 0 0 0 0 0 0 0 0 0 0 0 0 0 0 0 0 0 0 0 0 0 0 0 0 0 0 0 0 0 0 0 0 0 0 0 0 0 0 0 0 0 0 0 0 0 0 0 0 0 0 0 0 0 0 0 0 0 0 0 0 0 0 0 0 0 0 0 0 0 0 0 0 0 0 0 0 0 0 0 17 1 0 0 33 195 0 0 1 0 0 0 0 0 0 0 0 0 0 0 2 0 0 0 0 0 8 0 2 0 0 0 80 1 0 0 255 255 255 255 7 0 6 0 0 0 0 0 data 42 0x60007 0x0 0x40 0x1864 0xa0007 0x1864 0x130 0x0 0x150002 0x0 0x1a0005 0x0 0x0 0x0 0x0 0x0 0x1e0005 0x0 0x0 0x0 0x0 0x0 0x230005 0x0 0x0 0x0 0x0 0x0 0x2b0005 0x0 0x0 0x0 0x0 0x0 0x2e0005 0x0 0x0 0x0 0x0 0x0 0x310002 0x0 oops 0
ciMethod org/apache/tomcat/util/bcel/classfile/Annotations <init> (Ljava/io/DataInput;Lorg/apache/tomcat/util/bcel/classfile/ConstantPool;)V 81 81 91 0 0
ciMethodData org/apache/tomcat/util/bcel/classfile/ConstantPool <init> (Ljava/io/DataInput;)V 2 70380 orig 264 72 34 172 95 0 0 0 0 24 120 198 26 0 0 0 0 152 2 0 0 48 1 0 0 0 0 0 0 0 0 0 0 0 0 0 0 0 0 0 0 0 0 0 0 0 0 0 0 0 0 0 0 0 0 0 0 0 0 0 0 0 0 0 0 0 0 0 0 0 0 0 0 0 0 0 0 0 0 0 0 77 68 79 32 101 120 116 114 97 32 100 97 116 97 32 108 111 99 107 0 0 0 0 0 0 0 0 0 0 0 0 0 0 0 0 0 0 0 0 0 0 0 0 0 0 0 0 0 0 0 0 0 0 0 0 0 0 0 0 0 0 0 0 0 0 0 0 0 0 0 0 0 0 0 0 0 0 0 0 0 0 0 0 0 0 0 0 0 0 0 0 0 0 0 0 0 0 0 0 0 0 0 0 0 0 0 0 0 0 0 0 0 0 0 0 0 0 0 0 0 0 0 0 0 0 0 0 0 0 0 0 0 0 0 0 0 0 36 0 0 73 15 0 0 97 119 7 0 0 0 0 0 0 0 0 0 2 0 0 0 1 0 14 0 2 0 0 0 72 1 0 0 255 255 255 255 2 0 1 0 0 0 0 0 data 41 0x10002 0x1e9 0x50005 0x0 0x17964a60 0x1e9 0x0 0x0 0x170007 0x1e9 0x108 0xee6a 0x200002 0xee6a 0x230104 0x0 0x1b4faa10 0x85f5 0x1b4faac0 0x1627 0x2a0007 0x51ac 0x90 0x9cbe 0x330005 0xe8 0x1b4faa10 0x85b0 0x1b4faac0 0x1626 0x3c0007 0x1 0x40 0x9cbd 0x420007 0x9ca7 0x20 0x16 0x4b0003 0xee6a 0xffffffffffffff10 oops 5 4 java/io/DataInputStream 16 org/apache/tomcat/util/bcel/classfile/ConstantUtf8 18 org/apache/tomcat/util/bcel/classfile/ConstantClass 26 org/apache/tomcat/util/bcel/classfile/ConstantUtf8 28 org/apache/tomcat/util/bcel/classfile/ConstantClass
ciMethodData org/apache/tomcat/util/bcel/classfile/Utility getClassName (Lorg/apache/tomcat/util/bcel/classfile/ConstantPool;I)Ljava/lang/String; 2 7291 orig 264 72 34 172 95 0 0 0 0 168 88 132 26 0 0 0 0 128 2 0 0 0 0 0 0 0 0 0 0 0 0 0 0 0 0 0 0 0 0 0 0 0 0 0 0 0 0 0 0 0 0 0 0 0 0 0 0 0 0 0 0 0 0 0 0 0 0 0 0 0 0 0 0 0 0 0 0 0 0 0 0 77 68 79 32 101 120 116 114 97 32 100 97 116 97 32 108 111 99 107 0 0 0 0 0 0 0 0 0 0 0 0 0 0 0 0 0 0 0 0 0 0 0 0 0 0 0 0 0 0 0 0 0 0 0 0 0 0 0 0 0 0 0 0 0 0 0 0 0 0 0 0 0 0 0 0 0 0 0 0 0 0 0 0 0 0 0 0 0 0 0 0 0 0 0 0 0 0 0 0 0 0 0 0 0 0 0 0 0 0 0 0 0 0 0 0 0 0 0 0 0 0 0 0 0 0 0 0 0 0 0 0 0 0 0 0 0 0 1 0 0 217 219 0 0 1 0 0 0 0 0 0 0 0 0 0 0 2 0 0 0 0 0 3 0 2 0 0 0 48 1 0 0 255 255 255 255 5 0 4 0 0 0 0 0 data 38 0x40005 0x0 0x19bdc5e0 0x1b7b 0x0 0x0 0x90004 0x0 0x1b4faac0 0x1b7b 0x0 0x0 0xc0005 0x8 0x1b4faac0 0x1b73 0x0 0x0 0x130005 0x0 0x19bdc5e0 0x1b7b 0x0 0x0 0x180004 0x0 0x1b4faa10 0x1b7b 0x0 0x0 0x1b0005 0x8 0x1b4faa10 0x1b73 0x0 0x0 0x220002 0x1b7b oops 6 2 org/apache/tomcat/util/bcel/classfile/ConstantPool 8 org/apache/tomcat/util/bcel/classfile/ConstantClass 14 org/apache/tomcat/util/bcel/classfile/ConstantClass 20 org/apache/tomcat/util/bcel/classfile/ConstantPool 26 org/apache/tomcat/util/bcel/classfile/ConstantUtf8 32 org/apache/tomcat/util/bcel/classfile/ConstantUtf8
ciMethodData org/apache/tomcat/util/bcel/classfile/Utility compactClassName (Ljava/lang/String;)Ljava/lang/String; 2 7291 orig 264 72 34 172 95 0 0 0 0 176 87 132 26 0 0 0 0 120 1 0 0 0 0 0 0 0 0 0 0 0 0 0 0 0 0 0 0 0 0 0 0 0 0 0 0 0 0 0 0 0 0 0 0 0 0 0 0 0 0 0 0 0 0 0 0 0 0 0 0 0 0 0 0 0 0 0 0 0 0 0 0 77 68 79 32 101 120 116 114 97 32 100 97 116 97 32 108 111 99 107 0 0 0 0 0 0 0 0 0 0 0 0 0 0 0 0 0 0 0 0 0 0 0 0 0 0 0 0 0 0 0 0 0 0 0 0 0 0 0 0 0 0 0 0 0 0 0 0 0 0 0 0 0 0 0 0 0 0 0 0 0 0 0 0 0 0 0 0 0 0 0 0 0 0 0 0 0 0 0 0 0 0 0 0 0 0 0 0 0 0 0 0 0 0 0 0 0 0 0 0 0 0 0 0 0 0 0 0 0 0 0 0 0 0 0 0 0 3 1 0 0 193 219 0 0 1 0 0 0 0 0 0 0 0 0 0 0 2 0 0 0 0 0 3 0 2 0 0 0 48 0 0 0 255 255 255 255 5 0 5 0 0 0 0 0 data 6 0x50005 0x5 0x33b9f90 0x1b73 0x0 0x0 oops 1 2 java/lang/String
ciMethodData org/apache/catalina/startup/ContextConfig populateJavaClassCache (Ljava/lang/String;)V 2 5376 orig 264 72 34 172 95 0 0 0 0 80 94 12 24 0 0 0 0 8 8 0 0 56 5 0 0 0 0 0 0 0 0 0 0 0 0 0 0 0 0 0 0 0 0 0 0 0 0 0 0 0 0 0 0 0 0 0 0 0 0 0 0 0 0 0 0 0 0 0 0 0 0 0 0 0 0 0 0 0 0 0 0 77 68 79 32 101 120 116 114 97 32 100 97 116 97 32 108 111 99 107 0 0 0 0 0 0 0 0 0 0 0 0 0 0 0 0 0 0 0 0 0 0 0 0 0 0 0 0 0 0 0 0 0 0 0 0 0 0 0 0 0 0 0 0 0 0 0 0 0 0 0 0 0 0 0 0 0 0 0 0 0 0 0 0 0 0 0 0 0 0 0 0 0 0 0 0 0 0 0 0 0 0 0 0 0 0 0 0 0 0 0 0 0 0 0 0 0 0 0 0 0 0 0 0 0 0 0 0 0 0 0 0 0 0 0 0 0 0 1 0 0 1 160 0 0 1 0 0 0 0 0 0 0 0 0 0 0 2 0 0 0 0 0 31 0 2 0 0 0 184 6 0 0 255 255 255 255 5 0 5 0 0 0 0 0 data 215 0x50005 0x0 0x18419300 0x13ff 0x0 0x0 0xa0007 0x1123 0x688 0x2dc 0x110002 0x2dc 0x190005 0x1 0x33b9f90 0x2db 0x0 0x0 0x1c0005 0x1 0x15a23050 0x2db 0x0 0x0 0x220005 0x1 0x15a23050 0x2db 0x0 0x0 0x250005 0x1 0x15a23050 0x2db 0x0 0x0 0x2d0005 0x0 0x184193b0 0x2dc 0x0 0x0 0x320005 0x0 0x18419460 0x2dc 0x0 0x0 0x380005 0x0 0x18419510 0x2dc 0x0 0x0 0x400007 0x2ba 0x120 0x22 0x440007 0x22 0x100 0x0 0x490007 0x0 0xb0 0x0 0x4d0005 0x0 0x0 0x0 0x0 0x0 0x500003 0x0 0x90 0x590005 0x0 0x0 0x0 0x0 0x0 0x5c0003 0x0 0x48 0x600005 0x0 0x0 0x0 0x0 0x0 0x690002 0x2ba 0x700005 0x1 0x184195c0 0x2b9 0x0 0x0 0x780005 0x0 0x18419670 0x2ba 0x0 0x0 0x7d0002 0x2ba 0x810007 0x0 0x218 0x2ba 0x860007 0x2ba 0xb0 0x0 0x8a0005 0x0 0x0 0x0 0x0 0x0 0x8d0003 0x0 0x1a8 0x960005 0x0 0x0 0x0 0x0 0x0 0x990003 0x0 0x160 0x9d0005 0x0 0x18419720 0x2ba 0x0 0x0 0xa00003 0x2ba 0x118 0xaf0007 0x0 0x100 0x0 0xb40007 0x0 0xb0 0x0 0xb80005 0x0 0x0 0x0 0x0 0x0 0xbb0003 0x0 0x90 0xc40005 0x0 0x0 0x0 0x0 0x0 0xc70003 0x0 0x48 0xcb0005 0x0 0x0 0x0 0x0 0x0 0xd10003 0x2ba 0x150 0xe50004 0x0 0x0 0x0 0x0 0x0 0xe60005 0x0 0x0 0x0 0x0 0x0 0xea0005 0x0 0x0 0x0 0x0 0x0 0xef0003 0x0 0xa8 0x1030004 0x0 0x0 0x0 0x0 0x0 0x1040005 0x0 0x0 0x0 0x0 0x0 0x1080005 0x0 0x0 0x0 0x0 0x0 oops 11 2 java/util/HashMap 14 java/lang/String 20 java/lang/StringBuilder 26 java/lang/StringBuilder 32 java/lang/StringBuilder 38 org/apache/catalina/core/StandardContext 44 org/apache/catalina/loader/WebappLoader 50 org/akhikhl/gretty/TomcatEmbeddedWebappClassLoader 94 org/apache/tomcat/util/bcel/classfile/ClassParser 100 org/apache/tomcat/util/bcel/classfile/JavaClass 134 sun/net/www/protocol/jar/JarURLConnection$JarURLInputStream
ciMethodData org/apache/catalina/core/StandardContext getLoader ()Lorg/apache/catalina/Loader; 1 823 orig 264 72 34 172 95 0 0 0 0 160 104 32 24 0 0 0 0 8 2 0 0 0 0 0 0 0 0 0 0 0 0 0 0 0 0 0 0 0 0 0 0 0 0 0 0 0 0 0 0 0 0 0 0 0 0 0 0 0 0 0 0 0 0 0 0 0 0 0 0 0 0 0 0 0 0 0 0 0 0 0 0 77 68 79 32 101 120 116 114 97 32 100 97 116 97 32 108 111 99 107 0 0 0 0 0 0 0 0 0 0 0 0 0 0 0 0 0 0 0 0 0 0 0 0 0 0 0 0 0 0 0 0 0 0 0 0 0 0 0 0 0 0 0 0 0 0 0 0 0 0 0 0 0 0 0 0 0 0 0 0 0 0 0 0 0 0 0 0 0 0 0 0 0 0 0 0 0 0 0 0 0 0 0 0 0 0 0 0 0 0 0 0 0 0 0 0 0 0 0 0 0 0 0 0 0 0 0 0 0 0 0 0 0 0 0 0 0 91 0 0 0 225 22 0 0 1 0 0 0 0 0 0 0 0 0 0 0 2 0 0 0 0 0 19 0 2 0 0 0 192 0 0 0 255 255 255 255 5 0 4 0 0 0 0 0 data 24 0x40005 0x0 0x19ca1350 0x2dc 0x0 0x0 0xb0005 0x0 0x19ca1400 0x2dc 0x0 0x0 0x160005 0x0 0x19ca1400 0x2dc 0x0 0x0 0x1f0005 0x0 0x0 0x0 0x0 0x0 oops 3 2 java/util/concurrent/locks/ReentrantReadWriteLock 8 java/util/concurrent/locks/ReentrantReadWriteLock$ReadLock 14 java/util/concurrent/locks/ReentrantReadWriteLock$ReadLock
ciMethodData org/apache/catalina/loader/WebappClassLoaderBase getResourceAsStream (Ljava/lang/String;)Ljava/io/InputStream; 1 873 orig 264 72 34 172 95 0 0 0 0 128 17 195 26 0 0 0 0 104 10 0 0 104 8 0 0 0 0 0 0 0 0 0 0 0 0 0 0 0 0 0 0 0 0 0 0 0 0 0 0 0 0 0 0 0 0 0 0 0 0 0 0 0 0 0 0 0 0 0 0 0 0 0 0 0 0 0 0 0 0 0 0 77 68 79 32 101 120 116 114 97 32 100 97 116 97 32 108 111 99 107 0 0 0 0 0 0 0 0 0 0 0 0 0 0 0 0 0 0 0 0 0 0 0 0 0 0 0 0 0 0 0 0 0 0 0 0 0 0 0 0 0 0 0 0 0 0 0 0 0 0 0 0 0 0 0 0 0 0 0 0 0 0 0 0 0 0 0 0 0 0 0 0 0 0 0 0 0 0 0 0 0 0 0 0 0 0 0 0 0 0 0 0 0 0 0 0 0 0 0 0 0 0 0 0 0 0 0 0 0 0 0 0 0 0 0 0 0 81 0 0 0 193 24 0 0 1 0 0 0 0 0 0 0 0 0 0 0 2 0 0 0 0 0 65 0 2 0 0 0 24 9 0 0 255 255 255 255 5 0 3 0 0 0 0 0 data 291 0x30005 0x0 0x1841d9f0 0x318 0x0 0x0 0x80007 0x318 0x120 0x0 0x120002 0x0 0x170005 0x0 0x0 0x0 0x0 0x0 0x1b0005 0x0 0x0 0x0 0x0 0x0 0x200005 0x0 0x0 0x0 0x0 0x0 0x230005 0x0 0x0 0x0 0x0 0x0 0x260005 0x0 0x0 0x0 0x0 0x0 0x2d0005 0x0 0x18419510 0x318 0x0 0x0 0x340005 0x0 0x18419510 0x318 0x0 0x0 0x390007 0x318 0xa0 0x0 0x3f0005 0x0 0x0 0x0 0x0 0x0 0x440007 0x0 0x50 0x0 0x4c0005 0x0 0x0 0x0 0x0 0x0 0x570007 0x0 0x210 0x318 0x5d0005 0x0 0x1841d9f0 0x318 0x0 0x0 0x620007 0x318 0xf0 0x0 0x6c0002 0x0 0x710005 0x0 0x0 0x0 0x0 0x0 0x780005 0x0 0x0 0x0 0x0 0x0 0x7b0005 0x0 0x0 0x0 0x0 0x0 0x7e0005 0x0 0x0 0x0 0x0 0x0 0x880005 0x0 0x15a23340 0x318 0x0 0x0 0x8d0007 0x23 0xa0 0x2f4 0x930005 0x0 0x1841d9f0 0x2f4 0x0 0x0 0x980007 0x2f4 0x50 0x0 0xa00005 0x0 0x0 0x0 0x0 0x0 0xaa0005 0x0 0x1841d9f0 0x23 0x0 0x0 0xaf0007 0x23 0x50 0x0 0xb70005 0x0 0x0 0x0 0x0 0x0 0xbe0005 0x0 0x18419510 0x23 0x0 0x0 0xc30007 0x23 0x178 0x0 0xc90005 0x0 0x0 0x0 0x0 0x0 0xce0007 0x0 0x50 0x0 0xd60005 0x0 0x0 0x0 0x0 0x0 0xdd0005 0x0 0x0 0x0 0x0 0x0 0xe50007 0x0 0x70 0x0 0xe90007 0x0 0x50 0x0 0xed0005 0x0 0x0 0x0 0x0 0x0 0xf10003 0x0 0x18 0xf70007 0x0 0x20 0x0 0x1000007 0x23 0x210 0x0 0x1060005 0x0 0x0 0x0 0x0 0x0 0x10b0007 0x0 0xf0 0x0 0x1150002 0x0 0x11a0005 0x0 0x0 0x0 0x0 0x0 0x1210005 0x0 0x0 0x0 0x0 0x0 0x1240005 0x0 0x0 0x0 0x0 0x0 0x1270005 0x0 0x0 0x0 0x0 0x0 0x1310005 0x0 0x0 0x0 0x0 0x0 0x1360007 0x0 0xa0 0x0 0x13c0005 0x0 0x0 0x0 0x0 0x0 0x1410007 0x0 0x50 0x0 0x1490005 0x0 0x0 0x0 0x0 0x0 0x1530005 0x0 0x1841d9f0 0x23 0x0 0x0 0x1580007 0x23 0x50 0x0 0x1600005 0x0 0x0 0x0 0x0 0x0 oops 9 2 org/apache/juli/logging/impl/Log4JLogger 44 org/akhikhl/gretty/TomcatEmbeddedWebappClassLoader 50 org/akhikhl/gretty/TomcatEmbeddedWebappClassLoader 80 org/apache/juli/logging/impl/Log4JLogger 116 java/net/URLClassLoader 126 org/apache/juli/logging/impl/Log4JLogger 142 org/apache/juli/logging/impl/Log4JLogger 158 org/akhikhl/gretty/TomcatEmbeddedWebappClassLoader 277 org/apache/juli/logging/impl/Log4JLogger
ciMethodData org/apache/tomcat/util/bcel/classfile/ClassParser <init> (Ljava/io/InputStream;)V 2 4221 orig 264 72 34 172 95 0 0 0 0 8 68 132 26 0 0 0 0 88 1 0 0 0 0 0 0 0 0 0 0 0 0 0 0 0 0 0 0 0 0 0 0 0 0 0 0 0 0 0 0 0 0 0 0 0 0 0 0 0 0 0 0 0 0 0 0 0 0 0 0 0 0 0 0 0 0 0 0 0 0 0 0 77 68 79 32 101 120 116 114 97 32 100 97 116 97 32 108 111 99 107 0 0 0 0 0 0 0 0 0 0 0 0 0 0 0 0 0 0 0 0 0 0 0 0 0 0 0 0 0 0 0 0 0 0 0 0 0 0 0 0 0 0 0 0 0 0 0 0 0 0 0 0 0 0 0 0 0 0 0 0 0 0 0 0 0 0 0 0 0 0 0 0 0 0 0 0 0 0 0 0 0 0 0 0 0 0 0 0 0 0 0 0 0 0 0 0 0 0 0 0 0 0 0 0 0 0 0 0 0 0 0 0 0 0 0 0 0 215 0 0 0 49 125 0 0 1 0 0 0 0 0 0 0 0 0 0 0 2 0 0 0 0 0 0 0 0 0 0 0 48 0 0 0 255 255 255 255 2 0 1 0 0 0 0 0 data 6 0x10002 0xfa6 0x110002 0xfa6 0x140002 0xfa6 oops 0
ciMethodData org/apache/tomcat/util/bcel/classfile/ClassParser parse ()Lorg/apache/tomcat/util/bcel/classfile/JavaClass; 2 4224 orig 264 72 34 172 95 0 0 0 0 240 68 132 26 0 0 0 0 176 1 0 0 80 0 0 0 0 0 0 0 0 0 0 0 0 0 0 0 0 0 0 0 0 0 0 0 0 0 0 0 0 0 0 0 0 0 0 0 0 0 0 0 0 0 0 0 0 0 0 0 0 0 0 0 0 0 0 0 0 0 0 0 77 68 79 32 101 120 116 114 97 32 100 97 116 97 32 108 111 99 107 0 0 0 0 0 0 0 0 0 0 0 0 0 0 0 0 0 0 0 0 0 0 0 0 0 0 0 0 0 0 0 0 0 0 0 0 0 0 0 0 0 0 0 0 0 0 0 0 0 0 0 0 0 0 0 0 0 0 0 0 0 0 0 0 0 0 0 0 0 0 0 0 0 0 0 0 0 0 0 0 0 0 0 0 0 0 0 0 0 0 0 0 0 0 0 0 0 0 0 0 0 0 0 0 0 0 0 0 0 0 0 0 0 0 0 0 0 215 0 0 0 73 125 0 0 1 0 0 0 0 0 0 0 0 0 0 0 2 0 0 0 2 0 18 0 2 0 0 0 144 0 0 0 255 255 255 255 2 0 1 0 0 0 0 0 data 18 0x10002 0xfa9 0x50002 0xfa8 0x90002 0xfa8 0xd0002 0xfa8 0x110002 0xfa8 0x150002 0xfa8 0x190002 0xfa8 0x1d0002 0xfa8 0x3c0002 0xfa8 oops 0
ciMethodData org/apache/catalina/startup/ContextConfig populateJavaClassCache (Ljava/lang/String;Lorg/apache/tomcat/util/bcel/classfile/JavaClass;)V 2 4285 orig 264 72 34 172 95 0 0 0 0 152 91 12 24 0 0 0 0 160 2 0 0 208 0 0 0 0 0 0 0 0 0 0 0 0 0 0 0 0 0 0 0 0 0 0 0 0 0 0 0 0 0 0 0 0 0 0 0 0 0 0 0 0 0 0 0 0 0 0 0 0 0 0 0 0 0 0 0 0 0 0 0 77 68 79 32 101 120 116 114 97 32 100 97 116 97 32 108 111 99 107 0 0 0 0 0 0 0 0 0 0 0 0 0 0 0 0 0 0 0 0 0 0 0 0 0 0 0 0 0 0 0 0 0 0 0 0 0 0 0 0 0 0 0 0 0 0 0 0 0 0 0 0 0 0 0 0 0 0 0 0 0 0 0 0 0 0 0 0 0 0 0 0 0 0 0 0 0 0 0 0 0 0 0 0 0 0 0 0 0 0 0 0 0 0 0 0 0 0 0 0 0 0 0 0 0 0 0 0 0 0 0 0 0 0 0 0 0 214 0 0 0 57 127 0 0 33 51 0 0 0 0 0 0 0 0 0 0 2 0 0 0 1 0 8 0 2 0 0 0 72 1 0 0 255 255 255 255 5 0 5 0 0 0 0 0 data 41 0x50005 0x0 0x18419300 0xfe7 0x0 0x0 0xa0007 0xe10 0x20 0x1d7 0x180002 0xe10 0x1b0005 0x0 0x18419300 0xe10 0x0 0x0 0x230005 0x0 0x18419670 0xe10 0x0 0x0 0x260002 0xe10 0x2a0005 0x0 0x18419670 0xe10 0x0 0x0 0x390007 0xe10 0x48 0x663 0x450002 0x663 0x4b0003 0x663 0xffffffffffffffd0 oops 4 2 java/util/HashMap 14 java/util/HashMap 20 org/apache/tomcat/util/bcel/classfile/JavaClass 28 org/apache/tomcat/util/bcel/classfile/JavaClass
ciMethodData org/apache/juli/logging/impl/Log4JLogger debug (Ljava/lang/Object;Ljava/lang/Throwable;)V 1 0 orig 264 72 34 172 95 0 0 0 0 40 1 85 26 0 0 0 0 184 1 0 0 0 0 0 0 0 0 0 0 0 0 0 0 0 0 0 0 0 0 0 0 0 0 0 0 0 0 0 0 0 0 0 0 0 0 0 0 0 0 0 0 0 0 0 0 0 0 0 0 0 0 0 0 0 0 0 0 0 0 0 0 77 68 79 32 101 120 116 114 97 32 100 97 116 97 32 108 111 99 107 0 0 0 0 0 0 0 0 0 0 0 0 0 0 0 0 0 0 0 0 0 0 0 0 0 0 0 0 0 0 0 0 0 0 0 0 0 0 0 0 0 0 0 0 0 0 0 0 0 0 0 0 0 0 0 0 0 0 0 0 0 0 0 0 0 0 0 0 0 0 0 0 0 0 0 0 0 0 0 0 0 0 0 0 0 0 0 0 0 0 0 0 0 0 0 0 0 0 0 0 0 0 0 0 0 0 0 0 0 0 0 0 0 0 0 0 0 0 0 0 0 1 0 0 0 1 0 0 0 0 0 0 0 0 0 0 0 2 0 0 0 0 0 0 0 0 0 0 0 96 0 0 0 255 255 255 255 5 0 1 0 0 0 0 0 data 12 0x10005 0x0 0x0 0x0 0x0 0x0 0xc0005 0x0 0x0 0x0 0x0 0x0 oops 0
ciMethodData org/apache/tomcat/util/bcel/classfile/ClassParser readMethods ()V 2 36681 orig 264 72 34 172 95 0 0 0 0 152 76 132 26 0 0 0 0 192 1 0 0 0 0 0 0 0 0 0 0 0 0 0 0 0 0 0 0 0 0 0 0 0 0 0 0 0 0 0 0 0 0 0 0 0 0 0 0 0 0 0 0 0 0 0 0 0 0 0 0 0 0 0 0 0 0 0 0 0 0 0 0 77 68 79 32 101 120 116 114 97 32 100 97 116 97 32 108 111 99 107 0 0 0 0 0 0 0 0 0 0 0 0 0 0 0 0 0 0 0 0 0 0 0 0 0 0 0 0 0 0 0 0 0 0 0 0 0 0 0 0 0 0 0 0 0 0 0 0 0 0 0 0 0 0 0 0 0 0 0 0 0 0 0 0 0 0 0 0 0 0 0 0 0 0 0 0 0 0 0 0 0 0 0 0 0 0 0 0 0 0 0 0 0 0 0 0 0 0 0 0 0 0 0 0 0 0 0 0 0 0 0 0 0 0 0 0 0 4 8 0 0 9 125 0 0 41 58 4 0 0 0 0 0 0 0 0 0 2 0 0 0 2 0 20 0 2 0 0 0 120 0 0 0 255 255 255 255 5 0 4 0 0 0 0 0 data 15 0x40005 0x0 0x17964a60 0xfa1 0x0 0x0 0xe0007 0xfa1 0x48 0x8745 0x150002 0x8745 0x1b0003 0x8745 0xffffffffffffffd0 oops 1 2 java/io/DataInputStream
ciMethodData org/apache/tomcat/util/bcel/classfile/ClassParser readVersion ()V 2 4224 orig 264 72 34 172 95 0 0 0 0 96 77 132 26 0 0 0 0 88 1 0 0 0 0 0 0 0 0 0 0 0 0 0 0 0 0 0 0 0 0 0 0 0 0 0 0 0 0 0 0 0 0 0 0 0 0 0 0 0 0 0 0 0 0 0 0 0 0 0 0 0 0 0 0 0 0 0 0 0 0 0 0 77 68 79 32 101 120 116 114 97 32 100 97 116 97 32 108 111 99 107 0 0 0 0 0 0 0 0 0 0 0 0 0 0 0 0 0 0 0 0 0 0 0 0 0 0 0 0 0 0 0 0 0 0 0 0 0 0 0 0 0 0 0 0 0 0 0 0 0 0 0 0 0 0 0 0 0 0 0 0 0 0 0 0 0 0 0 0 0 0 0 0 0 0 0 0 0 0 0 0 0 0 0 0 0 0 0 0 0 0 0 0 0 0 0 0 0 0 0 0 0 0 0 0 0 0 0 0 0 0 0 0 0 0 0 0 0 41 1 0 0 185 122 0 0 1 0 0 0 0 0 0 0 0 0 0 0 2 0 0 0 0 0 6 0 2 0 0 0 16 0 0 0 255 255 255 255 2 0 5 0 0 0 0 0 data 2 0x50002 0xf57 oops 0
ciMethodData org/apache/tomcat/util/bcel/classfile/ClassParser readID ()V 2 4224 orig 264 72 34 172 95 0 0 0 0 112 74 132 26 0 0 0 0 168 1 0 0 0 0 0 0 0 0 0 0 0 0 0 0 0 0 0 0 0 0 0 0 0 0 0 0 0 0 0 0 0 0 0 0 0 0 0 0 0 0 0 0 0 0 0 0 0 0 0 0 0 0 0 0 0 0 0 0 0 0 0 0 77 68 79 32 101 120 116 114 97 32 100 97 116 97 32 108 111 99 107 0 0 0 0 0 0 0 0 0 0 0 0 0 0 0 0 0 0 0 0 0 0 0 0 0 0 0 0 0 0 0 0 0 0 0 0 0 0 0 0 0 0 0 0 0 0 0 0 0 0 0 0 0 0 0 0 0 0 0 0 0 0 0 0 0 0 0 0 0 0 0 0 0 0 0 0 0 0 0 0 0 0 0 0 0 0 0 0 0 0 0 0 0 0 0 0 0 0 0 0 0 0 0 0 0 0 0 0 0 0 0 0 0 0 0 0 0 42 1 0 0 177 122 0 0 1 0 0 0 0 0 0 0 0 0 0 0 2 0 0 0 0 0 5 0 2 0 0 0 96 0 0 0 255 255 255 255 5 0 4 0 0 0 0 0 data 12 0x40005 0x0 0x17964a60 0xf56 0x0 0x0 0xb0007 0xf55 0x30 0x0 0x140002 0x0 oops 1 2 java/io/DataInputStream
ciMethodData org/apache/catalina/startup/ContextConfig$JavaClassCacheEntry <init> (Lorg/apache/tomcat/util/bcel/classfile/JavaClass;)V 2 3794 orig 264 72 34 172 95 0 0 0 0 160 52 198 26 0 0 0 0 192 1 0 0 0 0 0 0 0 0 0 0 0 0 0 0 0 0 0 0 0 0 0 0 0 0 0 0 0 0 0 0 0 0 0 0 0 0 0 0 0 0 0 0 0 0 0 0 0 0 0 0 0 0 0 0 0 0 0 0 0 0 0 0 77 68 79 32 101 120 116 114 97 32 100 97 116 97 32 108 111 99 107 0 0 0 0 0 0 0 0 0 0 0 0 0 0 0 0 0 0 0 0 0 0 0 0 0 0 0 0 0 0 0 0 0 0 0 0 0 0 0 0 0 0 0 0 0 0 0 0 0 0 0 0 0 0 0 0 0 0 0 0 0 0 0 0 0 0 0 0 0 0 0 0 0 0 0 0 0 0 0 0 0 0 0 0 0 0 0 0 0 0 0 0 0 0 0 0 0 0 0 0 0 0 0 0 0 0 0 0 0 0 0 0 0 0 0 0 0 38 1 0 0 97 109 0 0 1 0 0 0 0 0 0 0 0 0 0 0 2 0 0 0 0 0 0 0 0 0 0 0 112 0 0 0 255 255 255 255 2 0 1 0 0 0 0 0 data 14 0x10002 0xdac 0xb0005 0x0 0x18419670 0xdac 0x0 0x0 0x130005 0x0 0x18419670 0xdac 0x0 0x0 oops 2 4 org/apache/tomcat/util/bcel/classfile/JavaClass 10 org/apache/tomcat/util/bcel/classfile/JavaClass
ciMethodData org/apache/tomcat/util/bcel/classfile/ClassParser readConstantPool ()V 2 4231 orig 264 72 34 172 95 0 0 0 0 184 72 132 26 0 0 0 0 48 1 0 0 0 0 0 0 0 0 0 0 0 0 0 0 0 0 0 0 0 0 0 0 0 0 0 0 0 0 0 0 0 0 0 0 0 0 0 0 0 0 0 0 0 0 0 0 0 0 0 0 0 0 0 0 0 0 0 0 0 0 0 0 77 68 79 32 101 120 116 114 97 32 100 97 116 97 32 108 111 99 107 0 0 0 0 0 0 0 0 0 0 0 0 0 0 0 0 0 0 0 0 0 0 0 0 0 0 0 0 0 0 0 0 0 0 0 0 0 0 0 0 0 0 0 0 0 0 0 0 0 0 0 0 0 0 0 0 0 0 0 0 0 0 0 0 0 0 0 0 0 0 0 0 0 0 0 0 0 0 0 0 0 0 0 0 0 0 0 0 0 0 0 0 0 0 0 0 0 0 0 0 0 0 0 0 0 0 0 0 0 0 0 0 0 0 0 0 0 86 1 0 0 137 121 0 0 1 0 0 0 0 0 0 0 0 0 0 0 2 0 0 0 0 0 0 0 0 0 0 0 16 0 0 0 255 255 255 255 2 0 9 0 0 0 0 0 data 2 0x90002 0xf31 oops 0
ciMethodData org/apache/tomcat/util/bcel/classfile/ClassParser readClassInfo ()V 2 4237 orig 264 72 34 172 95 0 0 0 0 232 71 132 26 0 0 0 0 160 2 0 0 144 0 0 0 0 0 0 0 0 0 0 0 0 0 0 0 0 0 0 0 0 0 0 0 0 0 0 0 0 0 0 0 0 0 0 0 0 0 0 0 0 0 0 0 0 0 0 0 0 0 0 0 0 0 0 0 0 0 0 0 77 68 79 32 101 120 116 114 97 32 100 97 116 97 32 108 111 99 107 0 0 0 0 0 0 0 0 0 0 0 0 0 0 0 0 0 0 0 0 0 0 0 0 0 0 0 0 0 0 0 0 0 0 0 0 0 0 0 0 0 0 0 0 0 0 0 0 0 0 0 0 0 0 0 0 0 0 0 0 0 0 0 0 0 0 0 0 0 0 0 0 0 0 0 0 0 0 0 0 0 0 0 0 0 0 0 0 0 0 0 0 0 0 0 0 0 0 0 0 0 0 0 0 0 0 0 0 0 0 0 0 0 0 0 0 0 86 1 0 0 185 121 0 0 1 0 0 0 0 0 0 0 0 0 0 0 2 0 0 0 0 0 14 0 2 0 0 0 88 1 0 0 255 255 255 255 5 0 5 0 0 0 0 0 data 43 0x50005 0x0 0x17964a60 0xf37 0x0 0x0 0x150007 0xbed 0x20 0x34a 0x2c0007 0xa05 0x50 0x532 0x360007 0x532 0x30 0x0 0x3f0002 0x0 0x470005 0x0 0x17964a60 0xf37 0x0 0x0 0x530002 0xf37 0x5d0005 0x0 0x17964a60 0xf37 0x0 0x0 0x640007 0x0 0x48 0xf37 0x6d0002 0xf37 0x730003 0xf37 0x18 oops 3 2 java/io/DataInputStream 22 java/io/DataInputStream 30 java/io/DataInputStream
ciMethodData org/apache/tomcat/util/bcel/classfile/ClassParser readInterfaces ()V 2 4267 orig 264 72 34 172 95 0 0 0 0 160 75 132 26 0 0 0 0 88 2 0 0 48 0 0 0 0 0 0 0 0 0 0 0 0 0 0 0 0 0 0 0 0 0 0 0 0 0 0 0 0 0 0 0 0 0 0 0 0 0 0 0 0 0 0 0 0 0 0 0 0 0 0 0 0 0 0 0 0 0 0 0 77 68 79 32 101 120 116 114 97 32 100 97 116 97 32 108 111 99 107 0 0 0 0 0 0 0 0 0 0 0 0 0 0 0 0 0 0 0 0 0 0 0 0 0 0 0 0 0 0 0 0 0 0 0 0 0 0 0 0 0 0 0 0 0 0 0 0 0 0 0 0 0 0 0 0 0 0 0 0 0 0 0 0 0 0 0 0 0 0 0 0 0 0 0 0 0 0 0 0 0 0 0 0 0 0 0 0 0 0 0 0 0 0 0 0 0 0 0 0 0 0 0 0 0 0 0 0 0 0 0 0 0 0 0 0 0 86 1 0 0 169 122 0 0 97 56 0 0 0 0 0 0 0 0 0 0 2 0 0 0 1 0 9 0 2 0 0 0 16 1 0 0 255 255 255 255 5 0 4 0 0 0 0 0 data 34 0x40005 0x0 0x17964a60 0xf55 0x0 0x0 0xb0007 0x962 0xe0 0x5f3 0x1a0007 0x5f3 0xa8 0x70c 0x210005 0x0 0x17964a60 0x70c 0x0 0x0 0x310002 0x70c 0x340004 0x0 0x33b9f90 0x70c 0x0 0x0 0x380003 0x70c 0xffffffffffffff70 0x3b0003 0x5f3 0x18 oops 3 2 java/io/DataInputStream 16 java/io/DataInputStream 24 java/lang/String
ciMethodData org/apache/tomcat/util/bcel/classfile/ClassParser readFields ()V 2 10659 orig 264 72 34 172 95 0 0 0 0 152 73 132 26 0 0 0 0 192 1 0 0 80 0 0 0 0 0 0 0 0 0 0 0 0 0 0 0 0 0 0 0 0 0 0 0 0 0 0 0 0 0 0 0 0 0 0 0 0 0 0 0 0 0 0 0 0 0 0 0 0 0 0 0 0 0 0 0 0 0 0 0 77 68 79 32 101 120 116 114 97 32 100 97 116 97 32 108 111 99 107 0 0 0 0 0 0 0 0 0 0 0 0 0 0 0 0 0 0 0 0 0 0 0 0 0 0 0 0 0 0 0 0 0 0 0 0 0 0 0 0 0 0 0 0 0 0 0 0 0 0 0 0 0 0 0 0 0 0 0 0 0 0 0 0 0 0 0 0 0 0 0 0 0 0 0 0 0 0 0 0 0 0 0 0 0 0 0 0 0 0 0 0 0 0 0 0 0 0 0 0 0 0 0 0 0 0 0 0 0 0 0 0 0 0 0 0 0 21 2 0 0 41 123 0 0 113 60 1 0 0 0 0 0 0 0 0 0 2 0 0 0 0 0 0 0 0 0 0 0 120 0 0 0 255 255 255 255 5 0 4 0 0 0 0 0 data 15 0x40005 0x0 0x17964a60 0xf65 0x0 0x0 0xe0007 0xf65 0x48 0x278e 0x150002 0x278e 0x1b0003 0x278e 0xffffffffffffffd0 oops 1 2 java/io/DataInputStream
ciMethodData org/apache/tomcat/util/bcel/classfile/ClassParser readAttributes ()V 2 6810 orig 264 72 34 172 95 0 0 0 0 104 70 132 26 0 0 0 0 88 3 0 0 0 0 0 0 0 0 0 0 0 0 0 0 0 0 0 0 0 0 0 0 0 0 0 0 0 0 0 0 0 0 0 0 0 0 0 0 0 0 0 0 0 0 0 0 0 0 0 0 0 0 0 0 0 0 0 0 0 0 0 0 77 68 79 32 101 120 116 114 97 32 100 97 116 97 32 108 111 99 107 0 0 0 0 0 0 0 0 0 0 0 0 0 0 0 0 0 0 0 0 0 0 0 0 0 0 0 0 0 0 0 0 0 0 0 0 0 0 0 0 0 0 0 0 0 0 0 0 0 0 0 0 0 0 0 0 0 0 0 0 0 0 0 0 0 0 0 0 0 0 0 0 0 0 0 0 0 0 0 0 0 0 0 0 0 0 0 0 0 0 0 0 0 0 0 0 0 0 0 0 0 0 0 0 0 0 0 0 0 0 0 0 0 0 0 0 0 250 1 0 0 33 124 0 0 1 197 0 0 0 0 0 0 0 0 0 0 2 0 0 0 1 0 13 0 2 0 0 0 16 2 0 0 255 255 255 255 5 0 4 0 0 0 0 0 data 66 0x40005 0x0 0x17964a60 0xf84 0x0 0x0 0xe0007 0xf84 0x1e0 0x18a0 0x150005 0x0 0x17964a60 0x18a0 0x0 0x0 0x230005 0x0 0x19bdc5e0 0x18a0 0x0 0x0 0x260004 0x0 0x1b4faa10 0x18a0 0x0 0x0 0x2b0005 0xd5 0x1b4faa10 0x17cb 0x0 0x0 0x340005 0x0 0x17964a60 0x18a0 0x0 0x0 0x3f0005 0xd5 0x33b9f90 0x17cb 0x0 0x0 0x420007 0x1847 0x78 0x59 0x490007 0x59 0x30 0x0 0x520002 0x0 0x630002 0x59 0x690003 0x59 0x28 0x720002 0x1847 0x780003 0x18a0 0xfffffffffffffe38 oops 7 2 java/io/DataInputStream 12 java/io/DataInputStream 18 org/apache/tomcat/util/bcel/classfile/ConstantPool 24 org/apache/tomcat/util/bcel/classfile/ConstantUtf8 30 org/apache/tomcat/util/bcel/classfile/ConstantUtf8 36 java/io/DataInputStream 42 java/lang/String
ciMethodData org/apache/tomcat/util/bcel/classfile/JavaClass <init> (Ljava/lang/String;Ljava/lang/String;ILorg/apache/tomcat/util/bcel/classfile/ConstantPool;[Ljava/lang/String;Lorg/apache/tomcat/util/bcel/classfile/Annotations;)V 2 4338 orig 264 72 34 172 95 0 0 0 0 8 59 198 26 0 0 0 0 96 1 0 0 0 0 0 0 0 0 0 0 0 0 0 0 0 0 0 0 0 0 0 0 0 0 0 0 0 0 0 0 0 0 0 0 0 0 0 0 0 0 0 0 0 0 0 0 0 0 0 0 0 0 0 0 0 0 0 0 0 0 0 0 77 68 79 32 101 120 116 114 97 32 100 97 116 97 32 108 111 99 107 0 0 0 0 0 0 0 0 0 0 0 0 0 0 0 0 0 0 0 0 0 0 0 0 0 0 0 0 0 0 0 0 0 0 0 0 0 0 0 0 0 0 0 0 0 0 0 0 0 0 0 0 0 0 0 0 0 0 0 0 0 0 0 0 0 0 0 0 0 0 0 0 0 0 0 0 0 0 0 0 0 0 0 0 0 0 0 0 0 0 0 0 0 0 0 0 0 0 0 0 0 0 0 0 0 0 0 0 0 0 0 0 0 0 0 0 0 86 1 0 0 225 124 0 0 1 0 0 0 0 0 0 0 0 0 0 0 2 0 0 0 0 0 0 0 0 0 0 0 16 0 0 0 255 255 255 255 2 0 1 0 0 0 0 0 data 2 0x10002 0xf9c oops 0
ciMethodData java/io/BufferedInputStream <init> (Ljava/io/InputStream;I)V 2 4259 orig 264 72 34 172 95 0 0 0 0 24 0 24 21 0 0 0 0 112 1 0 0 0 0 0 0 0 0 0 0 0 0 0 0 0 0 0 0 0 0 0 0 0 0 0 0 0 0 0 0 0 0 0 0 0 0 0 0 0 0 0 0 0 0 0 0 0 0 0 0 0 0 0 0 0 0 0 0 0 0 0 0 77 68 79 32 101 120 116 114 97 32 100 97 116 97 32 108 111 99 107 0 0 0 0 0 0 0 0 0 0 0 0 0 0 0 0 0 0 0 0 0 0 0 0 0 0 0 0 0 0 0 0 0 0 0 0 0 0 0 0 0 0 0 0 0 0 0 0 0 0 0 0 0 0 0 0 0 0 0 0 0 0 0 0 0 0 0 0 0 0 0 0 0 0 0 0 0 0 0 0 0 0 0 0 0 0 0 0 0 0 0 0 0 0 0 0 0 0 0 0 0 0 0 0 0 0 0 0 0 0 0 0 0 0 0 0 0 251 0 0 0 65 125 0 0 1 0 0 0 0 0 0 0 0 0 0 0 2 0 0 0 0 0 5 0 2 0 0 0 64 0 0 0 255 255 255 255 2 0 2 0 0 0 0 0 data 8 0x20002 0xfa8 0xb0007 0xfa8 0x30 0x0 0x140002 0x0 oops 0
ciMethodData java/io/DataInputStream <init> (Ljava/io/InputStream;)V 2 4228 orig 264 72 34 172 95 0 0 0 0 144 61 47 21 0 0 0 0 56 1 0 0 0 0 0 0 0 0 0 0 0 0 0 0 0 0 0 0 0 0 0 0 0 0 0 0 0 0 0 0 0 0 0 0 0 0 0 0 0 0 0 0 0 0 0 0 0 0 0 0 0 0 0 0 0 0 0 0 0 0 0 0 77 68 79 32 101 120 116 114 97 32 100 97 116 97 32 108 111 99 107 0 0 0 0 0 0 0 0 0 0 0 0 0 0 0 0 0 0 0 0 0 0 0 0 0 0 0 0 0 0 0 0 0 0 0 0 0 0 0 0 0 0 0 0 0 0 0 0 0 0 0 0 0 0 0 0 0 0 0 0 0 0 0 0 0 0 0 0 0 0 0 0 0 0 0 0 0 0 0 0 0 0 0 0 0 0 0 0 0 0 0 0 0 0 0 0 0 0 0 0 0 0 0 0 0 0 0 0 0 0 0 0 0 0 0 0 0 220 0 0 0 65 125 0 0 1 0 0 0 0 0 0 0 0 0 0 0 2 0 0 0 0 0 0 0 0 0 0 0 16 0 0 0 255 255 255 255 2 0 2 0 0 0 0 0 data 2 0x20002 0xfa8 oops 0
ciMethodData java/lang/Throwable addSuppressed (Ljava/lang/Throwable;)V 1 0 orig 264 72 34 172 95 0 0 0 0 128 201 4 21 0 0 0 0 48 2 0 0 160 0 0 0 0 0 0 0 0 0 0 0 0 0 0 0 0 0 0 0 0 0 0 0 0 0 0 0 0 0 0 0 0 0 0 0 0 0 0 0 0 0 0 0 0 0 0 0 0 0 0 0 0 0 0 0 0 0 0 0 77 68 79 32 101 120 116 114 97 32 100 97 116 97 32 108 111 99 107 0 0 0 0 0 0 0 0 0 0 0 0 0 0 0 0 0 0 0 0 0 0 0 0 0 0 0 0 0 0 0 0 0 0 0 0 0 0 0 0 0 0 0 0 0 0 0 0 0 0 0 0 0 0 0 0 0 0 0 0 0 0 0 0 0 0 0 0 0 0 0 0 0 0 0 0 0 0 0 0 0 0 0 0 0 0 0 0 0 0 0 0 0 0 0 0 0 0 0 0 0 0 0 0 0 0 0 0 0 0 0 0 0 0 0 0 0 0 0 0 0 1 0 0 0 1 0 0 0 0 0 0 0 0 0 0 0 2 0 0 0 0 0 0 0 0 0 0 0 224 0 0 0 255 255 255 255 7 0 2 0 0 0 0 0 data 28 0x20007 0x0 0x30 0x0 0xc0002 0x0 0x110007 0x0 0x30 0x0 0x1a0002 0x0 0x220007 0x0 0x20 0x0 0x2d0007 0x0 0x30 0x0 0x360002 0x0 0x410005 0x0 0x0 0x0 0x0 0x0 oops 0
ciMethodData java/io/FilterInputStream close ()V 1 887 orig 264 72 34 172 95 0 0 0 0 152 16 24 21 0 0 0 0 120 1 0 0 0 0 0 0 0 0 0 0 0 0 0 0 0 0 0 0 0 0 0 0 0 0 0 0 0 0 0 0 0 0 0 0 0 0 0 0 0 0 0 0 0 0 0 0 0 0 0 0 0 0 0 0 0 0 0 0 0 0 0 0 77 68 79 32 101 120 116 114 97 32 100 97 116 97 32 108 111 99 107 0 0 0 0 0 0 0 0 0 0 0 0 0 0 0 0 0 0 0 0 0 0 0 0 0 0 0 0 0 0 0 0 0 0 0 0 0 0 0 0 0 0 0 0 0 0 0 0 0 0 0 0 0 0 0 0 0 0 0 0 0 0 0 0 0 0 0 0 0 0 0 0 0 0 0 0 0 0 0 0 0 0 0 0 0 0 0 0 0 0 0 0 0 0 0 0 0 0 0 0 0 0 0 0 0 0 0 0 0 0 0 0 0 0 0 0 0 0 1 0 0 185 19 0 0 1 0 0 0 0 0 0 0 0 0 0 0 2 0 0 0 0 0 3 0 2 0 0 0 48 0 0 0 255 255 255 255 5 0 4 0 0 0 0 0 data 6 0x40005 0x0 0x17e29f00 0x6f 0x17349730 0x208 oops 2 2 java/util/zip/ZipFile$ZipFileInputStream 4 java/util/zip/ZipFile$ZipFileInflaterInputStream
ciMethodData sun/net/www/protocol/jar/JarURLConnection$JarURLInputStream close ()V 1 884 orig 264 72 34 172 95 0 0 0 0 152 10 48 21 0 0 0 0 144 2 0 0 0 0 0 0 0 0 0 0 0 0 0 0 0 0 0 0 0 0 0 0 0 0 0 0 0 0 0 0 0 0 0 0 0 0 0 0 0 0 0 0 0 0 0 0 0 0 0 0 0 0 0 0 0 0 0 0 0 0 0 0 77 68 79 32 101 120 116 114 97 32 100 97 116 97 32 108 111 99 107 0 0 0 0 0 0 0 0 0 0 0 0 0 0 0 0 0 0 0 0 0 0 0 0 0 0 0 0 0 0 0 0 0 0 0 0 0 0 0 0 0 0 0 0 0 0 0 0 0 0 0 0 0 0 0 0 0 0 0 0 0 0 0 0 0 0 0 0 0 0 0 0 0 0 0 0 0 0 0 0 0 0 0 0 0 0 0 0 0 0 0 0 0 0 0 0 0 0 0 0 0 0 0 0 0 0 0 0 0 0 0 0 0 0 0 0 0 128 1 0 0 161 15 0 0 1 0 0 0 0 0 0 0 0 0 0 0 2 0 0 0 0 0 11 0 2 0 0 0 72 1 0 0 255 255 255 255 2 0 1 0 0 0 0 0 data 41 0x10002 0x1f4 0x80005 0x0 0x1733c890 0x1f4 0x0 0x0 0xb0007 0x1f4 0x108 0x0 0x120002 0x0 0x150005 0x0 0x0 0x0 0x0 0x0 0x180003 0x0 0xa8 0x200005 0x0 0x0 0x0 0x0 0x0 0x230007 0x0 0x60 0x0 0x2a0002 0x0 0x2d0005 0x0 0x0 0x0 0x0 0x0 oops 1 4 sun/net/www/protocol/jar/JarURLConnection
ciMethodData java/util/zip/InflaterInputStream skip (J)J 1 780 orig 264 72 34 172 95 0 0 0 0 208 239 39 21 0 0 0 0 104 2 0 0 64 0 0 0 0 0 0 0 0 0 0 0 0 0 0 0 0 0 0 0 0 0 0 0 0 0 0 0 0 0 0 0 0 0 0 0 0 0 0 0 0 0 0 0 0 0 0 0 0 0 0 0 0 0 0 0 0 0 0 0 77 68 79 32 101 120 116 114 97 32 100 97 116 97 32 108 111 99 107 0 0 0 0 0 0 0 0 0 0 0 0 0 0 0 0 0 0 0 0 0 0 0 0 0 0 0 0 0 0 0 0 0 0 0 0 0 0 0 0 0 0 0 0 0 0 0 0 0 0 0 0 0 0 0 0 0 0 0 0 0 0 0 0 0 0 0 0 0 0 0 0 0 0 0 0 0 0 0 0 0 0 0 0 0 0 0 0 0 0 0 0 0 0 0 0 0 0 0 0 0 0 0 0 0 0 0 0 0 0 0 0 0 0 0 0 0 24 1 0 0 129 13 0 0 161 15 0 0 0 0 0 0 0 0 0 0 2 0 0 0 1 0 21 0 2 0 0 0 16 1 0 0 255 255 255 255 7 0 3 0 0 0 0 0 data 34 0x30007 0x1b0 0x30 0x0 0xc0002 0x0 0x110002 0x1b0 0x180002 0x1b0 0x230007 0x1b0 0xc0 0x1f4 0x330007 0x1b1 0x20 0x43 0x450005 0x0 0x17349730 0x1f4 0x0 0x0 0x4d0007 0x1f4 0x38 0x0 0x550003 0x0 0x30 0x5f0003 0x1f4 0xffffffffffffff58 oops 1 20 java/util/zip/ZipFile$ZipFileInflaterInputStream
ciMethodData org/apache/tomcat/util/bcel/classfile/Annotations <init> (Ljava/io/DataInput;Lorg/apache/tomcat/util/bcel/classfile/ConstantPool;)V 1 176 orig 264 72 34 172 95 0 0 0 0 200 161 132 26 0 0 0 0 16 2 0 0 16 0 0 0 0 0 0 0 0 0 0 0 0 0 0 0 0 0 0 0 0 0 0 0 0 0 0 0 0 0 0 0 0 0 0 0 0 0 0 0 0 0 0 0 0 0 0 0 0 0 0 0 0 0 0 0 0 0 0 0 77 68 79 32 101 120 116 114 97 32 100 97 116 97 32 108 111 99 107 0 0 0 0 0 0 0 0 0 0 0 0 0 0 0 0 0 0 0 0 0 0 0 0 0 0 0 0 0 0 0 0 0 0 0 0 0 0 0 0 0 0 0 0 0 0 0 0 0 0 0 0 0 0 0 0 0 0 0 0 0 0 0 0 0 0 0 0 0 0 0 0 0 0 0 0 0 0 0 0 0 0 0 0 0 0 0 0 0 0 0 0 0 0 0 0 0 0 0 0 0 0 0 0 0 0 0 0 0 0 0 0 0 0 0 0 0 10 0 0 0 137 2 0 0 49 5 0 0 0 0 0 0 0 0 0 0 2 0 0 0 0 0 0 0 0 0 0 0 184 0 0 0 255 255 255 255 2 0 1 0 0 0 0 0 data 23 0x10002 0x51 0x50005 0x0 0x17964a60 0x51 0x0 0x0 0x190007 0x51 0x78 0xa6 0x280002 0xa6 0x2b0004 0x0 0x18d0b3f0 0xa6 0x0 0x0 0x2f0003 0xa6 0xffffffffffffffa0 oops 2 4 java/io/DataInputStream 16 org/apache/tomcat/util/bcel/classfile/AnnotationEntry
ciMethod org/apache/tomcat/util/bcel/classfile/ElementValuePair <init> (Ljava/io/DataInput;Lorg/apache/tomcat/util/bcel/classfile/ConstantPool;)V 1809 1 113 0 0
ciMethod org/apache/catalina/loader/WebappLoader getClassLoader ()Ljava/lang/ClassLoader; 809 1 92 0 0
ciMethod org/apache/catalina/loader/WebappClassLoaderBase findResource (Ljava/lang/String;)Ljava/net/URL; 17 1 36 0 -1
ciMethod org/apache/catalina/loader/WebappClassLoaderBase getResourceAsStream (Ljava/lang/String;)Ljava/io/InputStream; 649 1 812 0 -1
ciMethod org/apache/catalina/loader/WebappClassLoaderBase checkStateForResourceLoading (Ljava/lang/String;)V 1793 1 896 0 -1
ciMethod org/apache/catalina/loader/WebappClassLoaderBase findLoadedResource (Ljava/lang/String;)Ljava/io/InputStream; 1665 1 812 0 -1
ciMethod org/apache/tomcat/util/bcel/classfile/ClassFormatException <init> (Ljava/lang/String;)V 0 0 1 0 -1
ciMethod org/apache/catalina/startup/ContextConfig$JavaClassCacheEntry <init> (Lorg/apache/tomcat/util/bcel/classfile/JavaClass;)V 2353 1 3787 0 0
ciMethod org/apache/tomcat/util/bcel/classfile/JavaClass <init> (Ljava/lang/String;Ljava/lang/String;ILorg/apache/tomcat/util/bcel/classfile/ConstantPool;[Ljava/lang/String;Lorg/apache/tomcat/util/bcel/classfile/Annotations;)V 2737 1 4223 0 0
ciMethod org/apache/tomcat/util/bcel/classfile/JavaClass getClassName ()Ljava/lang/String; 1033 1 129 0 0
ciMethod org/apache/tomcat/util/bcel/classfile/JavaClass getInterfaceNames ()[Ljava/lang/String; 1073 1 134 0 0
ciMethod org/apache/tomcat/util/bcel/classfile/JavaClass getSuperclassName ()Ljava/lang/String; 1025 1 128 0 0
ciMethod org/apache/tomcat/util/bcel/classfile/ElementValue readElementValue (Ljava/io/DataInput;Lorg/apache/tomcat/util/bcel/classfile/ConstantPool;)Lorg/apache/tomcat/util/bcel/classfile/ElementValue; 2049 809 184 0 0
ciMethod org/apache/tomcat/util/bcel/classfile/AnnotationEntry <init> (Ljava/io/DataInput;Lorg/apache/tomcat/util/bcel/classfile/ConstantPool;)V 1913 1233 176 0 0
ciMethod org/apache/tomcat/util/bcel/classfile/EnumElementValue <init> (IILorg/apache/tomcat/util/bcel/classfile/ConstantPool;)V 1337 1 123 0 -1
ciMethod org/apache/tomcat/util/bcel/classfile/ClassElementValue <init> (IILorg/apache/tomcat/util/bcel/classfile/ConstantPool;)V 65 1 3 0 -1
ciMethod org/apache/tomcat/util/bcel/classfile/ArrayElementValue <init> (I[Lorg/apache/tomcat/util/bcel/classfile/ElementValue;Lorg/apache/tomcat/util/bcel/classfile/ConstantPool;)V 641 1 58 0 -1
ciMethod org/apache/tomcat/util/bcel/classfile/ConstantPool <init> (Ljava/io/DataInput;)V 833 73729 593 0 704
ciMethod org/apache/tomcat/util/bcel/classfile/ConstantPool getConstant (I)Lorg/apache/tomcat/util/bcel/classfile/Constant; 2185 1 6517 0 160
ciMethod org/apache/tomcat/util/bcel/classfile/ConstantPool getConstant (IB)Lorg/apache/tomcat/util/bcel/classfile/Constant; 2105 1 6517 0 256
ciMethodData org/apache/juli/logging/impl/Log4JLogger getLogger ()Lorg/apache/log4j/Logger; 2 7847 orig 264 72 34 172 95 0 0 0 0 24 8 85 26 0 0 0 0 176 1 0 0 64 0 0 0 0 0 0 0 0 0 0 0 0 0 0 0 0 0 0 0 0 0 0 0 0 0 0 0 0 0 0 0 0 0 0 0 0 0 0 0 0 0 0 0 0 0 0 0 0 0 0 0 0 0 0 0 0 0 0 0 77 68 79 32 101 120 116 114 97 32 100 97 116 97 32 108 111 99 107 0 0 0 0 0 0 0 0 0 0 0 0 0 0 0 0 0 0 0 0 0 0 0 0 0 0 0 0 0 0 0 0 0 0 0 0 0 0 0 0 0 0 0 0 0 0 0 0 0 0 0 0 0 0 0 0 0 0 0 0 0 0 0 0 0 0 0 0 0 0 0 0 0 0 0 0 0 0 0 0 0 0 0 0 0 17 0 0 0 0 0 0 0 0 0 0 0 0 0 0 0 0 0 0 0 0 0 0 0 0 0 0 0 0 0 0 0 8 1 0 0 249 236 0 0 1 0 0 0 0 0 0 0 0 0 0 0 2 0 0 0 0 0 13 0 2 0 0 0 104 0 0 0 255 255 255 255 7 0 6 0 0 0 0 0 data 13 0x60007 0x1d9b 0x68 0x4 0x130007 0x0 0x30 0x4 0x1b0002 0x4 0x250003 0x4 0x18 oops 0
instanceKlass com/sun/org/apache/xerces/internal/xs/datatypes/ObjectList
instanceKlass com/sun/org/apache/xerces/internal/impl/xs/AttributePSVImpl
instanceKlass com/sun/org/apache/xerces/internal/xs/AttributePSVI
instanceKlass com/sun/org/apache/xerces/internal/impl/dtd/models/CMStateSet
instanceKlass com/sun/org/apache/xerces/internal/impl/xs/models/XSDFACM
instanceKlass com/sun/org/apache/xerces/internal/impl/dtd/models/CMNode
instanceKlass com/sun/org/apache/xerces/internal/impl/xs/XSConstraints$1
instanceKlass com/sun/org/apache/xerces/internal/impl/xs/XSConstraints
instanceKlass com/sun/org/apache/xerces/internal/impl/dv/xs/XSSimpleTypeDecl$ValidationContextImpl
instanceKlass com/sun/org/apache/xerces/internal/xs/ShortList
instanceKlass com/sun/org/apache/xerces/internal/impl/xs/traversers/XSDAbstractTraverser$FacetInfo
instanceKlass com/sun/org/apache/xerces/internal/impl/xs/XSModelGroupImpl
instanceKlass com/sun/org/apache/xerces/internal/xs/XSModelGroup
instanceKlass com/sun/org/apache/xerces/internal/impl/xs/XSWildcardDecl
instanceKlass com/sun/org/apache/xerces/internal/xs/XSWildcard
instanceKlass com/sun/org/apache/xerces/internal/impl/xs/util/XSObjectListImpl$1
instanceKlass com/sun/org/apache/xerces/internal/xs/XSObjectList
instanceKlass com/sun/org/apache/xerces/internal/xs/datatypes/XSQName
instanceKlass com/sun/org/apache/xerces/internal/impl/xs/XSAttributeUseImpl
instanceKlass com/sun/org/apache/xerces/internal/xs/XSAttributeUse
instanceKlass com/sun/org/apache/xerces/internal/impl/xs/XSAttributeGroupDecl
instanceKlass com/sun/org/apache/xerces/internal/xs/XSAttributeGroupDefinition
instanceKlass com/sun/org/apache/xerces/internal/impl/xs/XSAnnotationImpl
instanceKlass com/sun/org/apache/xerces/internal/xs/XSAnnotation
instanceKlass com/sun/org/apache/xerces/internal/impl/xs/opti/NamedNodeMapImpl
instanceKlass com/sun/org/apache/xerces/internal/impl/xs/identity/IdentityConstraint
instanceKlass com/sun/org/apache/xerces/internal/xs/XSIDCDefinition
instanceKlass com/sun/org/apache/xerces/internal/impl/xs/traversers/XSDAbstractParticleTraverser$ParticleArray
instanceKlass com/sun/org/apache/xerces/internal/impl/xs/traversers/XSDAbstractTraverser
instanceKlass com/sun/org/apache/xerces/internal/impl/xs/traversers/Container
instanceKlass com/sun/org/apache/xerces/internal/impl/xs/traversers/OneAttr
instanceKlass com/sun/org/apache/xerces/internal/impl/xs/util/XInt
instanceKlass com/sun/org/apache/xerces/internal/impl/xs/util/XIntPool
instanceKlass com/sun/org/apache/xerces/internal/impl/xs/traversers/XSAttributeChecker
instanceKlass com/sun/org/apache/xerces/internal/util/DOMUtil
instanceKlass sun/net/www/http/KeepAliveEntry
instanceKlass sun/net/www/http/KeepAliveCache$1
instanceKlass com/sun/org/apache/xerces/internal/util/NamespaceSupport$Prefixes
instanceKlass com/sun/org/apache/xerces/internal/impl/xs/opti/DefaultNode
instanceKlass sun/net/www/http/KeepAliveStreamCleaner$2
instanceKlass sun/net/www/http/KeepAliveStreamCleaner$1
instanceKlass sun/net/www/http/Hurryable
instanceKlass sun/net/www/HeaderParser
instanceKlass sun/net/www/protocol/http/AuthCacheImpl
instanceKlass sun/net/www/protocol/http/AuthCache
instanceKlass sun/net/www/protocol/http/AuthCacheValue
instanceKlass sun/net/www/http/HttpCapture$1
instanceKlass sun/net/www/http/HttpCapture
instanceKlass sun/net/www/http/KeepAliveKey
instanceKlass sun/net/NetworkClient$1
instanceKlass sun/net/NetworkClient
instanceKlass sun/net/www/protocol/http/HttpURLConnection$7
instanceKlass java/net/ResponseCache
instanceKlass sun/net/www/protocol/http/HttpURLConnection$3
instanceKlass java/net/CookieHandler
instanceKlass sun/net/www/protocol/http/HttpURLConnection$2
instanceKlass java/util/logging/Logger$1
instanceKlass java/lang/invoke/LambdaForm$MH
instanceKlass sun/net/www/protocol/http/HttpURLConnection$$Lambda$1
instanceKlass java/lang/invoke/InfoFromMemberName
instanceKlass java/lang/invoke/MethodHandleInfo
instanceKlass java/security/AccessController$1
instanceKlass java/lang/invoke/AbstractValidatingLambdaMetafactory
instanceKlass java/lang/invoke/LambdaForm$BMH
instanceKlass java/lang/invoke/LambdaForm$BMH
instanceKlass java/lang/invoke/LambdaForm$BMH
